<?xml version="1.0" encoding="utf-8"?><testsuites name="pytest tests"><testsuite name="pytest" errors="0" failures="0" skipped="1" tests="17" time="44.152" timestamp="2026-03-25T15:59:02.800830+00:00" hostname="agent-env-c155da45-071a-464f-a330-3799d62654ca"><testcase classname="tests.test_admin_backend_fixes_207.TestHealthAndBasics" name="test_product_list_returns_200" time="3.500" /><testcase classname="tests.test_admin_backend_fixes_207.TestHealthAndBasics" name="test_product_list_excludes_archived_by_default" time="0.214" /><testcase classname="tests.test_admin_backend_fixes_207.TestHealthAndBasics" name="test_product_list_with_archived_status_filter" time="0.165" /><testcase classname="tests.test_admin_backend_fixes_207.TestArchiveProduct" name="test_archive_go_sty_product" time="0.994" /><testcase classname="tests.test_admin_backend_fixes_207.TestToggleActive" name="test_toggle_inactive_product_stays_in_list" time="0.971" /><testcase classname="tests.test_admin_backend_fixes_207.TestToggleActive" name="test_toggle_active_restores_visibility" time="0.738" /><testcase classname="tests.test_admin_backend_fixes_207.TestArchiveThenRestore" name="test_archive_then_toggle_active_restores" time="0.174"><skipped type="pytest.skip" message="No GO-STY test products available">/app/backend/tests/test_admin_backend_fixes_207.py:218: No GO-STY test products available</skipped></testcase><testcase classname="tests.test_admin_backend_fixes_207.TestAIImageGenerate" name="test_generate_image_requires_auth" time="0.149" /><testcase classname="tests.test_admin_backend_fixes_207.TestAIImageGenerate" name="test_generate_image_with_basic_auth_no_401" time="20.254" /><testcase classname="tests.test_admin_backend_fixes_207.TestAIImageGenerate" name="test_generate_image_basic_auth_via_requests_session" time="15.212" /><testcase classname="tests.test_admin_backend_fixes_207.TestServiceProductPricing" name="test_service_type_products_have_product_type_service" time="0.213" /><testcase classname="tests.test_admin_backend_fixes_207.TestServiceProductPricing" name="test_service_product_has_zero_or_no_price" time="0.191" /><testcase classname="tests.test_admin_backend_fixes_207.TestServiceBoxSave" name="test_get_service_list" time="0.127" /><testcase classname="tests.test_admin_backend_fixes_207.TestServiceBoxSave" name="test_create_and_update_service_with_pillar" time="0.551" /><testcase classname="tests.test_admin_backend_fixes_207.TestBundlesManager" name="test_get_bundles_list" time="0.127" /><testcase classname="tests.test_admin_backend_fixes_207.TestBundlesManager" name="test_get_celebrate_bundles" time="0.336" /><testcase classname="tests.test_admin_backend_fixes_207.TestProductStats" name="test_product_stats_200" time="0.134" /></testsuite></testsuites>