<?xml version="1.0" encoding="utf-8"?><testsuites name="pytest tests"><testsuite name="pytest" errors="2" failures="0" skipped="0" tests="7" time="159.394" timestamp="2026-03-10T14:23:28.186775+00:00" hostname="agent-env-afd9a52f-f22a-4f37-86dd-63172d604ac0"><testcase classname="backend.tests.test_advisory_page_features.TestAdvisoryFeatures" name="test_pets_api_returns_9_pets" time="60.197"><error message="failed on setup with &quot;AssertionError: Login failed: The preview environment is not responding. It may be starting up.&#10;  &#10;assert 502 == 200&#10; +  where 502 = &lt;Response [502]&gt;.status_code&quot;">backend/tests/test_advisory_page_features.py:28: in setup
    assert response.status_code == 200, f"Login failed: {response.text}"
E   AssertionError: Login failed: The preview environment is not responding. It may be starting up.
E     
E   assert 502 == 200
E    +  where 502 = &lt;Response [502]&gt;.status_code</error></testcase><testcase classname="backend.tests.test_advisory_page_features.TestAdvisoryFeatures" name="test_pets_have_photos" time="60.121"><error message="failed on setup with &quot;AssertionError: Login failed: The preview environment is not responding. It may be starting up.&#10;  &#10;assert 502 == 200&#10; +  where 502 = &lt;Response [502]&gt;.status_code&quot;">backend/tests/test_advisory_page_features.py:28: in setup
    assert response.status_code == 200, f"Login failed: {response.text}"
E   AssertionError: Login failed: The preview environment is not responding. It may be starting up.
E     
E   assert 502 == 200
E    +  where 502 = &lt;Response [502]&gt;.status_code</error></testcase><testcase classname="backend.tests.test_advisory_page_features.TestAdvisoryFeatures" name="test_advisory_ai_returns_contextual_answer" time="20.611" /><testcase classname="backend.tests.test_advisory_page_features.TestAdvisoryFeatures" name="test_advisory_products_endpoint" time="17.226" /><testcase classname="backend.tests.test_advisory_page_features.TestAdvisoryFeatures" name="test_advisory_bundles_endpoint" time="0.545" /><testcase classname="backend.tests.test_advisory_page_features.TestAdvisoryFeatures" name="test_mockup_generator_status" time="0.569" /><testcase classname="backend.tests.test_advisory_page_features.TestConciergeModal" name="test_concierge_whatsapp_number_configured" time="0.000" /></testsuite></testsuites>