<?xml version="1.0" encoding="utf-8"?><testsuites name="pytest tests"><testsuite name="pytest" errors="0" failures="0" skipped="0" tests="13" time="9.499" timestamp="2026-03-25T11:07:29.876662+00:00" hostname="agent-env-a7c71546-fe82-441f-a6a6-da3b5efa4807"><testcase classname="backend.tests.test_batch5_6_mobile.TestEmergencyWhatsAppEndpoint" name="test_emergency_whatsapp_returns_200" time="6.458" /><testcase classname="backend.tests.test_batch5_6_mobile.TestEmergencyWhatsAppEndpoint" name="test_emergency_whatsapp_with_full_payload" time="0.874" /><testcase classname="backend.tests.test_batch5_6_mobile.TestEmergencyWhatsAppEndpoint" name="test_emergency_whatsapp_empty_payload" time="0.827" /><testcase classname="backend.tests.test_batch5_6_mobile.TestMobilePillarAPIs" name="test_care_products_endpoint" time="0.120" /><testcase classname="backend.tests.test_batch5_6_mobile.TestMobilePillarAPIs" name="test_go_products_endpoint" time="0.116" /><testcase classname="backend.tests.test_batch5_6_mobile.TestMobilePillarAPIs" name="test_play_products_endpoint" time="0.115" /><testcase classname="backend.tests.test_batch5_6_mobile.TestMobilePillarAPIs" name="test_learn_products_endpoint" time="0.119" /><testcase classname="backend.tests.test_batch5_6_mobile.TestMobilePillarAPIs" name="test_paperwork_products_endpoint" time="0.120" /><testcase classname="backend.tests.test_batch5_6_mobile.TestMobilePillarAPIs" name="test_emergency_products_endpoint" time="0.123" /><testcase classname="backend.tests.test_batch5_6_mobile.TestMobilePillarAPIs" name="test_care_services_endpoint" time="0.125" /><testcase classname="backend.tests.test_batch5_6_mobile.TestMobilePillarAPIs" name="test_emergency_services_endpoint" time="0.102" /><testcase classname="backend.tests.test_batch5_6_mobile.TestMobilePillarAPIs" name="test_learn_sub_category_products" time="0.151" /><testcase classname="backend.tests.test_batch5_6_mobile.TestMobilePillarAPIs" name="test_paperwork_sub_category_products" time="0.163" /></testsuite></testsuites>