<?xml version="1.0" encoding="utf-8"?><testsuites name="pytest tests"><testsuite name="pytest" errors="0" failures="0" skipped="1" tests="25" time="9.818" timestamp="2026-03-14T12:10:49.401920+00:00" hostname="agent-env-6984f12c-79ff-4a11-857e-eecfee7ce86a"><testcase classname="backend.tests.test_birthday_box_admin_routes.TestListBirthdayBoxOrders" name="test_list_orders_returns_200" time="3.448" /><testcase classname="backend.tests.test_birthday_box_admin_routes.TestListBirthdayBoxOrders" name="test_list_orders_returns_28_orders" time="0.175" /><testcase classname="backend.tests.test_birthday_box_admin_routes.TestListBirthdayBoxOrders" name="test_list_orders_has_counts" time="0.155" /><testcase classname="backend.tests.test_birthday_box_admin_routes.TestListBirthdayBoxOrders" name="test_list_orders_new_count_is_correct" time="0.127" /><testcase classname="backend.tests.test_birthday_box_admin_routes.TestListBirthdayBoxOrders" name="test_list_orders_has_orders_array" time="0.126" /><testcase classname="backend.tests.test_birthday_box_admin_routes.TestListBirthdayBoxOrders" name="test_list_orders_have_required_fields" time="0.102" /><testcase classname="backend.tests.test_birthday_box_admin_routes.TestListBirthdayBoxOrders" name="test_list_orders_allergy_flag" time="0.115" /><testcase classname="backend.tests.test_birthday_box_admin_routes.TestListBirthdayBoxOrders" name="test_list_orders_status_filter" time="0.130" /><testcase classname="backend.tests.test_birthday_box_admin_routes.TestGetBirthdayBoxOrderDetail" name="test_get_order_detail_returns_200" time="0.211" /><testcase classname="backend.tests.test_birthday_box_admin_routes.TestGetBirthdayBoxOrderDetail" name="test_get_order_detail_has_slots" time="0.252" /><testcase classname="backend.tests.test_birthday_box_admin_routes.TestGetBirthdayBoxOrderDetail" name="test_get_order_detail_has_allergy_info" time="0.221" /><testcase classname="backend.tests.test_birthday_box_admin_routes.TestGetBirthdayBoxOrderDetail" name="test_get_order_detail_unknown_returns_404" time="0.208" /><testcase classname="backend.tests.test_birthday_box_admin_routes.TestGetBirthdayBoxOrderDetail" name="test_get_order_detail_has_ticket_id" time="0.239" /><testcase classname="backend.tests.test_birthday_box_admin_routes.TestStatusTransition" name="test_status_transition_to_in_progress" time="0.539" /><testcase classname="backend.tests.test_birthday_box_admin_routes.TestStatusTransition" name="test_status_transition_invalid_status" time="0.251" /><testcase classname="backend.tests.test_birthday_box_admin_routes.TestStatusTransition" name="test_status_transition_unknown_order" time="0.146" /><testcase classname="backend.tests.test_birthday_box_admin_routes.TestSlotAssembly" name="test_assemble_slot_1" time="0.218" /><testcase classname="backend.tests.test_birthday_box_admin_routes.TestSlotAssembly" name="test_assemble_and_unassemble_slot" time="0.367" /><testcase classname="backend.tests.test_birthday_box_admin_routes.TestSlotAssembly" name="test_assemble_all_6_slots" time="1.492" /><testcase classname="backend.tests.test_birthday_box_admin_routes.TestAddNote" name="test_add_note_returns_200" time="0.218" /><testcase classname="backend.tests.test_birthday_box_admin_routes.TestAddNote" name="test_add_note_persists_in_db" time="0.304" /><testcase classname="backend.tests.test_birthday_box_admin_routes.TestAddNote" name="test_add_note_unknown_order_returns_404" time="0.106" /><testcase classname="backend.tests.test_birthday_box_admin_routes.TestAllergyConfirm" name="test_allergy_confirm_returns_200" time="0.107"><skipped type="pytest.skip" message="No unconfirmed allergic order available">/app/backend/tests/test_birthday_box_admin_routes.py:380: No unconfirmed allergic order available</skipped></testcase><testcase classname="backend.tests.test_birthday_box_admin_routes.TestAllergyConfirm" name="test_allergy_confirm_persists_in_db" time="0.328" /><testcase classname="backend.tests.test_birthday_box_admin_routes.TestAllergyConfirm" name="test_allergy_confirm_unknown_order" time="0.105" /></testsuite></testsuites>