<?xml version="1.0" encoding="utf-8"?><testsuites name="pytest tests"><testsuite name="pytest" errors="0" failures="0" skipped="0" tests="16" time="7.003" timestamp="2026-03-14T10:26:26.032172+00:00" hostname="agent-env-5e75899f-aaf2-4937-8c9d-443790d036eb"><testcase classname="backend.tests.test_birthday_box_routes.TestBirthdayBoxPreview" name="test_preview_returns_200_for_mojo" time="4.640" /><testcase classname="backend.tests.test_birthday_box_routes.TestBirthdayBoxPreview" name="test_preview_has_required_fields" time="0.174" /><testcase classname="backend.tests.test_birthday_box_routes.TestBirthdayBoxPreview" name="test_preview_has_4_visible_and_2_hidden_slots" time="0.108" /><testcase classname="backend.tests.test_birthday_box_routes.TestBirthdayBoxPreview" name="test_preview_slot1_is_allergy_safe_cake" time="0.104" /><testcase classname="backend.tests.test_birthday_box_routes.TestBirthdayBoxPreview" name="test_preview_mojo_has_allergies" time="0.116" /><testcase classname="backend.tests.test_birthday_box_routes.TestBirthdayBoxPreview" name="test_preview_slot_structure" time="0.114" /><testcase classname="backend.tests.test_birthday_box_routes.TestBirthdayBoxPreview" name="test_preview_slot1_salmon_birthday_cake" time="0.101" /><testcase classname="backend.tests.test_birthday_box_routes.TestBirthdayBoxPreview" name="test_preview_returns_404_for_unknown_pet" time="0.133" /><testcase classname="backend.tests.test_birthday_box_routes.TestBirthdayBoxBuild" name="test_build_requires_allergy_confirmation" time="0.207" /><testcase classname="backend.tests.test_birthday_box_routes.TestBirthdayBoxBuild" name="test_build_succeeds_with_allergy_confirmed" time="0.222" /><testcase classname="backend.tests.test_birthday_box_routes.TestBirthdayBoxBuild" name="test_build_returns_order_id" time="0.244" /><testcase classname="backend.tests.test_birthday_box_routes.TestBirthdayBoxBuild" name="test_build_returns_404_for_unknown_pet" time="0.112" /><testcase classname="backend.tests.test_birthday_box_routes.TestBirthdayBoxBuild" name="test_build_without_allergy_confirmation_message_mentions_allergies" time="0.270" /><testcase classname="backend.tests.test_birthday_box_routes.TestBirthdayBoxFull" name="test_full_endpoint_returns_200" time="0.107" /><testcase classname="backend.tests.test_birthday_box_routes.TestBirthdayBoxFull" name="test_full_endpoint_has_all_slots" time="0.110" /><testcase classname="backend.tests.test_birthday_box_routes.TestBirthdayBoxFull" name="test_full_endpoint_has_currency_and_total_price" time="0.138" /></testsuite></testsuites>