<?xml version="1.0" encoding="utf-8"?><testsuites name="pytest tests"><testsuite name="pytest" errors="0" failures="0" skipped="0" tests="8" time="6.532" timestamp="2026-03-14T13:19:44.982788+00:00" hostname="agent-env-bdff794e-42ed-4812-97b8-03779680e565"><testcase classname="backend.tests.test_concierge_intake_endpoint.TestConciergeIntakeEndpoint" name="test_intake_basic_submission" time="4.632" /><testcase classname="backend.tests.test_concierge_intake_endpoint.TestConciergeIntakeEndpoint" name="test_intake_without_date_not_sure" time="0.212" /><testcase classname="backend.tests.test_concierge_intake_endpoint.TestConciergeIntakeEndpoint" name="test_intake_minimal_fields" time="0.119" /><testcase classname="backend.tests.test_concierge_intake_endpoint.TestConciergeIntakeEndpoint" name="test_intake_all_service_types" time="1.051" /><testcase classname="backend.tests.test_concierge_intake_endpoint.TestConciergeIntakeEndpoint" name="test_intake_empty_body" time="0.105" /><testcase classname="backend.tests.test_concierge_intake_endpoint.TestConciergeIntakeEndpoint" name="test_intake_response_structure" time="0.106" /><testcase classname="backend.tests.test_concierge_intake_endpoint.TestServiceBoxIllustrations" name="test_service_box_api_returns_celebrate_services" time="0.114" /><testcase classname="backend.tests.test_concierge_intake_endpoint.TestServiceBoxIllustrations" name="test_service_box_api_structure" time="0.109" /></testsuite></testsuites>