<?xml version="1.0" encoding="utf-8"?><testsuites name="pytest tests"><testsuite name="pytest" errors="0" failures="0" skipped="0" tests="14" time="7.380" timestamp="2026-03-14T10:46:43.147713+00:00" hostname="agent-env-5e75899f-aaf2-4937-8c9d-443790d036eb"><testcase classname="backend.tests.test_concierge_handoff.TestConciergeHandoffEndpoint" name="test_handoff_returns_200_with_allergy_confirmed" time="4.145" /><testcase classname="backend.tests.test_concierge_handoff.TestConciergeHandoffEndpoint" name="test_handoff_returns_success_true" time="0.220" /><testcase classname="backend.tests.test_concierge_handoff.TestConciergeHandoffEndpoint" name="test_handoff_returns_ticket_id_in_tkt_format" time="0.331" /><testcase classname="backend.tests.test_concierge_handoff.TestConciergeHandoffEndpoint" name="test_handoff_returns_request_id" time="0.504" /><testcase classname="backend.tests.test_concierge_handoff.TestConciergeHandoffEndpoint" name="test_handoff_returns_message" time="0.254" /><testcase classname="backend.tests.test_concierge_handoff.TestConciergeHandoffEndpoint" name="test_handoff_message_mentions_24_hours" time="0.236" /><testcase classname="backend.tests.test_concierge_handoff.TestConciergeHandoffAllergyCheck" name="test_handoff_fails_without_allergy_confirmation_for_mojo" time="0.208" /><testcase classname="backend.tests.test_concierge_handoff.TestConciergeHandoffAllergyCheck" name="test_handoff_allergy_error_has_message" time="0.258" /><testcase classname="backend.tests.test_concierge_handoff.TestConciergeHandoffAllergyCheck" name="test_handoff_default_allergy_confirmed_false" time="0.282" /><testcase classname="backend.tests.test_concierge_handoff.TestConciergeHandoffDatabaseRecords" name="test_handoff_creates_records_for_all_collections" time="0.201" /><testcase classname="backend.tests.test_concierge_handoff.TestConciergeHandoffDatabaseRecords" name="test_handoff_with_6_slots" time="0.212" /><testcase classname="backend.tests.test_concierge_handoff.TestConciergeHandoffDatabaseRecords" name="test_handoff_with_empty_slots" time="0.108" /><testcase classname="backend.tests.test_concierge_handoff.TestConciergeHandoffDatabaseRecords" name="test_handoff_without_user_email" time="0.209" /><testcase classname="backend.tests.test_concierge_handoff.TestConciergeHandoffDatabaseRecords" name="test_handoff_returns_404_for_unknown_pet" time="0.106" /></testsuite></testsuites>