<?xml version="1.0" encoding="utf-8"?><testsuites name="pytest tests"><testsuite name="pytest" errors="0" failures="0" skipped="0" tests="12" time="2.334" timestamp="2026-03-16T11:39:33.251160+00:00" hostname="agent-env-4d292762-af2e-4537-baa0-dd4f2021a432"><testcase classname="backend.tests.test_iteration_153_dine_mira_fixes.TestMiraPicksAPI" name="test_claude_picks_product_returns_200" time="0.328" /><testcase classname="backend.tests.test_iteration_153_dine_mira_fixes.TestMiraPicksAPI" name="test_claude_picks_service_returns_200" time="0.136" /><testcase classname="backend.tests.test_iteration_153_dine_mira_fixes.TestMiraPicksAPI" name="test_claude_picks_product_entity_type_filtering" time="0.156" /><testcase classname="backend.tests.test_iteration_153_dine_mira_fixes.TestMiraPicksAPI" name="test_claude_picks_pillar_filter_works" time="0.527" /><testcase classname="backend.tests.test_iteration_153_dine_mira_fixes.TestMiraPicksAPI" name="test_claude_picks_no_entity_filter_returns_all" time="0.223" /><testcase classname="backend.tests.test_iteration_153_dine_mira_fixes.TestMiraPicksAPI" name="test_claude_picks_invalid_pet_returns_empty" time="0.125" /><testcase classname="backend.tests.test_iteration_153_dine_mira_fixes.TestBundleGenerateImageEndpoint" name="test_generate_image_requires_admin_auth" time="0.104" /><testcase classname="backend.tests.test_iteration_153_dine_mira_fixes.TestBundleGenerateImageEndpoint" name="test_generate_image_with_admin_auth_non_existent_bundle" time="0.141" /><testcase classname="backend.tests.test_iteration_153_dine_mira_fixes.TestBundleGenerateImageEndpoint" name="test_generate_image_admin_login_works" time="0.102" /><testcase classname="backend.tests.test_iteration_153_dine_mira_fixes.TestProductGenerateImageEndpoint" name="test_product_generate_image_without_auth" time="0.119" /><testcase classname="backend.tests.test_iteration_153_dine_mira_fixes.TestDinePageIntegration" name="test_dine_pillar_products_api" time="0.126" /><testcase classname="backend.tests.test_iteration_153_dine_mira_fixes.TestDinePageIntegration" name="test_mira_routes_registered" time="0.161" /></testsuite></testsuites>