<?xml version="1.0" encoding="utf-8"?><testsuites name="pytest tests"><testsuite name="pytest" errors="0" failures="0" skipped="0" tests="12" time="5.477" timestamp="2026-03-15T14:33:59.680279+00:00" hostname="agent-env-cf7c1832-12b0-4c09-9912-6e88dda615f4"><testcase classname="backend.tests.test_dine_soul_page.TestQuickQuestionsAPI" name="test_quick_questions_dine_context_returns_questions_for_low_score_pet" time="4.616" /><testcase classname="backend.tests.test_dine_soul_page.TestQuickQuestionsAPI" name="test_quick_questions_dine_context_returns_correct_structure" time="0.084" /><testcase classname="backend.tests.test_dine_soul_page.TestQuickQuestionsAPI" name="test_quick_questions_with_full_score_pet_returns_empty" time="0.053" /><testcase classname="backend.tests.test_dine_soul_page.TestQuickQuestionsAPI" name="test_quick_questions_no_auth_works" time="0.055" /><testcase classname="backend.tests.test_dine_soul_page.TestQuickQuestionsAPI" name="test_quick_questions_context_dine_accepted" time="0.054" /><testcase classname="backend.tests.test_dine_soul_page.TestAnswerAPI" name="test_answer_submission_returns_scores" time="0.053" /><testcase classname="backend.tests.test_dine_soul_page.TestAnswerAPI" name="test_answer_submission_structure" time="0.056" /><testcase classname="backend.tests.test_dine_soul_page.TestAnswerAPI" name="test_answer_submission_works_without_auth" time="0.049" /><testcase classname="backend.tests.test_dine_soul_page.TestPetsWithFoodData" name="test_mojo_has_food_allergies" time="0.100" /><testcase classname="backend.tests.test_dine_soul_page.TestPetsWithFoodData" name="test_pets_api_returns_list" time="0.071" /><testcase classname="backend.tests.test_dine_soul_page.TestDinePageAPIs" name="test_pillar_products_dine_loads" time="0.107" /><testcase classname="backend.tests.test_dine_soul_page.TestDinePageAPIs" name="test_pet_soul_profile_accessible" time="0.068" /></testsuite></testsuites>