<?xml version="1.0" encoding="utf-8"?><testsuites name="pytest tests"><testsuite name="pytest" errors="0" failures="0" skipped="0" tests="9" time="6.417" timestamp="2026-03-20T12:20:06.432469+00:00" hostname="agent-env-e1e878a0-0187-4730-9e79-35dfb4a9f9c6"><testcase classname="backend.tests.test_intent_ticket_flow.TestServiceDeskTicketCreation" name="test_visit_intent_ticket_browse" time="5.004" /><testcase classname="backend.tests.test_intent_ticket_flow.TestServiceDeskTicketCreation" name="test_booking_intent_ticket_services" time="0.168" /><testcase classname="backend.tests.test_intent_ticket_flow.TestServiceDeskTicketCreation" name="test_emergency_urgent_ticket" time="0.123" /><testcase classname="backend.tests.test_intent_ticket_flow.TestServiceDeskTicketCreation" name="test_mira_chat_intent_ticket" time="0.155" /><testcase classname="backend.tests.test_intent_ticket_flow.TestServiceDeskTicketCreation" name="test_celebrate_view_ticket" time="0.119" /><testcase classname="backend.tests.test_intent_ticket_flow.TestTicketRetrieval" name="test_user_tickets_by_parent" time="0.152" /><testcase classname="backend.tests.test_intent_ticket_flow.TestTicketRetrieval" name="test_admin_can_see_tickets_queue" time="0.254" /><testcase classname="backend.tests.test_intent_ticket_flow.TestTicketRetrieval" name="test_single_ticket_fetch" time="0.254" /><testcase classname="backend.tests.test_intent_ticket_flow.TestAdminLogin" name="test_admin_login_succeeds" time="0.105" /></testsuite></testsuites>