<?xml version="1.0" encoding="utf-8"?><testsuites name="pytest tests"><testsuite name="pytest" errors="0" failures="0" skipped="0" tests="12" time="2.989" timestamp="2026-03-26T13:42:42.250135+00:00" hostname="agent-env-deb3d7ab-fbf9-47f5-9e4a-27e4ef0c08c6"><testcase classname="backend.tests.test_iteration_228_fixes.TestServiceBoxAPI" name="test_services_returns_is_active_field" time="0.229" /><testcase classname="backend.tests.test_iteration_228_fixes.TestServiceBoxAPI" name="test_services_pagination" time="0.222" /><testcase classname="backend.tests.test_iteration_228_fixes.TestServiceBoxAPI" name="test_services_filter_by_active" time="0.105" /><testcase classname="backend.tests.test_iteration_228_fixes.TestServiceBoxAPI" name="test_services_filter_by_pillar" time="0.106" /><testcase classname="backend.tests.test_iteration_228_fixes.TestServiceBoxAPI" name="test_services_total_count" time="0.143" /><testcase classname="backend.tests.test_iteration_228_fixes.TestServiceBoxAPI" name="test_services_search" time="0.143" /><testcase classname="backend.tests.test_iteration_228_fixes.TestServiceBoxAPI" name="test_services_stats_endpoint" time="0.169" /><testcase classname="backend.tests.test_iteration_228_fixes.TestServiceBoxAPI" name="test_service_toggle_endpoint" time="0.325" /><testcase classname="backend.tests.test_iteration_228_fixes.TestShopBakeryAPI" name="test_bakery_services_exist" time="0.111" /><testcase classname="backend.tests.test_iteration_228_fixes.TestShopBakeryAPI" name="test_bakery_services_large_limit" time="0.158" /><testcase classname="backend.tests.test_iteration_228_fixes.TestConciergeIntakeAPI" name="test_concierge_request_endpoint_exists" time="0.504" /><testcase classname="backend.tests.test_iteration_228_fixes.TestPawrentJourneyAPI" name="test_pawrent_journey_progress_endpoint" time="0.686" /></testsuite></testsuites>