<?xml version="1.0" encoding="utf-8"?><testsuites name="pytest tests"><testsuite name="pytest" errors="0" failures="1" skipped="0" tests="22" time="35.356" timestamp="2026-03-21T04:31:37.129219+00:00" hostname="agent-env-e1e878a0-0187-4730-9e79-35dfb4a9f9c6"><testcase classname="backend.tests.test_12_checkpoints.TestLogin" name="test_user_login_success" time="15.497" /><testcase classname="backend.tests.test_12_checkpoints.TestLogin" name="test_user_has_pet" time="0.390" /><testcase classname="backend.tests.test_12_checkpoints.TestLogin" name="test_soul_score_present" time="0.055" /><testcase classname="backend.tests.test_12_checkpoints.TestMirasPicks" name="test_claude_picks_endpoint" time="0.057" /><testcase classname="backend.tests.test_12_checkpoints.TestMirasPicks" name="test_mira_score_status" time="0.056" /><testcase classname="backend.tests.test_12_checkpoints.TestBooking" name="test_book_via_concierge" time="0.056" /><testcase classname="backend.tests.test_12_checkpoints.TestBooking" name="test_booking_visible_in_admin_ticket_list" time="0.055" /><testcase classname="backend.tests.test_12_checkpoints.TestMyRequests" name="test_tickets_by_parent" time="0.061" /><testcase classname="backend.tests.test_12_checkpoints.TestMyRequests" name="test_my_requests_shows_booking" time="0.049" /><testcase classname="backend.tests.test_12_checkpoints.TestConciergeReply" name="test_concierge_reply_sets_unread" time="0.277" /><testcase classname="backend.tests.test_12_checkpoints.TestUnreadBadge" name="test_ticket_has_unread_flag" time="0.047" /><testcase classname="backend.tests.test_12_checkpoints.TestUnreadBadge" name="test_mark_reply_read" time="0.050" /><testcase classname="backend.tests.test_12_checkpoints.TestUnreadBadge" name="test_unread_flag_cleared" time="0.050" /><testcase classname="backend.tests.test_12_checkpoints.TestMiraChatIntent" name="test_route_intent_food_query" time="0.051" /><testcase classname="backend.tests.test_12_checkpoints.TestSoulScore" name="test_pet_soul_data" time="0.054" /><testcase classname="backend.tests.test_12_checkpoints.TestSoulScore" name="test_soul_score_endpoint" time="0.127" /><testcase classname="backend.tests.test_12_checkpoints.TestShopTabs" name="test_shop_celebrate_products" time="0.071" /><testcase classname="backend.tests.test_12_checkpoints.TestShopTabs" name="test_shop_care_products" time="0.073" /><testcase classname="backend.tests.test_12_checkpoints.TestFooter" name="test_footer_info_in_settings_or_config" time="0.093" /><testcase classname="backend.tests.test_12_checkpoints.TestAdminInbox" name="test_admin_login" time="0.046" /><testcase classname="backend.tests.test_12_checkpoints.TestAdminInbox" name="test_admin_service_desk_tickets" time="15.001"><failure message="requests.exceptions.ReadTimeout: HTTPSConnectionPool(host='intent-ticket-flow.preview.emergentagent.com', port=443): Read timed out. (read timeout=15)">/root/.venv/lib/python3.11/site-packages/urllib3/connectionpool.py:534: in _make_request
    response = conn.getresponse()
               ^^^^^^^^^^^^^^^^^^
/root/.venv/lib/python3.11/site-packages/urllib3/connection.py:571: in getresponse
    httplib_response = super().getresponse()
                       ^^^^^^^^^^^^^^^^^^^^^
/usr/local/lib/python3.11/http/client.py:1395: in getresponse
    response.begin()
/usr/local/lib/python3.11/http/client.py:325: in begin
    version, status, reason = self._read_status()
                              ^^^^^^^^^^^^^^^^^^^
/usr/local/lib/python3.11/http/client.py:286: in _read_status
    line = str(self.fp.readline(_MAXLINE + 1), "iso-8859-1")
               ^^^^^^^^^^^^^^^^^^^^^^^^^^^^^^
/usr/local/lib/python3.11/socket.py:718: in readinto
    return self._sock.recv_into(b)
           ^^^^^^^^^^^^^^^^^^^^^^^
/usr/local/lib/python3.11/ssl.py:1314: in recv_into
    return self.read(nbytes, buffer)
           ^^^^^^^^^^^^^^^^^^^^^^^^^
/usr/local/lib/python3.11/ssl.py:1166: in read
    return self._sslobj.read(len, buffer)
           ^^^^^^^^^^^^^^^^^^^^^^^^^^^^^^
E   TimeoutError: The read operation timed out

The above exception was the direct cause of the following exception:
/root/.venv/lib/python3.11/site-packages/requests/adapters.py:644: in send
    resp = conn.urlopen(
/root/.venv/lib/python3.11/site-packages/urllib3/connectionpool.py:841: in urlopen
    retries = retries.increment(
/root/.venv/lib/python3.11/site-packages/urllib3/util/retry.py:474: in increment
    raise reraise(type(error), error, _stacktrace)
          ^^^^^^^^^^^^^^^^^^^^^^^^^^^^^^^^^^^^^^^^
/root/.venv/lib/python3.11/site-packages/urllib3/util/util.py:39: in reraise
    raise value
/root/.venv/lib/python3.11/site-packages/urllib3/connectionpool.py:787: in urlopen
    response = self._make_request(
/root/.venv/lib/python3.11/site-packages/urllib3/connectionpool.py:536: in _make_request
    self._raise_timeout(err=e, url=url, timeout_value=read_timeout)
/root/.venv/lib/python3.11/site-packages/urllib3/connectionpool.py:367: in _raise_timeout
    raise ReadTimeoutError(
E   urllib3.exceptions.ReadTimeoutError: HTTPSConnectionPool(host='intent-ticket-flow.preview.emergentagent.com', port=443): Read timed out. (read timeout=15)

During handling of the above exception, another exception occurred:
backend/tests/test_12_checkpoints.py:504: in test_admin_service_desk_tickets
    resp = session.get(
/root/.venv/lib/python3.11/site-packages/requests/sessions.py:602: in get
    return self.request("GET", url, **kwargs)
           ^^^^^^^^^^^^^^^^^^^^^^^^^^^^^^^^^^
/root/.venv/lib/python3.11/site-packages/requests/sessions.py:589: in request
    resp = self.send(prep, **send_kwargs)
           ^^^^^^^^^^^^^^^^^^^^^^^^^^^^^^
/root/.venv/lib/python3.11/site-packages/requests/sessions.py:703: in send
    r = adapter.send(request, **kwargs)
        ^^^^^^^^^^^^^^^^^^^^^^^^^^^^^^^
/root/.venv/lib/python3.11/site-packages/requests/adapters.py:690: in send
    raise ReadTimeout(e, request=request)
E   requests.exceptions.ReadTimeout: HTTPSConnectionPool(host='intent-ticket-flow.preview.emergentagent.com', port=443): Read timed out. (read timeout=15)</failure></testcase><testcase classname="backend.tests.test_12_checkpoints.TestAdminInbox" name="test_booking_ticket_in_service_desk" time="2.939" /></testsuite></testsuites>