<?xml version="1.0" encoding="utf-8"?><testsuites name="pytest tests"><testsuite name="pytest" errors="0" failures="0" skipped="0" tests="27" time="43.902" timestamp="2026-03-26T11:47:15.871410+00:00" hostname="agent-env-deb3d7ab-fbf9-47f5-9e4a-27e4ef0c08c6"><testcase classname="backend.tests.test_iteration_225_sprint_fixes.TestAdminCleanupBrokenImages" name="test_cleanup_broken_images_returns_200" time="4.321" /><testcase classname="backend.tests.test_iteration_225_sprint_fixes.TestAdminCleanupBrokenImages" name="test_cleanup_broken_images_response_structure" time="0.131" /><testcase classname="backend.tests.test_iteration_225_sprint_fixes.TestAdminCleanupBrokenImages" name="test_cleanup_broken_images_cleaned_counts" time="0.134" /><testcase classname="backend.tests.test_iteration_225_sprint_fixes.TestAdminCleanupBrokenImages" name="test_cleanup_requires_admin_auth" time="0.160" /><testcase classname="backend.tests.test_iteration_225_sprint_fixes.TestAdminSyncImageFields" name="test_sync_image_fields_returns_200" time="0.122" /><testcase classname="backend.tests.test_iteration_225_sprint_fixes.TestAdminSyncImageFields" name="test_sync_image_fields_response_structure" time="0.128" /><testcase classname="backend.tests.test_iteration_225_sprint_fixes.TestAdminSyncImageFields" name="test_sync_requires_admin_auth" time="0.120" /><testcase classname="backend.tests.test_iteration_225_sprint_fixes.TestMiraPlanEndpoint" name="test_mira_plan_returns_200" time="3.684" /><testcase classname="backend.tests.test_iteration_225_sprint_fixes.TestMiraPlanEndpoint" name="test_mira_plan_returns_cards" time="3.866" /><testcase classname="backend.tests.test_iteration_225_sprint_fixes.TestMiraPlanEndpoint" name="test_mira_plan_returns_4_cards_for_mojo" time="3.541" /><testcase classname="backend.tests.test_iteration_225_sprint_fixes.TestMiraPlanEndpoint" name="test_mira_plan_card_structure" time="3.333" /><testcase classname="backend.tests.test_iteration_225_sprint_fixes.TestMiraPlanEndpoint" name="test_mira_plan_pet_info_in_response" time="3.245" /><testcase classname="backend.tests.test_iteration_225_sprint_fixes.TestMiraPlanEndpoint" name="test_mira_plan_without_pet_id" time="3.434" /><testcase classname="backend.tests.test_iteration_225_sprint_fixes.TestLifeStagePuppyFilter" name="test_mojo_pillar_products_no_puppy" time="0.569" /><testcase classname="backend.tests.test_iteration_225_sprint_fixes.TestLifeStagePuppyFilter" name="test_mojo_mira_claude_picks_no_puppy_products" time="0.144" /><testcase classname="backend.tests.test_iteration_225_sprint_fixes.TestBreedIsolation" name="test_mojo_claude_picks_no_labrador_products" time="0.196" /><testcase classname="backend.tests.test_iteration_225_sprint_fixes.TestServiceBoxAPIs" name="test_emergency_services_returns_200" time="0.096" /><testcase classname="backend.tests.test_iteration_225_sprint_fixes.TestServiceBoxAPIs" name="test_emergency_services_response_structure" time="0.109" /><testcase classname="backend.tests.test_iteration_225_sprint_fixes.TestServiceBoxAPIs" name="test_farewell_services_returns_200" time="0.161" /><testcase classname="backend.tests.test_iteration_225_sprint_fixes.TestServiceBoxAPIs" name="test_farewell_services_response_structure" time="0.098" /><testcase classname="backend.tests.test_iteration_225_sprint_fixes.TestServiceBoxAPIs" name="test_emergency_services_no_prices" time="0.109" /><testcase classname="backend.tests.test_iteration_225_sprint_fixes.TestServiceBoxAPIs" name="test_farewell_services_no_prices" time="0.166" /><testcase classname="backend.tests.test_iteration_225_sprint_fixes.TestAdminGenerateImage" name="test_generate_image_requires_prompt" time="0.118" /><testcase classname="backend.tests.test_iteration_225_sprint_fixes.TestAdminGenerateImage" name="test_generate_image_requires_admin_auth" time="0.100" /><testcase classname="backend.tests.test_iteration_225_sprint_fixes.TestAdminGenerateImage" name="test_generate_image_returns_url" time="15.384" /><testcase classname="backend.tests.test_iteration_225_sprint_fixes.TestProductsNoEmergentagentURLs" name="test_pillar_products_no_emergentagent_urls" time="0.200" /><testcase classname="backend.tests.test_iteration_225_sprint_fixes.TestProductsNoEmergentagentURLs" name="test_claude_picks_no_emergentagent_urls" time="0.121" /></testsuite></testsuites>