<?xml version="1.0" encoding="utf-8"?><testsuites name="pytest tests"><testsuite name="pytest" errors="0" failures="0" skipped="0" tests="12" time="3.375" timestamp="2026-03-16T12:04:12.515673+00:00" hostname="agent-env-4d292762-af2e-4537-baa0-dd4f2021a432"><testcase classname="backend.tests.test_iteration_154_dine_service_fixes.TestMiraClaudePicks" name="test_service_picks_endpoint_returns_200" time="1.315" /><testcase classname="backend.tests.test_iteration_154_dine_service_fixes.TestMiraClaudePicks" name="test_service_picks_have_entity_type" time="0.359" /><testcase classname="backend.tests.test_iteration_154_dine_service_fixes.TestMiraClaudePicks" name="test_service_picks_report_forbidden_image_urls" time="0.137" /><testcase classname="backend.tests.test_iteration_154_dine_service_fixes.TestMiraClaudePicks" name="test_product_picks_endpoint_returns_200" time="0.171" /><testcase classname="backend.tests.test_iteration_154_dine_service_fixes.TestServiceDeskTicket" name="test_create_ticket_success" time="0.141" /><testcase classname="backend.tests.test_iteration_154_dine_service_fixes.TestServiceDeskTicket" name="test_create_ticket_returns_ticket_id_format" time="0.154" /><testcase classname="backend.tests.test_iteration_154_dine_service_fixes.TestServiceDeskTicket" name="test_attach_to_existing_ticket" time="0.264" /><testcase classname="backend.tests.test_iteration_154_dine_service_fixes.TestServiceDeskTicket" name="test_ticket_missing_required_field_returns_error" time="0.141" /><testcase classname="backend.tests.test_iteration_154_dine_service_fixes.TestAdminEndpoints" name="test_admin_login_success" time="0.132" /><testcase classname="backend.tests.test_iteration_154_dine_service_fixes.TestAdminEndpoints" name="test_admin_verify_with_auth_header" time="0.138" /><testcase classname="backend.tests.test_iteration_154_dine_service_fixes.TestDinePageAPIs" name="test_dine_pillar_products_loads" time="0.142" /><testcase classname="backend.tests.test_iteration_154_dine_service_fixes.TestDinePageAPIs" name="test_dine_products_no_forbidden_image_urls" time="0.196" /></testsuite></testsuites>