<?xml version="1.0" encoding="utf-8"?><testsuites name="pytest tests"><testsuite name="pytest" errors="0" failures="0" skipped="0" tests="11" time="11.497" timestamp="2026-03-14T05:12:52.210076+00:00" hostname="agent-env-d25ee69d-448e-4684-a487-845860723046"><testcase classname="backend.tests.test_iteration_109_soul_cards_admin.TestAdminProductsEndpoint" name="test_admin_products_with_jwt_bearer" time="7.733" /><testcase classname="backend.tests.test_iteration_109_soul_cards_admin.TestAdminProductsEndpoint" name="test_admin_products_with_basic_auth" time="0.168" /><testcase classname="backend.tests.test_iteration_109_soul_cards_admin.TestAdminProductsEndpoint" name="test_admin_products_no_auth_fails" time="0.102" /><testcase classname="backend.tests.test_iteration_109_soul_cards_admin.TestAdminProductsEndpoint" name="test_admin_products_filter_by_party_accessories" time="0.145" /><testcase classname="backend.tests.test_iteration_109_soul_cards_admin.TestAdminProductsEndpoint" name="test_admin_products_contains_celebration_addons" time="0.126" /><testcase classname="backend.tests.test_iteration_109_soul_cards_admin.TestAdminProductsEndpoint" name="test_admin_products_large_limit" time="1.042" /><testcase classname="backend.tests.test_iteration_109_soul_cards_admin.TestAdminProductsEndpoint" name="test_admin_products_has_party_products" time="0.983" /><testcase classname="backend.tests.test_iteration_109_soul_cards_admin.TestSoulQuestionAPI" name="test_get_mojo_pet_id" time="0.581" /><testcase classname="backend.tests.test_iteration_109_soul_cards_admin.TestSoulQuestionAPI" name="test_soul_quick_questions_api" time="0.315" /><testcase classname="backend.tests.test_iteration_109_soul_cards_admin.TestAdminLogin" name="test_admin_login_returns_token" time="0.105" /><testcase classname="backend.tests.test_iteration_109_soul_cards_admin.TestAdminLogin" name="test_admin_login_wrong_password" time="0.108" /></testsuite></testsuites>