<?xml version="1.0" encoding="utf-8"?><testsuites name="pytest tests"><testsuite name="pytest" errors="0" failures="0" skipped="0" tests="11" time="84.648" timestamp="2026-03-03T03:18:54.551601+00:00" hostname="agent-env-6da54fce-c539-416b-a3b9-46707c1d4e7c"><testcase classname="tests.test_mira_soul_bible_audit.TestMiraSoulBibleAudit" name="test_allergy_awareness_chicken_treats_for_mojo" time="7.286" /><testcase classname="tests.test_mira_soul_bible_audit.TestMiraSoulBibleAudit" name="test_personality_uses_pet_name_not_breed" time="15.161" /><testcase classname="tests.test_mira_soul_bible_audit.TestMiraSoulBibleAudit" name="test_voice_no_banned_openers" time="8.999" /><testcase classname="tests.test_mira_soul_bible_audit.TestMiraSoulBibleAudit" name="test_converge_party_planning_quick_handoff" time="11.667" /><testcase classname="tests.test_mira_soul_bible_audit.TestMiraSoulBibleAudit" name="test_picks_suggestions_appear_as_cards" time="0.456" /><testcase classname="tests.test_mira_soul_bible_audit.TestMiraSoulBibleAudit" name="test_learning_saves_new_facts" time="7.564" /><testcase classname="tests.test_mira_soul_bible_audit.TestMiraSoulBibleAudit" name="test_pet_switching_context_changes" time="15.189" /><testcase classname="tests.test_mira_soul_bible_audit.TestMiraSoulBibleAudit" name="test_quick_replies_after_response" time="3.749" /><testcase classname="tests.test_mira_soul_bible_audit.TestMiraSoulBibleAudit" name="test_today_panel_reminders" time="0.511" /><testcase classname="tests.test_mira_soul_bible_audit.TestMiraSoulBibleAudit" name="test_concierge_handoff_trigger_words" time="7.844" /><testcase classname="tests.test_mira_soul_bible_audit.TestMiraVoiceRules" name="test_preferred_openers_used" time="6.140" /></testsuite></testsuites>