<?xml version="1.0" encoding="utf-8"?><testsuites name="pytest tests"><testsuite name="pytest" errors="0" failures="0" skipped="0" tests="11" time="18.369" timestamp="2026-02-26T02:11:44.411135+00:00" hostname="agent-env-06122d9d-56c8-4da7-a094-6d52460ce071"><testcase classname="backend.tests.test_mira_pure_os.TestMiraPureHealth" name="test_health_endpoint" time="2.240" /><testcase classname="backend.tests.test_mira_pure_os.TestMiraPurePets" name="test_get_pets_for_user" time="0.204" /><testcase classname="backend.tests.test_mira_pure_os.TestMiraPurePets" name="test_mojo_pet_soul_data" time="0.115" /><testcase classname="backend.tests.test_mira_pure_os.TestMiraPurePets" name="test_mojo_health_allergies" time="0.161" /><testcase classname="backend.tests.test_mira_pure_os.TestMiraPureChat" name="test_basic_chat" time="2.917" /><testcase classname="backend.tests.test_mira_pure_os.TestMiraPureChat" name="test_chat_creates_grooming_service" time="1.660" /><testcase classname="backend.tests.test_mira_pure_os.TestMiraPureChat" name="test_chat_with_pet_context" time="1.936" /><testcase classname="backend.tests.test_mira_pure_os.TestMiraPureChat" name="test_chat_respects_allergy" time="1.510" /><testcase classname="backend.tests.test_mira_pure_os.TestMiraPureServiceCreation" name="test_dog_walker_service_creation" time="2.523" /><testcase classname="backend.tests.test_mira_pure_os.TestMiraPureServiceCreation" name="test_birthday_party_service" time="1.463" /><testcase classname="backend.tests.test_mira_pure_os.TestMiraPureConversationHistory" name="test_conversation_maintains_context" time="3.561" /></testsuite></testsuites>