<?xml version="1.0" encoding="utf-8"?><testsuites name="pytest tests"><testsuite name="pytest" errors="0" failures="0" skipped="0" tests="17" time="41.548" timestamp="2026-02-21T17:36:30.520222+00:00" hostname="agent-env-9c5e587e-b79c-476e-a83c-9772ec7c7598"><testcase classname="backend.tests.test_mira_os_bible.TestMiraAuthentication" name="test_login_success" time="0.565" /><testcase classname="backend.tests.test_mira_os_bible.TestMiraOSUnderstandWithProducts" name="test_understand_with_products_basic" time="3.062" /><testcase classname="backend.tests.test_mira_os_bible.TestMiraOSUnderstandWithProducts" name="test_understand_with_pet_context" time="5.444" /><testcase classname="backend.tests.test_mira_os_bible.TestMiraOSUnderstandWithProducts" name="test_understand_personalized_message" time="3.142" /><testcase classname="backend.tests.test_mira_os_bible.TestPetVaultFromMira" name="test_pet_vault_vaccines_accessible" time="0.631" /><testcase classname="backend.tests.test_mira_os_bible.TestPetVaultFromMira" name="test_pet_vault_summary_accessible" time="0.121" /><testcase classname="backend.tests.test_mira_os_bible.TestSoulScore" name="test_pets_have_soul_scores" time="0.533" /><testcase classname="backend.tests.test_mira_os_bible.TestSoulScore" name="test_soul_score_completeness_api" time="0.338" /><testcase classname="backend.tests.test_mira_os_bible.TestPetSwitching" name="test_multiple_pets_available" time="0.520" /><testcase classname="backend.tests.test_mira_os_bible.TestPetSwitching" name="test_understand_with_different_pets" time="9.914" /><testcase classname="backend.tests.test_mira_os_bible.TestPillarPages" name="test_care_pillar_page_loads" time="0.127" /><testcase classname="backend.tests.test_mira_os_bible.TestPillarPages" name="test_celebrate_pillar_page_loads" time="0.121" /><testcase classname="backend.tests.test_mira_os_bible.TestPillarPages" name="test_mira_quick_prompts_api" time="0.502" /><testcase classname="backend.tests.test_mira_os_bible.TestBirthdayEngine" name="test_birthday_engine_upcoming" time="0.450" /><testcase classname="backend.tests.test_mira_os_bible.TestBirthdayEngine" name="test_celebrations_via_mira" time="12.685" /><testcase classname="backend.tests.test_mira_os_bible.TestMiraDemoPage" name="test_mira_demo_page_loads" time="0.152" /><testcase classname="backend.tests.test_mira_os_bible.TestMiraDemoPage" name="test_mira_chat_api_works" time="3.148" /></testsuite></testsuites>