<?xml version="1.0" encoding="utf-8"?><testsuites name="pytest tests"><testsuite name="pytest" errors="0" failures="0" skipped="0" tests="13" time="1.709" timestamp="2026-02-23T02:53:11.336483+00:00" hostname="agent-env-f94e518b-fbe2-4b5f-b984-e3832d9727a2"><testcase classname="tests.test_mira_concierge_picks.TestCuratedSetAPI" name="test_curated_set_returns_200" time="0.777" /><testcase classname="tests.test_mira_concierge_picks.TestCuratedSetAPI" name="test_curated_set_returns_correct_structure" time="0.066" /><testcase classname="tests.test_mira_concierge_picks.TestCuratedSetAPI" name="test_curated_set_returns_3_to_5_cards" time="0.063" /><testcase classname="tests.test_mira_concierge_picks.TestCuratedSetAPI" name="test_anxious_pet_gets_calm_why_for_pet" time="0.066" /><testcase classname="tests.test_mira_concierge_picks.TestCuratedSetAPI" name="test_cards_have_correct_type_labels" time="0.070" /><testcase classname="tests.test_mira_concierge_picks.TestCuratedSetAPI" name="test_cards_have_cta_action_create_ticket" time="0.060" /><testcase classname="tests.test_mira_concierge_picks.TestCuratedSetAPI" name="test_invalid_pillar_returns_400" time="0.055" /><testcase classname="tests.test_mira_concierge_picks.TestCuratedSetAPI" name="test_invalid_pet_returns_404" time="0.065" /><testcase classname="tests.test_mira_concierge_picks.TestConciergePickTicketAPI" name="test_create_ticket_returns_200" time="0.067" /><testcase classname="tests.test_mira_concierge_picks.TestConciergePickTicketAPI" name="test_create_ticket_with_service_card" time="0.062" /><testcase classname="tests.test_mira_concierge_picks.TestConciergePickTicketAPI" name="test_create_ticket_invalid_pet_returns_404" time="0.064" /><testcase classname="tests.test_mira_concierge_picks.TestConciergePickTicketAPI" name="test_create_ticket_unauthenticated_returns_401" time="0.119" /><testcase classname="tests.test_mira_concierge_picks.TestQuestionCard" name="test_question_card_has_microcopy_field" time="0.090" /></testsuite></testsuites>