<?xml version="1.0" encoding="utf-8"?><testsuites name="pytest tests"><testsuite name="pytest" errors="0" failures="0" skipped="0" tests="5" time="25.741" timestamp="2026-02-26T08:09:49.386214+00:00" hostname="agent-env-fde2630e-83bb-4909-93c7-0d1313e339bd"><testcase classname="backend.tests.test_party_suggestions.TestPartySuggestions" name="test_party_planning_conversation_returns_suggestions" time="2.569" /><testcase classname="backend.tests.test_party_suggestions.TestPartySuggestions" name="test_suggestion_cards_structure" time="4.308" /><testcase classname="backend.tests.test_party_suggestions.TestPartySuggestions" name="test_picks_contract_fallback_mode" time="7.615" /><testcase classname="backend.tests.test_party_suggestions.TestPartySuggestions" name="test_suggested_pillar_is_celebrate" time="8.498" /><testcase classname="backend.tests.test_party_suggestions.TestMiraResponseEmojis" name="test_response_contains_emoji_suggestions" time="2.683" /></testsuite></testsuites>