<?xml version="1.0" encoding="utf-8"?><testsuites name="pytest tests"><testsuite name="pytest" errors="0" failures="0" skipped="0" tests="14" time="5.820" timestamp="2026-03-08T02:34:41.041537+00:00" hostname="agent-env-fd2cd196-0a3d-47d4-aad2-69deee2a9f01"><testcase classname="backend.tests.test_pet_wrapped_features.TestInstagramStoryCard" name="test_instagram_story_card_returns_html" time="3.179" /><testcase classname="backend.tests.test_pet_wrapped_features.TestInstagramStoryCard" name="test_instagram_story_card_invalid_pet" time="0.110" /><testcase classname="backend.tests.test_pet_wrapped_features.TestShareAssets" name="test_share_assets_returns_urls" time="0.113" /><testcase classname="backend.tests.test_pet_wrapped_features.TestShareAssets" name="test_share_assets_invalid_pet" time="0.142" /><testcase classname="backend.tests.test_pet_wrapped_features.TestLogShare" name="test_log_instagram_share" time="0.112" /><testcase classname="backend.tests.test_pet_wrapped_features.TestLogShare" name="test_log_whatsapp_share" time="0.127" /><testcase classname="backend.tests.test_pet_wrapped_features.TestLogShare" name="test_log_share_default_platform" time="0.162" /><testcase classname="backend.tests.test_pet_wrapped_features.TestBirthdayWrappedTrigger" name="test_trigger_birthday_wrapped" time="0.134" /><testcase classname="backend.tests.test_pet_wrapped_features.TestBirthdayWrappedTrigger" name="test_trigger_birthday_invalid_pet" time="0.115" /><testcase classname="backend.tests.test_pet_wrapped_features.TestAnnualWrappedTrigger" name="test_trigger_annual_wrapped" time="0.126" /><testcase classname="backend.tests.test_pet_wrapped_features.TestAnnualWrappedTrigger" name="test_trigger_annual_with_custom_year" time="0.116" /><testcase classname="backend.tests.test_pet_wrapped_features.TestAnnualWrappedTrigger" name="test_trigger_annual_invalid_pet" time="0.111" /><testcase classname="backend.tests.test_pet_wrapped_features.TestWelcomeWrappedTrigger" name="test_trigger_welcome_wrapped" time="0.121" /><testcase classname="backend.tests.test_pet_wrapped_features.TestDeliveryStatus" name="test_get_delivery_status" time="1.045" /></testsuite></testsuites>