<?xml version="1.0" encoding="utf-8"?><testsuites name="pytest tests"><testsuite name="pytest" errors="0" failures="0" skipped="0" tests="15" time="4.140" timestamp="2026-03-18T17:40:42.987277+00:00" hostname="agent-env-d5e1cd72-99f3-4872-b4a1-e19bd3c54d3c"><testcase classname="backend.tests.test_play_page_fixes_iteration175.TestIssue1SoulPicksBreedFiltering" name="test_breed_play_bandanas_endpoint_exists" time="0.305" /><testcase classname="backend.tests.test_play_page_fixes_iteration175.TestIssue1SoulPicksBreedFiltering" name="test_breed_playdate_cards_endpoint_exists" time="0.158" /><testcase classname="backend.tests.test_play_page_fixes_iteration175.TestIssue1SoulPicksBreedFiltering" name="test_soul_picks_indie_breed_products_exist" time="0.408" /><testcase classname="backend.tests.test_play_page_fixes_iteration175.TestIssue1SoulPicksBreedFiltering" name="test_play_pillar_products_soul_category" time="0.152" /><testcase classname="backend.tests.test_play_page_fixes_iteration175.TestIssue1SoulPicksBreedFiltering" name="test_play_pillar_products_all_with_breed_tags" time="0.256" /><testcase classname="backend.tests.test_play_page_fixes_iteration175.TestIssue3BundlesFromDB" name="test_enjoy_bundles_api_exists" time="0.190" /><testcase classname="backend.tests.test_play_page_fixes_iteration175.TestIssue3BundlesFromDB" name="test_fit_bundles_api_exists" time="0.115" /><testcase classname="backend.tests.test_play_page_fixes_iteration175.TestIssue3BundlesFromDB" name="test_bundles_have_required_fields" time="0.301" /><testcase classname="backend.tests.test_play_page_fixes_iteration175.TestIssue3BundlesFromDB" name="test_total_bundles_count" time="0.282" /><testcase classname="backend.tests.test_play_page_fixes_iteration175.TestIssue5BundleGenerateImageEndpoint" name="test_generate_image_endpoint_requires_auth" time="0.157" /><testcase classname="backend.tests.test_play_page_fixes_iteration175.TestIssue5BundleGenerateImageEndpoint" name="test_generate_image_endpoint_returns_bundle_not_found_with_auth" time="0.255" /><testcase classname="backend.tests.test_play_page_fixes_iteration175.TestIssue5BundleGenerateImageEndpoint" name="test_generate_image_endpoint_not_method_not_found" time="0.155" /><testcase classname="backend.tests.test_play_page_fixes_iteration175.TestMiraPicksAndServicesAPI" name="test_mira_score_status_endpoint" time="0.681" /><testcase classname="backend.tests.test_play_page_fixes_iteration175.TestMiraPicksAndServicesAPI" name="test_play_services_endpoint" time="0.117" /><testcase classname="backend.tests.test_play_page_fixes_iteration175.TestMiraPicksAndServicesAPI" name="test_mira_claude_picks_endpoint" time="0.456" /></testsuite></testsuites>