<?xml version="1.0" encoding="utf-8"?><testsuites name="pytest tests"><testsuite name="pytest" errors="0" failures="0" skipped="0" tests="37" time="8.401" timestamp="2026-03-21T10:29:17.872639+00:00" hostname="agent-env-e1e878a0-0187-4730-9e79-35dfb4a9f9c6"><testcase classname="test_predeployment_audit.TestFlow1Login" name="test_user_login" time="0.380" /><testcase classname="test_predeployment_audit.TestFlow1Login" name="test_admin_login" time="0.048" /><testcase classname="test_predeployment_audit.TestFlow2PetHome" name="test_soul_score_fetch" time="0.453" /><testcase classname="test_predeployment_audit.TestFlow2PetHome" name="test_soul_score_chapters" time="0.063" /><testcase classname="test_predeployment_audit.TestFlow3CarePillar" name="test_care_services_available" time="0.050" /><testcase classname="test_predeployment_audit.TestFlow3CarePillar" name="test_care_concierge_ticket_creation" time="0.053" /><testcase classname="test_predeployment_audit.TestFlow4DinePillar" name="test_dine_concierge_ticket" time="0.049" /><testcase classname="test_predeployment_audit.TestFlow5GoPillar" name="test_go_nearme_ticket" time="0.048" /><testcase classname="test_predeployment_audit.TestFlow6PlayPillar" name="test_play_guided_path_ticket" time="0.090" /><testcase classname="test_predeployment_audit.TestFlow7LearnPillar" name="test_learn_cart_ticket" time="0.091" /><testcase classname="test_predeployment_audit.TestFlow8ShopPillar" name="test_shop_celebrate_products" time="0.064" /><testcase classname="test_predeployment_audit.TestFlow8ShopPillar" name="test_shop_care_products" time="0.068" /><testcase classname="test_predeployment_audit.TestFlow8ShopPillar" name="test_shop_play_products" time="0.066" /><testcase classname="test_predeployment_audit.TestFlow8ShopPillar" name="test_all_products_api" time="0.099" /><testcase classname="test_predeployment_audit.TestFlow9CelebratePillar" name="test_celebrate_concierge_intake" time="0.051" /><testcase classname="test_predeployment_audit.TestFlow10OccasionBox" name="test_occasion_box_ticket" time="0.051" /><testcase classname="test_predeployment_audit.TestFlow11ServicesPillar" name="test_services_api" time="0.048" /><testcase classname="test_predeployment_audit.TestFlow11ServicesPillar" name="test_services_concierge_ticket" time="0.048" /><testcase classname="test_predeployment_audit.TestFlow12EmergencyPillar" name="test_emergency_urgent_ticket" time="0.054" /><testcase classname="test_predeployment_audit.TestFlow13FarewellPillar" name="test_farewell_ticket" time="0.051" /><testcase classname="test_predeployment_audit.TestFlow14MiraOS" name="test_mira_os_chat" time="4.192" /><testcase classname="test_predeployment_audit.TestFlow15MiraChatWidget" name="test_mira_chat_ticket_creation" time="0.050" /><testcase classname="test_predeployment_audit.TestFlow16MyRequests" name="test_my_requests_loads" time="0.187" /><testcase classname="test_predeployment_audit.TestFlow16MyRequests" name="test_service_desk_tickets_by_parent" time="0.078" /><testcase classname="test_predeployment_audit.TestFlow17AdminInbox" name="test_admin_service_desk_tickets" time="0.112" /><testcase classname="test_predeployment_audit.TestFlow17AdminInbox" name="test_admin_inbox_has_mira_briefing" time="0.049" /><testcase classname="test_predeployment_audit.TestFlow18ConciergeReply" name="test_concierge_reply" time="0.048" /><testcase classname="test_predeployment_audit.TestFlow18ConciergeReply" name="test_mark_reply_read" time="0.049" /><testcase classname="test_predeployment_audit.TestFlow19MobileNav" name="test_mobile_nav_color_check" time="0.000" /><testcase classname="test_predeployment_audit.TestFlow20Footer" name="test_footer_content" time="0.000" /><testcase classname="test_predeployment_audit.TestFlow21NearMeAllPillars" name="test_nearme_ticket_care" time="0.096" /><testcase classname="test_predeployment_audit.TestFlow21NearMeAllPillars" name="test_nearme_ticket_emergency" time="0.050" /><testcase classname="test_predeployment_audit.TestFlow22DineMealBox" name="test_meal_box_ticket" time="0.051" /><testcase classname="test_predeployment_audit.TestFlow22DineMealBox" name="test_meal_box_api_exists" time="0.054" /><testcase classname="test_predeployment_audit.TestFlow23CartRecommendations" name="test_cart_recommendations_api" time="0.109" /><testcase classname="test_predeployment_audit.TestSummaryAdminInbox" name="test_canonical_flow_end_to_end" time="1.182" /><testcase classname="test_predeployment_audit.TestSummaryAdminInbox" name="test_unread_badge_flow" time="0.096" /></testsuite></testsuites>