<?xml version="1.0" encoding="utf-8"?><testsuites name="pytest tests"><testsuite name="pytest" errors="0" failures="0" skipped="0" tests="19" time="1.838" timestamp="2026-02-06T02:44:47.673379+00:00" hostname="agent-env-961d5af4-cbc0-403e-a921-bc67e84dafb5"><testcase classname="backend.tests.test_two_way_messaging.TestHealthCheck" name="test_api_health" time="0.099" /><testcase classname="backend.tests.test_two_way_messaging.TestUserSendMessage" name="test_send_message_creates_ticket" time="0.052" /><testcase classname="backend.tests.test_two_way_messaging.TestUserSendMessage" name="test_send_message_to_existing_ticket" time="0.094" /><testcase classname="backend.tests.test_two_way_messaging.TestUserSendMessage" name="test_send_message_without_email" time="0.044" /><testcase classname="backend.tests.test_two_way_messaging.TestUserSendMessage" name="test_send_empty_message" time="0.088" /><testcase classname="backend.tests.test_two_way_messaging.TestAdminNotificationCreation" name="test_admin_notification_created" time="0.086" /><testcase classname="backend.tests.test_two_way_messaging.TestGetConversationHistory" name="test_get_messages_for_request" time="0.226" /><testcase classname="backend.tests.test_two_way_messaging.TestGetConversationHistory" name="test_get_messages_for_nonexistent_request" time="0.043" /><testcase classname="backend.tests.test_two_way_messaging.TestGetConversationHistory" name="test_get_messages_without_email" time="0.039" /><testcase classname="backend.tests.test_two_way_messaging.TestConciergeReply" name="test_concierge_reply_to_ticket" time="0.128" /><testcase classname="backend.tests.test_two_way_messaging.TestConciergeReply" name="test_concierge_reply_appears_in_history" time="0.128" /><testcase classname="backend.tests.test_two_way_messaging.TestConciergeReply" name="test_concierge_internal_note" time="0.134" /><testcase classname="backend.tests.test_two_way_messaging.TestConciergeReply" name="test_concierge_reply_to_nonexistent_ticket" time="0.044" /><testcase classname="backend.tests.test_two_way_messaging.TestWhatsAppLinkGeneration" name="test_generate_whatsapp_link" time="0.085" /><testcase classname="backend.tests.test_two_way_messaging.TestWhatsAppLinkGeneration" name="test_whatsapp_link_nonexistent_ticket" time="0.042" /><testcase classname="backend.tests.test_two_way_messaging.TestUserTicketsEndpoint" name="test_get_user_tickets" time="0.052" /><testcase classname="backend.tests.test_two_way_messaging.TestUserTicketsEndpoint" name="test_get_user_tickets_without_email" time="0.040" /><testcase classname="backend.tests.test_two_way_messaging.TestTicketMessageEndpoint" name="test_send_message_to_ticket" time="0.090" /><testcase classname="backend.tests.test_two_way_messaging.TestEndToEndMessagingFlow" name="test_complete_messaging_flow" time="0.224" /></testsuite></testsuites>