<?xml version="1.0" encoding="utf-8"?><testsuites name="pytest tests"><testsuite name="pytest" errors="0" failures="0" skipped="0" tests="33" time="71.026" timestamp="2026-01-23T03:12:08.147547+00:00" hostname="agent-env-ba72e868-9fbd-4692-bc50-3213a08aa60d"><testcase classname="backend.tests.test_command_center_unified.TestHealthCheck" name="test_api_health" time="0.057" /><testcase classname="backend.tests.test_command_center_unified.TestPillarStats" name="test_pillar_stats_endpoint" time="0.044" /><testcase classname="backend.tests.test_command_center_unified.TestPillarStats" name="test_pillar_stats_counts_are_integers" time="0.043" /><testcase classname="backend.tests.test_command_center_unified.TestQueueWithPillarFilter" name="test_queue_without_filter" time="0.059" /><testcase classname="backend.tests.test_command_center_unified.TestQueueWithPillarFilter" name="test_queue_with_pillar_filter" time="0.052" /><testcase classname="backend.tests.test_command_center_unified.TestQueueWithPillarFilter" name="test_queue_with_multiple_filters" time="0.052" /><testcase classname="backend.tests.test_command_center_unified.TestQueueSourceTypes" name="test_queue_source_filter_membership" time="0.048" /><testcase classname="backend.tests.test_command_center_unified.TestQueueSourceTypes" name="test_queue_source_filter_voice_order" time="0.039" /><testcase classname="backend.tests.test_command_center_unified.TestQueueSourceTypes" name="test_queue_source_filter_autoship" time="0.041" /><testcase classname="backend.tests.test_command_center_unified.TestQueueSourceTypes" name="test_queue_source_filter_stay" time="0.041" /><testcase classname="backend.tests.test_command_center_unified.TestQueueSourceTypes" name="test_queue_source_filter_dine" time="0.040" /><testcase classname="backend.tests.test_command_center_unified.TestQueueSourceTypes" name="test_queue_source_filter_travel" time="0.050" /><testcase classname="backend.tests.test_command_center_unified.TestQueueSourceTypes" name="test_queue_source_filter_care" time="0.037" /><testcase classname="backend.tests.test_command_center_unified.TestTicketCRUD" name="test_create_ticket" time="0.086" /><testcase classname="backend.tests.test_command_center_unified.TestTicketCRUD" name="test_update_ticket" time="0.114" /><testcase classname="backend.tests.test_command_center_unified.TestTicketCRUD" name="test_delete_ticket_archive" time="0.111" /><testcase classname="backend.tests.test_command_center_unified.TestTicketCRUD" name="test_delete_ticket_permanent" time="0.073" /><testcase classname="backend.tests.test_command_center_unified.TestManualAssignment" name="test_manual_assign_to_agent" time="0.114" /><testcase classname="backend.tests.test_command_center_unified.TestManualAssignment" name="test_manual_assign_invalid_agent" time="0.118" /><testcase classname="backend.tests.test_command_center_unified.TestManualAssignment" name="test_manual_assign_invalid_ticket" time="0.036" /><testcase classname="backend.tests.test_command_center_unified.TestQuickActions" name="test_quick_action_claim" time="0.144" /><testcase classname="backend.tests.test_command_center_unified.TestQuickActions" name="test_quick_action_unclaim" time="0.141" /><testcase classname="backend.tests.test_command_center_unified.TestQuickActions" name="test_quick_action_change_status" time="0.103" /><testcase classname="backend.tests.test_command_center_unified.TestQuickActions" name="test_quick_action_change_priority" time="0.110" /><testcase classname="backend.tests.test_command_center_unified.TestQuickActions" name="test_quick_action_escalate" time="0.107" /><testcase classname="backend.tests.test_command_center_unified.TestQuickActions" name="test_quick_action_invalid_action" time="0.107" /><testcase classname="backend.tests.test_command_center_unified.TestBulkActions" name="test_bulk_action_claim" time="68.444" /><testcase classname="backend.tests.test_command_center_unified.TestBulkActions" name="test_bulk_action_change_status" time="0.307" /><testcase classname="backend.tests.test_command_center_unified.TestCSVExport" name="test_csv_export_basic" time="0.041" /><testcase classname="backend.tests.test_command_center_unified.TestCSVExport" name="test_csv_export_has_headers" time="0.043" /><testcase classname="backend.tests.test_command_center_unified.TestCSVExport" name="test_csv_export_with_pillar_filter" time="0.042" /><testcase classname="backend.tests.test_command_center_unified.TestCSVExport" name="test_csv_export_with_priority_filter" time="0.042" /><testcase classname="backend.tests.test_command_center_unified.TestAgentsList" name="test_get_agents" time="0.038" /></testsuite></testsuites>