<?xml version="1.0" encoding="utf-8"?><testsuites name="pytest tests"><testsuite name="pytest" errors="0" failures="4" skipped="3" tests="16" time="9.997" timestamp="2026-02-09T15:43:17.076349+00:00" hostname="agent-env-659fa496-f5e8-4d14-a2a0-0f015ba47e87"><testcase classname="backend.tests.test_service_flow_soul_score.TestAuthFlow" name="test_login_success" time="1.521" /><testcase classname="backend.tests.test_service_flow_soul_score.TestServiceFlow" name="test_get_user_pets" time="0.526"><failure message="AssertionError: Failed to get pets: {&quot;detail&quot;:&quot;Not authenticated&quot;}&#10;assert 401 == 200&#10; +  where 401 = &lt;Response [401]&gt;.status_code">backend/tests/test_service_flow_soul_score.py:105: in test_get_user_pets
    assert response.status_code == 200, f"Failed to get pets: {response.text}"
E   AssertionError: Failed to get pets: {"detail":"Not authenticated"}
E   assert 401 == 200
E    +  where 401 = &lt;Response [401]&gt;.status_code</failure></testcase><testcase classname="backend.tests.test_service_flow_soul_score.TestServiceFlow" name="test_mira_chat_creates_service_flow" time="0.051"><skipped type="pytest.skip" message="No pets available for testing">/app/backend/tests/test_service_flow_soul_score.py:123: No pets available for testing</skipped></testcase><testcase classname="backend.tests.test_service_flow_soul_score.TestServiceFlow" name="test_service_desk_tickets_collection" time="0.052" /><testcase classname="backend.tests.test_service_flow_soul_score.TestServiceFlow" name="test_admin_notifications_created" time="0.050" /><testcase classname="backend.tests.test_service_flow_soul_score.TestServiceFlow" name="test_route_intent_endpoint" time="0.049"><skipped type="pytest.skip" message="No pets available for testing">/app/backend/tests/test_service_flow_soul_score.py:199: No pets available for testing</skipped></testcase><testcase classname="backend.tests.test_service_flow_soul_score.TestServiceFlow" name="test_attach_or_create_ticket_endpoint" time="0.051"><skipped type="pytest.skip" message="No pets available for testing">/app/backend/tests/test_service_flow_soul_score.py:238: No pets available for testing</skipped></testcase><testcase classname="backend.tests.test_service_flow_soul_score.TestSoulScore" name="test_get_initial_soul_score" time="0.309"><failure message="KeyError: 0">backend/tests/test_service_flow_soul_score.py:322: in test_get_initial_soul_score
    pet = pets_data[0]
          ^^^^^^^^^^^^
E   KeyError: 0</failure></testcase><testcase classname="backend.tests.test_service_flow_soul_score.TestSoulScore" name="test_soul_score_increments_on_chat" time="0.026"><failure message="KeyError: 0">backend/tests/test_service_flow_soul_score.py:352: in test_soul_score_increments_on_chat
    pet = pets_data[0]
          ^^^^^^^^^^^^
E   KeyError: 0</failure></testcase><testcase classname="backend.tests.test_service_flow_soul_score.TestSoulScore" name="test_soul_score_in_api_response" time="0.029"><failure message="KeyError: 0">backend/tests/test_service_flow_soul_score.py:402: in test_soul_score_in_api_response
    pet = pets_data[0]
          ^^^^^^^^^^^^
E   KeyError: 0</failure></testcase><testcase classname="backend.tests.test_service_flow_soul_score.TestSearchButton" name="test_mira_search_endpoint" time="6.707" /><testcase classname="backend.tests.test_service_flow_soul_score.TestTransferSearchMocked" name="test_transfer_search_returns_mock_data" time="0.072" /><testcase classname="backend.tests.test_service_flow_soul_score.TestPillarAssignment" name="test_grooming_pillar_assignment" time="0.311" /><testcase classname="backend.tests.test_service_flow_soul_score.TestPillarAssignment" name="test_travel_pillar_assignment" time="0.026" /><testcase classname="backend.tests.test_service_flow_soul_score.TestPillarAssignment" name="test_celebrate_pillar_assignment" time="0.063" /><testcase classname="backend.tests.test_service_flow_soul_score.TestPillarAssignment" name="test_food_pillar_assignment" time="0.024" /></testsuite></testsuites>