<?xml version="1.0" encoding="utf-8"?><testsuites name="pytest tests"><testsuite name="pytest" errors="0" failures="0" skipped="0" tests="16" time="0.859" timestamp="2026-01-22T13:07:25.213852+00:00" hostname="agent-env-1c7a1914-0923-4d7c-ad22-1598e3c50cc0"><testcase classname="tests.test_pet_vault_health.TestPetVaultVaccines" name="test_get_vaccines" time="0.074" /><testcase classname="tests.test_pet_vault_health.TestPetVaultVaccines" name="test_get_vaccines_includes_rabies" time="0.042" /><testcase classname="tests.test_pet_vault_health.TestPetVaultVaccines" name="test_get_vaccines_includes_dhpp" time="0.038" /><testcase classname="tests.test_pet_vault_health.TestPetVaultVaccines" name="test_add_vaccine" time="0.117" /><testcase classname="tests.test_pet_vault_health.TestPetVaultMedications" name="test_get_medications" time="0.040" /><testcase classname="tests.test_pet_vault_health.TestPetVaultMedications" name="test_get_medications_includes_nexgard" time="0.042" /><testcase classname="tests.test_pet_vault_health.TestPetVaultMedications" name="test_get_active_medications" time="0.038" /><testcase classname="tests.test_pet_vault_health.TestPetVaultMedications" name="test_add_medication" time="0.039" /><testcase classname="tests.test_pet_vault_health.TestPetVaultVetVisits" name="test_get_vet_visits" time="0.039" /><testcase classname="tests.test_pet_vault_health.TestPetVaultVetVisits" name="test_get_vet_visits_includes_annual_checkup" time="0.042" /><testcase classname="tests.test_pet_vault_health.TestPetVaultWeightHistory" name="test_get_weight_history" time="0.039" /><testcase classname="tests.test_pet_vault_health.TestPetVaultWeightHistory" name="test_add_weight_record" time="0.077" /><testcase classname="tests.test_pet_vault_health.TestPetVaultHealthSummary" name="test_get_health_summary" time="0.038" /><testcase classname="tests.test_pet_vault_health.TestPetVaultVets" name="test_get_vets" time="0.037" /><testcase classname="tests.test_pet_vault_health.TestPetVaultErrorHandling" name="test_get_vaccines_invalid_pet" time="0.041" /><testcase classname="tests.test_pet_vault_health.TestPetVaultErrorHandling" name="test_get_medications_invalid_pet" time="0.040" /></testsuite></testsuites>