<?xml version="1.0" encoding="utf-8"?><testsuites name="pytest tests"><testsuite name="pytest" errors="0" failures="0" skipped="0" tests="12" time="1.053" timestamp="2026-01-16T16:29:02.981531+00:00" hostname="agent-env-044f12a3-3c89-46d7-b400-8ffb1e6675f9"><testcase classname="tests.test_pet_buddy_meetups.TestPetBuddyMeetupsBackend" name="test_get_restaurants_api" time="0.078" /><testcase classname="tests.test_pet_buddy_meetups.TestPetBuddyMeetupsBackend" name="test_schedule_visit_with_notification_preference_email" time="0.101" /><testcase classname="tests.test_pet_buddy_meetups.TestPetBuddyMeetupsBackend" name="test_schedule_visit_with_notification_preference_whatsapp" time="0.052" /><testcase classname="tests.test_pet_buddy_meetups.TestPetBuddyMeetupsBackend" name="test_get_restaurant_visits" time="0.050" /><testcase classname="tests.test_pet_buddy_meetups.TestPetBuddyMeetupsBackend" name="test_visit_response_includes_restaurant_info" time="0.091" /><testcase classname="tests.test_pet_buddy_meetups.TestPetBuddyMeetupsBackend" name="test_send_meetup_request" time="0.073" /><testcase classname="tests.test_pet_buddy_meetups.TestPetBuddyMeetupsBackend" name="test_admin_get_meetups" time="0.081" /><testcase classname="tests.test_pet_buddy_meetups.TestPetBuddyMeetupsBackend" name="test_admin_get_visits" time="0.040" /><testcase classname="tests.test_pet_buddy_meetups.TestPetBuddyMeetupsBackend" name="test_admin_update_meetup_status_accept" time="0.093" /><testcase classname="tests.test_pet_buddy_meetups.TestPetBuddyMeetupsBackend" name="test_admin_update_meetup_status_decline" time="0.118" /><testcase classname="tests.test_pet_buddy_meetups.TestPetBuddyMeetupsBackend" name="test_admin_delete_meetup" time="0.111" /><testcase classname="tests.test_pet_buddy_meetups.TestRestaurantVisitModel" name="test_visit_model_has_notification_preference_field" time="0.094" /></testsuite></testsuites>