<?xml version="1.0" encoding="utf-8"?><testsuites name="pytest tests"><testsuite name="pytest" errors="0" failures="0" skipped="0" tests="12" time="1.077" timestamp="2026-01-29T01:31:08.891930+00:00" hostname="agent-env-82621538-89f1-4bc5-b38e-5a7fe1ccaa88"><testcase classname="backend.tests.test_iteration_115.TestHealthAndConfig" name="test_health_endpoint" time="0.074" /><testcase classname="backend.tests.test_iteration_115.TestHealthAndConfig" name="test_tts_config_endpoint" time="0.043" /><testcase classname="backend.tests.test_iteration_115.TestCheckoutConfig" name="test_checkout_config_endpoint" time="0.080" /><testcase classname="backend.tests.test_iteration_115.TestCheckoutConfig" name="test_checkout_calculate_total" time="0.041" /><testcase classname="backend.tests.test_iteration_115.TestPetSoulAPI" name="test_pet_soul_answer_endpoint_exists" time="0.040" /><testcase classname="backend.tests.test_iteration_115.TestWishlistAPI" name="test_wishlist_endpoint_requires_auth" time="0.038" /><testcase classname="backend.tests.test_iteration_115.TestWishlistAPI" name="test_wishlist_add_requires_auth" time="0.041" /><testcase classname="backend.tests.test_iteration_115.TestPillarEndpoints" name="test_dine_restaurants_endpoint" time="0.043" /><testcase classname="backend.tests.test_iteration_115.TestPillarEndpoints" name="test_dine_bundles_endpoint" time="0.043" /><testcase classname="backend.tests.test_iteration_115.TestPillarEndpoints" name="test_dine_products_endpoint" time="0.051" /><testcase classname="backend.tests.test_iteration_115.TestPillarEndpoints" name="test_shop_products_endpoint" time="0.479" /><testcase classname="backend.tests.test_iteration_115.TestMiraFloatingButton" name="test_pets_endpoint_requires_auth" time="0.037" /></testsuite></testsuites>