<?xml version="1.0" encoding="utf-8"?><testsuites name="pytest tests"><testsuite name="pytest" errors="0" failures="0" skipped="0" tests="9" time="1.651" timestamp="2026-02-02T05:06:03.286068+00:00" hostname="agent-env-c303e919-860f-46fb-b8a3-8f193c0beb5f"><testcase classname="tests.test_iteration_182.TestHealthAndBasics" name="test_api_health" time="0.071" /><testcase classname="tests.test_iteration_182.TestProductsAPI" name="test_products_list" time="0.405" /><testcase classname="tests.test_iteration_182.TestProductsAPI" name="test_products_have_paw_score_fields" time="0.476" /><testcase classname="tests.test_iteration_182.TestUnifiedServiceFlow" name="test_service_request_creates_all_records" time="0.081" /><testcase classname="tests.test_iteration_182.TestUnifiedServiceFlow" name="test_service_request_with_different_pillars" time="0.146" /><testcase classname="tests.test_iteration_182.TestAuthenticationFlow" name="test_member_login" time="0.305" /><testcase classname="tests.test_iteration_182.TestAuthenticationFlow" name="test_admin_login" time="0.034" /><testcase classname="tests.test_iteration_182.TestServicesAPI" name="test_services_list" time="0.033" /><testcase classname="tests.test_iteration_182.TestPetsAPI" name="test_pets_endpoint_exists" time="0.036" /></testsuite></testsuites>