<?xml version="1.0" encoding="utf-8"?><testsuites name="pytest tests"><testsuite name="pytest" errors="0" failures="0" skipped="0" tests="13" time="3.040" timestamp="2026-01-27T06:32:54.595995+00:00" hostname="agent-env-7f170d6f-6d9c-4446-9131-d5f0e9316493"><testcase classname="backend.tests.test_sla_reminders_iteration_93.TestSLATimerCalculation" name="test_sla_hours_mapping" time="1.325" /><testcase classname="backend.tests.test_sla_reminders_iteration_93.TestSLAStatusInTicketResponse" name="test_ticket_list_includes_sla_status" time="0.025" /><testcase classname="backend.tests.test_sla_reminders_iteration_93.TestSLAStatusInTicketResponse" name="test_single_ticket_includes_sla_status" time="0.435" /><testcase classname="backend.tests.test_sla_reminders_iteration_93.TestRemindersCRUD" name="test_get_reminders_empty" time="0.172" /><testcase classname="backend.tests.test_sla_reminders_iteration_93.TestRemindersCRUD" name="test_create_reminder" time="0.012" /><testcase classname="backend.tests.test_sla_reminders_iteration_93.TestRemindersCRUD" name="test_create_reminder_all_types" time="0.170" /><testcase classname="backend.tests.test_sla_reminders_iteration_93.TestRemindersCRUD" name="test_get_reminders_after_create" time="0.011" /><testcase classname="backend.tests.test_sla_reminders_iteration_93.TestRemindersCRUD" name="test_complete_reminder" time="0.078" /><testcase classname="backend.tests.test_sla_reminders_iteration_93.TestRemindersCRUD" name="test_delete_reminder" time="0.078" /><testcase classname="backend.tests.test_sla_reminders_iteration_93.TestRemindersCRUD" name="test_overdue_reminder_indicator" time="0.023" /><testcase classname="backend.tests.test_sla_reminders_iteration_93.TestAutoAcknowledgeEmail" name="test_ticket_creation_triggers_email" time="0.182" /><testcase classname="backend.tests.test_sla_reminders_iteration_93.TestSLAStatusColors" name="test_sla_status_values" time="0.022" /><testcase classname="backend.tests.test_sla_reminders_iteration_93.TestReminderPriorities" name="test_reminder_priorities" time="0.423" /></testsuite></testsuites>