<?xml version="1.0" encoding="utf-8"?><testsuites name="pytest tests"><testsuite name="pytest" errors="10" failures="0" skipped="0" tests="10" time="2.645" timestamp="2026-02-13T16:37:13.889060+00:00" hostname="agent-env-0a036736-ad52-4738-a6fe-6b88f11efc90"><testcase classname="backend.tests.test_dynamic_mojo_system.TestPetSoulBulkAnswers" name="test_bulk_answers_endpoint_exists" time="2.493"><error message="failed on setup with &quot;AssertionError: No token in login response&#10;assert 'token' in {'access_token': 'eyJhbGciOiJIUzI1NiIsInR5cCI6IkpXVCJ9.eyJzdWIiOiJkaXBhbGlAY2x1YmNvbmNpZXJnZS5pbiIsInJvbGUiOiJ1c2VyIiwiZXhwIjoxNzcxNjA1NDM2fQ.NxCD1Vqeonbk97xnfJ7RftYLF4kg0dihQNX7EaymG6o', 'message': 'Login successful', 'mira_access': {'allowed': True, 'limit': 3, 'message': None, 'priority': False, ...}, 'token_type': 'bearer', ...}&quot;">backend/tests/test_dynamic_mojo_system.py:34: in auth_token
    assert "token" in data, "No token in login response"
E   AssertionError: No token in login response
E   assert 'token' in {'access_token': 'eyJhbGciOiJIUzI1NiIsInR5cCI6IkpXVCJ9.eyJzdWIiOiJkaXBhbGlAY2x1YmNvbmNpZXJnZS5pbiIsInJvbGUiOiJ1c2VyIiwiZXhwIjoxNzcxNjA1NDM2fQ.NxCD1Vqeonbk97xnfJ7RftYLF4kg0dihQNX7EaymG6o', 'message': 'Login successful', 'mira_access': {'allowed': True, 'limit': 3, 'message': None, 'priority': False, ...}, 'token_type': 'bearer', ...}</error></testcase><testcase classname="backend.tests.test_dynamic_mojo_system.TestPetSoulBulkAnswers" name="test_bulk_answers_returns_scores" time="0.000"><error message="failed on setup with &quot;AssertionError: No token in login response&#10;assert 'token' in {'access_token': 'eyJhbGciOiJIUzI1NiIsInR5cCI6IkpXVCJ9.eyJzdWIiOiJkaXBhbGlAY2x1YmNvbmNpZXJnZS5pbiIsInJvbGUiOiJ1c2VyIiwiZXhwIjoxNzcxNjA1NDM2fQ.NxCD1Vqeonbk97xnfJ7RftYLF4kg0dihQNX7EaymG6o', 'message': 'Login successful', 'mira_access': {'allowed': True, 'limit': 3, 'message': None, 'priority': False, ...}, 'token_type': 'bearer', ...}&quot;">backend/tests/test_dynamic_mojo_system.py:34: in auth_token
    assert "token" in data, "No token in login response"
E   AssertionError: No token in login response
E   assert 'token' in {'access_token': 'eyJhbGciOiJIUzI1NiIsInR5cCI6IkpXVCJ9.eyJzdWIiOiJkaXBhbGlAY2x1YmNvbmNpZXJnZS5pbiIsInJvbGUiOiJ1c2VyIiwiZXhwIjoxNzcxNjA1NDM2fQ.NxCD1Vqeonbk97xnfJ7RftYLF4kg0dihQNX7EaymG6o', 'message': 'Login successful', 'mira_access': {'allowed': True, 'limit': 3, 'message': None, 'priority': False, ...}, 'token_type': 'bearer', ...}</error></testcase><testcase classname="backend.tests.test_dynamic_mojo_system.TestPetSoulBulkAnswers" name="test_bulk_answers_awards_paw_points" time="0.000"><error message="failed on setup with &quot;AssertionError: No token in login response&#10;assert 'token' in {'access_token': 'eyJhbGciOiJIUzI1NiIsInR5cCI6IkpXVCJ9.eyJzdWIiOiJkaXBhbGlAY2x1YmNvbmNpZXJnZS5pbiIsInJvbGUiOiJ1c2VyIiwiZXhwIjoxNzcxNjA1NDM2fQ.NxCD1Vqeonbk97xnfJ7RftYLF4kg0dihQNX7EaymG6o', 'message': 'Login successful', 'mira_access': {'allowed': True, 'limit': 3, 'message': None, 'priority': False, ...}, 'token_type': 'bearer', ...}&quot;">backend/tests/test_dynamic_mojo_system.py:34: in auth_token
    assert "token" in data, "No token in login response"
E   AssertionError: No token in login response
E   assert 'token' in {'access_token': 'eyJhbGciOiJIUzI1NiIsInR5cCI6IkpXVCJ9.eyJzdWIiOiJkaXBhbGlAY2x1YmNvbmNpZXJnZS5pbiIsInJvbGUiOiJ1c2VyIiwiZXhwIjoxNzcxNjA1NDM2fQ.NxCD1Vqeonbk97xnfJ7RftYLF4kg0dihQNX7EaymG6o', 'message': 'Login successful', 'mira_access': {'allowed': True, 'limit': 3, 'message': None, 'priority': False, ...}, 'token_type': 'bearer', ...}</error></testcase><testcase classname="backend.tests.test_dynamic_mojo_system.TestSyncAchievements" name="test_sync_achievements_endpoint" time="0.000"><error message="failed on setup with &quot;AssertionError: No token in login response&#10;assert 'token' in {'access_token': 'eyJhbGciOiJIUzI1NiIsInR5cCI6IkpXVCJ9.eyJzdWIiOiJkaXBhbGlAY2x1YmNvbmNpZXJnZS5pbiIsInJvbGUiOiJ1c2VyIiwiZXhwIjoxNzcxNjA1NDM2fQ.NxCD1Vqeonbk97xnfJ7RftYLF4kg0dihQNX7EaymG6o', 'message': 'Login successful', 'mira_access': {'allowed': True, 'limit': 3, 'message': None, 'priority': False, ...}, 'token_type': 'bearer', ...}&quot;">backend/tests/test_dynamic_mojo_system.py:34: in auth_token
    assert "token" in data, "No token in login response"
E   AssertionError: No token in login response
E   assert 'token' in {'access_token': 'eyJhbGciOiJIUzI1NiIsInR5cCI6IkpXVCJ9.eyJzdWIiOiJkaXBhbGlAY2x1YmNvbmNpZXJnZS5pbiIsInJvbGUiOiJ1c2VyIiwiZXhwIjoxNzcxNjA1NDM2fQ.NxCD1Vqeonbk97xnfJ7RftYLF4kg0dihQNX7EaymG6o', 'message': 'Login successful', 'mira_access': {'allowed': True, 'limit': 3, 'message': None, 'priority': False, ...}, 'token_type': 'bearer', ...}</error></testcase><testcase classname="backend.tests.test_dynamic_mojo_system.TestSyncAchievements" name="test_sync_achievements_returns_correct_structure" time="0.000"><error message="failed on setup with &quot;AssertionError: No token in login response&#10;assert 'token' in {'access_token': 'eyJhbGciOiJIUzI1NiIsInR5cCI6IkpXVCJ9.eyJzdWIiOiJkaXBhbGlAY2x1YmNvbmNpZXJnZS5pbiIsInJvbGUiOiJ1c2VyIiwiZXhwIjoxNzcxNjA1NDM2fQ.NxCD1Vqeonbk97xnfJ7RftYLF4kg0dihQNX7EaymG6o', 'message': 'Login successful', 'mira_access': {'allowed': True, 'limit': 3, 'message': None, 'priority': False, ...}, 'token_type': 'bearer', ...}&quot;">backend/tests/test_dynamic_mojo_system.py:34: in auth_token
    assert "token" in data, "No token in login response"
E   AssertionError: No token in login response
E   assert 'token' in {'access_token': 'eyJhbGciOiJIUzI1NiIsInR5cCI6IkpXVCJ9.eyJzdWIiOiJkaXBhbGlAY2x1YmNvbmNpZXJnZS5pbiIsInJvbGUiOiJ1c2VyIiwiZXhwIjoxNzcxNjA1NDM2fQ.NxCD1Vqeonbk97xnfJ7RftYLF4kg0dihQNX7EaymG6o', 'message': 'Login successful', 'mira_access': {'allowed': True, 'limit': 3, 'message': None, 'priority': False, ...}, 'token_type': 'bearer', ...}</error></testcase><testcase classname="backend.tests.test_dynamic_mojo_system.TestPawPointsBalance" name="test_paw_points_balance_endpoint" time="0.000"><error message="failed on setup with &quot;AssertionError: No token in login response&#10;assert 'token' in {'access_token': 'eyJhbGciOiJIUzI1NiIsInR5cCI6IkpXVCJ9.eyJzdWIiOiJkaXBhbGlAY2x1YmNvbmNpZXJnZS5pbiIsInJvbGUiOiJ1c2VyIiwiZXhwIjoxNzcxNjA1NDM2fQ.NxCD1Vqeonbk97xnfJ7RftYLF4kg0dihQNX7EaymG6o', 'message': 'Login successful', 'mira_access': {'allowed': True, 'limit': 3, 'message': None, 'priority': False, ...}, 'token_type': 'bearer', ...}&quot;">backend/tests/test_dynamic_mojo_system.py:34: in auth_token
    assert "token" in data, "No token in login response"
E   AssertionError: No token in login response
E   assert 'token' in {'access_token': 'eyJhbGciOiJIUzI1NiIsInR5cCI6IkpXVCJ9.eyJzdWIiOiJkaXBhbGlAY2x1YmNvbmNpZXJnZS5pbiIsInJvbGUiOiJ1c2VyIiwiZXhwIjoxNzcxNjA1NDM2fQ.NxCD1Vqeonbk97xnfJ7RftYLF4kg0dihQNX7EaymG6o', 'message': 'Login successful', 'mira_access': {'allowed': True, 'limit': 3, 'message': None, 'priority': False, ...}, 'token_type': 'bearer', ...}</error></testcase><testcase classname="backend.tests.test_dynamic_mojo_system.TestPawPointsBalance" name="test_paw_points_history_endpoint" time="0.000"><error message="failed on setup with &quot;AssertionError: No token in login response&#10;assert 'token' in {'access_token': 'eyJhbGciOiJIUzI1NiIsInR5cCI6IkpXVCJ9.eyJzdWIiOiJkaXBhbGlAY2x1YmNvbmNpZXJnZS5pbiIsInJvbGUiOiJ1c2VyIiwiZXhwIjoxNzcxNjA1NDM2fQ.NxCD1Vqeonbk97xnfJ7RftYLF4kg0dihQNX7EaymG6o', 'message': 'Login successful', 'mira_access': {'allowed': True, 'limit': 3, 'message': None, 'priority': False, ...}, 'token_type': 'bearer', ...}&quot;">backend/tests/test_dynamic_mojo_system.py:34: in auth_token
    assert "token" in data, "No token in login response"
E   AssertionError: No token in login response
E   assert 'token' in {'access_token': 'eyJhbGciOiJIUzI1NiIsInR5cCI6IkpXVCJ9.eyJzdWIiOiJkaXBhbGlAY2x1YmNvbmNpZXJnZS5pbiIsInJvbGUiOiJ1c2VyIiwiZXhwIjoxNzcxNjA1NDM2fQ.NxCD1Vqeonbk97xnfJ7RftYLF4kg0dihQNX7EaymG6o', 'message': 'Login successful', 'mira_access': {'allowed': True, 'limit': 3, 'message': None, 'priority': False, ...}, 'token_type': 'bearer', ...}</error></testcase><testcase classname="backend.tests.test_dynamic_mojo_system.TestDashboardSoulScores" name="test_pets_endpoint_returns_soul_scores" time="0.000"><error message="failed on setup with &quot;AssertionError: No token in login response&#10;assert 'token' in {'access_token': 'eyJhbGciOiJIUzI1NiIsInR5cCI6IkpXVCJ9.eyJzdWIiOiJkaXBhbGlAY2x1YmNvbmNpZXJnZS5pbiIsInJvbGUiOiJ1c2VyIiwiZXhwIjoxNzcxNjA1NDM2fQ.NxCD1Vqeonbk97xnfJ7RftYLF4kg0dihQNX7EaymG6o', 'message': 'Login successful', 'mira_access': {'allowed': True, 'limit': 3, 'message': None, 'priority': False, ...}, 'token_type': 'bearer', ...}&quot;">backend/tests/test_dynamic_mojo_system.py:34: in auth_token
    assert "token" in data, "No token in login response"
E   AssertionError: No token in login response
E   assert 'token' in {'access_token': 'eyJhbGciOiJIUzI1NiIsInR5cCI6IkpXVCJ9.eyJzdWIiOiJkaXBhbGlAY2x1YmNvbmNpZXJnZS5pbiIsInJvbGUiOiJ1c2VyIiwiZXhwIjoxNzcxNjA1NDM2fQ.NxCD1Vqeonbk97xnfJ7RftYLF4kg0dihQNX7EaymG6o', 'message': 'Login successful', 'mira_access': {'allowed': True, 'limit': 3, 'message': None, 'priority': False, ...}, 'token_type': 'bearer', ...}</error></testcase><testcase classname="backend.tests.test_dynamic_mojo_system.TestDashboardSoulScores" name="test_pet_soul_profile_endpoint" time="0.000"><error message="failed on setup with &quot;AssertionError: No token in login response&#10;assert 'token' in {'access_token': 'eyJhbGciOiJIUzI1NiIsInR5cCI6IkpXVCJ9.eyJzdWIiOiJkaXBhbGlAY2x1YmNvbmNpZXJnZS5pbiIsInJvbGUiOiJ1c2VyIiwiZXhwIjoxNzcxNjA1NDM2fQ.NxCD1Vqeonbk97xnfJ7RftYLF4kg0dihQNX7EaymG6o', 'message': 'Login successful', 'mira_access': {'allowed': True, 'limit': 3, 'message': None, 'priority': False, ...}, 'token_type': 'bearer', ...}&quot;">backend/tests/test_dynamic_mojo_system.py:34: in auth_token
    assert "token" in data, "No token in login response"
E   AssertionError: No token in login response
E   assert 'token' in {'access_token': 'eyJhbGciOiJIUzI1NiIsInR5cCI6IkpXVCJ9.eyJzdWIiOiJkaXBhbGlAY2x1YmNvbmNpZXJnZS5pbiIsInJvbGUiOiJ1c2VyIiwiZXhwIjoxNzcxNjA1NDM2fQ.NxCD1Vqeonbk97xnfJ7RftYLF4kg0dihQNX7EaymG6o', 'message': 'Login successful', 'mira_access': {'allowed': True, 'limit': 3, 'message': None, 'priority': False, ...}, 'token_type': 'bearer', ...}</error></testcase><testcase classname="backend.tests.test_dynamic_mojo_system.TestEndToEndSoulFlow" name="test_complete_soul_journey_flow" time="0.000"><error message="failed on setup with &quot;AssertionError: No token in login response&#10;assert 'token' in {'access_token': 'eyJhbGciOiJIUzI1NiIsInR5cCI6IkpXVCJ9.eyJzdWIiOiJkaXBhbGlAY2x1YmNvbmNpZXJnZS5pbiIsInJvbGUiOiJ1c2VyIiwiZXhwIjoxNzcxNjA1NDM2fQ.NxCD1Vqeonbk97xnfJ7RftYLF4kg0dihQNX7EaymG6o', 'message': 'Login successful', 'mira_access': {'allowed': True, 'limit': 3, 'message': None, 'priority': False, ...}, 'token_type': 'bearer', ...}&quot;">backend/tests/test_dynamic_mojo_system.py:34: in auth_token
    assert "token" in data, "No token in login response"
E   AssertionError: No token in login response
E   assert 'token' in {'access_token': 'eyJhbGciOiJIUzI1NiIsInR5cCI6IkpXVCJ9.eyJzdWIiOiJkaXBhbGlAY2x1YmNvbmNpZXJnZS5pbiIsInJvbGUiOiJ1c2VyIiwiZXhwIjoxNzcxNjA1NDM2fQ.NxCD1Vqeonbk97xnfJ7RftYLF4kg0dihQNX7EaymG6o', 'message': 'Login successful', 'mira_access': {'allowed': True, 'limit': 3, 'message': None, 'priority': False, ...}, 'token_type': 'bearer', ...}</error></testcase></testsuite></testsuites>