<?xml version="1.0" encoding="utf-8"?><testsuites name="pytest tests"><testsuite name="pytest" errors="0" failures="5" skipped="0" tests="16" time="9.937" timestamp="2026-02-09T15:44:14.309757+00:00" hostname="agent-env-659fa496-f5e8-4d14-a2a0-0f015ba47e87"><testcase classname="backend.tests.test_service_flow_soul_score.TestAuthFlow" name="test_login_success" time="1.180" /><testcase classname="backend.tests.test_service_flow_soul_score.TestServiceFlow" name="test_get_user_pets" time="0.501"><failure message="KeyError: 0">backend/tests/test_service_flow_soul_score.py:113: in test_get_user_pets
    first_pet = pets[0]
                ^^^^^^^
E   KeyError: 0</failure></testcase><testcase classname="backend.tests.test_service_flow_soul_score.TestServiceFlow" name="test_mira_chat_creates_service_flow" time="0.044"><failure message="AssertionError: Chat request failed: {&quot;detail&quot;:[{&quot;type&quot;:&quot;missing&quot;,&quot;loc&quot;:[&quot;body&quot;,&quot;message&quot;],&quot;msg&quot;:&quot;Field required&quot;,&quot;input&quot;:{&quot;input&quot;:&quot;I need help with grooming for Mojo, can you book an appointment?&quot;,&quot;pet_context&quot;:{&quot;id&quot;:&quot;pet-99a708f1722a&quot;,&quot;name&quot;:&quot;Mojo&quot;,&quot;breed&quot;:&quot;Indie&quot;,&quot;age&quot;:&quot;Unknown&quot;},&quot;session_id&quot;:&quot;test_session_1770651856.126477&quot;,&quot;conversation_history&quot;:[]},&quot;url&quot;:&quot;https://errors.pydantic.dev/2.12/v/missing&quot;}]}&#10;assert 422 == 200&#10; +  where 422 = &lt;Response [422]&gt;.status_code">backend/tests/test_service_flow_soul_score.py:149: in test_mira_chat_creates_service_flow
    assert response.status_code == 200, f"Chat request failed: {response.text}"
E   AssertionError: Chat request failed: {"detail":[{"type":"missing","loc":["body","message"],"msg":"Field required","input":{"input":"I need help with grooming for Mojo, can you book an appointment?","pet_context":{"id":"pet-99a708f1722a","name":"Mojo","breed":"Indie","age":"Unknown"},"session_id":"test_session_1770651856.126477","conversation_history":[]},"url":"https://errors.pydantic.dev/2.12/v/missing"}]}
E   assert 422 == 200
E    +  where 422 = &lt;Response [422]&gt;.status_code</failure></testcase><testcase classname="backend.tests.test_service_flow_soul_score.TestServiceFlow" name="test_service_desk_tickets_collection" time="0.022" /><testcase classname="backend.tests.test_service_flow_soul_score.TestServiceFlow" name="test_admin_notifications_created" time="0.010" /><testcase classname="backend.tests.test_service_flow_soul_score.TestServiceFlow" name="test_route_intent_endpoint" time="0.037" /><testcase classname="backend.tests.test_service_flow_soul_score.TestServiceFlow" name="test_attach_or_create_ticket_endpoint" time="0.058"><failure message="AssertionError: Pillar should be Grooming&#10;assert 'Celebrate' == 'Grooming'&#10;  &#10;  - Grooming&#10;  + Celebrate">backend/tests/test_service_flow_soul_score.py:279: in test_attach_or_create_ticket_endpoint
    assert ticket_data.get("pillar") == "Grooming", "Pillar should be Grooming"
E   AssertionError: Pillar should be Grooming
E   assert 'Celebrate' == 'Grooming'
E     
E     - Grooming
E     + Celebrate</failure></testcase><testcase classname="backend.tests.test_service_flow_soul_score.TestSoulScore" name="test_get_initial_soul_score" time="0.338" /><testcase classname="backend.tests.test_service_flow_soul_score.TestSoulScore" name="test_soul_score_increments_on_chat" time="0.048"><failure message="AssertionError: Chat failed: {&quot;detail&quot;:[{&quot;type&quot;:&quot;missing&quot;,&quot;loc&quot;:[&quot;body&quot;,&quot;message&quot;],&quot;msg&quot;:&quot;Field required&quot;,&quot;input&quot;:{&quot;input&quot;:&quot;Tell me about treats for Mojo&quot;,&quot;pet_context&quot;:{&quot;id&quot;:&quot;pet-99a708f1722a&quot;,&quot;name&quot;:&quot;Mojo&quot;,&quot;breed&quot;:&quot;Indie&quot;,&quot;age&quot;:&quot;Unknown&quot;},&quot;session_id&quot;:&quot;soul_test_1770651856.659153&quot;,&quot;conversation_history&quot;:[]},&quot;url&quot;:&quot;https://errors.pydantic.dev/2.12/v/missing&quot;}]}&#10;assert 422 == 200&#10; +  where 422 = &lt;Response [422]&gt;.status_code">backend/tests/test_service_flow_soul_score.py:382: in test_soul_score_increments_on_chat
    assert response.status_code == 200, f"Chat failed: {response.text}"
E   AssertionError: Chat failed: {"detail":[{"type":"missing","loc":["body","message"],"msg":"Field required","input":{"input":"Tell me about treats for Mojo","pet_context":{"id":"pet-99a708f1722a","name":"Mojo","breed":"Indie","age":"Unknown"},"session_id":"soul_test_1770651856.659153","conversation_history":[]},"url":"https://errors.pydantic.dev/2.12/v/missing"}]}
E   assert 422 == 200
E    +  where 422 = &lt;Response [422]&gt;.status_code</failure></testcase><testcase classname="backend.tests.test_service_flow_soul_score.TestSoulScore" name="test_soul_score_in_api_response" time="0.050"><failure message="AttributeError: 'str' object has no attribute 'get'">backend/tests/test_service_flow_soul_score.py:418: in test_soul_score_in_api_response
    if p.get("id") == pet_id:
       ^^^^^
E   AttributeError: 'str' object has no attribute 'get'</failure></testcase><testcase classname="backend.tests.test_service_flow_soul_score.TestSearchButton" name="test_mira_search_endpoint" time="6.986" /><testcase classname="backend.tests.test_service_flow_soul_score.TestTransferSearchMocked" name="test_transfer_search_returns_mock_data" time="0.058" /><testcase classname="backend.tests.test_service_flow_soul_score.TestPillarAssignment" name="test_grooming_pillar_assignment" time="0.312" /><testcase classname="backend.tests.test_service_flow_soul_score.TestPillarAssignment" name="test_travel_pillar_assignment" time="0.027" /><testcase classname="backend.tests.test_service_flow_soul_score.TestPillarAssignment" name="test_celebrate_pillar_assignment" time="0.063" /><testcase classname="backend.tests.test_service_flow_soul_score.TestPillarAssignment" name="test_food_pillar_assignment" time="0.063" /></testsuite></testsuites>