<?xml version="1.0" encoding="utf-8"?><testsuites name="pytest tests"><testsuite name="pytest" errors="0" failures="1" skipped="0" tests="7" time="2.206" timestamp="2026-02-15T15:23:54.972374+00:00" hostname="agent-env-6e3b47d3-a8b7-4e89-9aeb-5349faae3688"><testcase classname="backend.tests.test_concierge_hours.TestConciergeHoursAPI" name="test_get_concierge_hours_returns_200" time="0.646" /><testcase classname="backend.tests.test_concierge_hours.TestConciergeHoursAPI" name="test_put_concierge_hours_updates_config" time="0.325" /><testcase classname="backend.tests.test_concierge_hours.TestConciergeHoursAPI" name="test_put_concierge_hours_24x7_mode" time="0.184"><failure message="assert 422 == 200&#10; +  where 422 = &lt;Response [422]&gt;.status_code">backend/tests/test_concierge_hours.py:100: in test_put_concierge_hours_24x7_mode
    assert response.status_code == 200
E   assert 422 == 200
E    +  where 422 = &lt;Response [422]&gt;.status_code</failure></testcase><testcase classname="backend.tests.test_concierge_hours.TestConciergeHoursAPI" name="test_get_hours_after_update" time="0.412" /><testcase classname="backend.tests.test_concierge_hours.TestConciergeHoursAPI" name="test_concierge_status_endpoint" time="0.150" /><testcase classname="backend.tests.test_concierge_hours.TestConciergeHoursValidation" name="test_invalid_start_hour_rejected" time="0.207" /><testcase classname="backend.tests.test_concierge_hours.TestConciergeHoursValidation" name="test_invalid_end_hour_rejected" time="0.112" /></testsuite></testsuites>