<?xml version="1.0" encoding="utf-8"?><testsuites name="pytest tests"><testsuite name="pytest" errors="0" failures="0" skipped="0" tests="17" time="2.314" timestamp="2026-02-16T06:05:39.044844+00:00" hostname="agent-env-2bbae6de-7141-4087-a9fc-b46fe5458e45"><testcase classname="backend.tests.test_concierge_features.TestMemberNotifications" name="test_get_notifications_returns_200" time="0.227" /><testcase classname="backend.tests.test_concierge_features.TestMemberNotifications" name="test_notifications_have_required_fields" time="0.120" /><testcase classname="backend.tests.test_concierge_features.TestMemberNotifications" name="test_unread_count_is_numeric" time="0.138" /><testcase classname="backend.tests.test_concierge_features.TestConciergeStatus" name="test_status_endpoint_returns_200" time="0.107" /><testcase classname="backend.tests.test_concierge_features.TestConciergeStatus" name="test_status_has_required_fields" time="0.142" /><testcase classname="backend.tests.test_concierge_features.TestConciergeStatus" name="test_status_is_live_boolean" time="0.103" /><testcase classname="backend.tests.test_concierge_features.TestConciergeStatus" name="test_hours_config_in_response" time="0.112" /><testcase classname="backend.tests.test_concierge_features.TestServiceDeskTickets" name="test_tickets_endpoint_returns_200" time="0.123" /><testcase classname="backend.tests.test_concierge_features.TestServiceDeskTickets" name="test_tickets_have_messages" time="0.139" /><testcase classname="backend.tests.test_concierge_features.TestServiceDeskTickets" name="test_ticket_has_member_info" time="0.118" /><testcase classname="backend.tests.test_concierge_features.TestServiceDeskTickets" name="test_concierge_replies_in_messages" time="0.149" /><testcase classname="backend.tests.test_concierge_features.TestConciergeThreads" name="test_threads_endpoint_exists" time="0.112" /><testcase classname="backend.tests.test_concierge_features.TestConciergeThreads" name="test_concierge_home_endpoint" time="0.107" /><testcase classname="backend.tests.test_concierge_features.TestAdminReplyFlow" name="test_admin_login" time="0.106" /><testcase classname="backend.tests.test_concierge_features.TestAdminReplyFlow" name="test_tickets_reply_creates_notification" time="0.166" /><testcase classname="backend.tests.test_concierge_features.TestTwoWaySync" name="test_member_message_appears_in_ticket" time="0.149" /><testcase classname="backend.tests.test_concierge_features.TestTwoWaySync" name="test_admin_reply_has_notification_type" time="0.115" /></testsuite></testsuites>