<?xml version="1.0" encoding="utf-8"?><testsuites name="pytest tests"><testsuite name="pytest" errors="0" failures="0" skipped="0" tests="12" time="8.603" timestamp="2026-01-21T12:49:05.499725+00:00" hostname="agent-env-8bbe2985-3782-4ac0-b307-f3c9f4c85c46"><testcase classname="tests.test_mira_enhancements.TestMiraQuickPrompts" name="test_travel_quick_prompts" time="0.069" /><testcase classname="tests.test_mira_enhancements.TestMiraQuickPrompts" name="test_care_quick_prompts" time="0.037" /><testcase classname="tests.test_mira_enhancements.TestMiraQuickPrompts" name="test_stay_quick_prompts" time="0.037" /><testcase classname="tests.test_mira_enhancements.TestMiraQuickPrompts" name="test_dine_quick_prompts" time="0.038" /><testcase classname="tests.test_mira_enhancements.TestMiraQuickPrompts" name="test_emergency_quick_prompts" time="0.038" /><testcase classname="tests.test_mira_enhancements.TestMiraQuickPrompts" name="test_advisory_fallback_prompts" time="0.042" /><testcase classname="tests.test_mira_enhancements.TestMiraNewSession" name="test_create_new_session_unauthenticated" time="0.033" /><testcase classname="tests.test_mira_enhancements.TestMiraNewSession" name="test_create_new_session_authenticated" time="0.316" /><testcase classname="tests.test_mira_enhancements.TestMiraHistory" name="test_history_unauthenticated" time="0.079" /><testcase classname="tests.test_mira_enhancements.TestMiraHistory" name="test_history_authenticated" time="0.320" /><testcase classname="tests.test_mira_enhancements.TestMiraChatQuickPromptsInResponse" name="test_chat_returns_quick_prompts" time="4.434" /><testcase classname="tests.test_mira_enhancements.TestMiraResearchMode" name="test_non_research_query" time="3.103" /></testsuite></testsuites>