<?xml version="1.0" encoding="utf-8"?><testsuites name="pytest tests"><testsuite name="pytest" errors="0" failures="0" skipped="0" tests="8" time="0.501" timestamp="2026-02-03T17:04:22.198702+00:00" hostname="agent-env-8ecd41aa-276f-455d-9d38-42dfc7c285b2"><testcase classname="backend.tests.test_travel_page_features.TestTravelRequestAPI" name="test_travel_request_cab_type" time="0.116" /><testcase classname="backend.tests.test_travel_page_features.TestTravelRequestAPI" name="test_travel_request_flight_type" time="0.042" /><testcase classname="backend.tests.test_travel_page_features.TestTravelRequestAPI" name="test_travel_request_train_type" time="0.042" /><testcase classname="backend.tests.test_travel_page_features.TestTravelRequestAPI" name="test_travel_request_relocation_type" time="0.046" /><testcase classname="backend.tests.test_travel_page_features.TestTravelTypesAPI" name="test_get_travel_types" time="0.039" /><testcase classname="backend.tests.test_travel_page_features.TestTravelBundlesAPI" name="test_get_travel_bundles" time="0.039" /><testcase classname="backend.tests.test_travel_page_features.TestTravelProductsAPI" name="test_get_travel_products" time="0.068" /><testcase classname="backend.tests.test_travel_page_features.TestHealthEndpoint" name="test_health_check" time="0.038" /></testsuite></testsuites>