<?xml version="1.0" encoding="utf-8"?><testsuites name="pytest tests"><testsuite name="pytest" errors="0" failures="0" skipped="0" tests="11" time="0.575" timestamp="2026-02-01T09:24:02.132716+00:00" hostname="agent-env-aff9680f-c132-4d09-8388-881335bf1ac2"><testcase classname="backend.tests.test_iteration_166.TestBirthdayEngineAPI" name="test_birthday_engine_upcoming_returns_200" time="0.081" /><testcase classname="backend.tests.test_iteration_166.TestBirthdayEngineAPI" name="test_birthday_engine_stats" time="0.044" /><testcase classname="backend.tests.test_iteration_166.TestBirthdayEngineAPI" name="test_birthday_engine_promotions_history" time="0.039" /><testcase classname="backend.tests.test_iteration_166.TestServiceCatalogAPI" name="test_fit_pillar_services_exist" time="0.043" /><testcase classname="backend.tests.test_iteration_166.TestServiceCatalogAPI" name="test_celebrate_pillar_services_exist" time="0.044" /><testcase classname="backend.tests.test_iteration_166.TestServiceCatalogAPI" name="test_dine_pillar_services_exist" time="0.043" /><testcase classname="backend.tests.test_iteration_166.TestServiceCatalogAPI" name="test_care_pillar_services_exist" time="0.041" /><testcase classname="backend.tests.test_iteration_166.TestOccasionBoxAPI" name="test_birthday_box_template_exists" time="0.042" /><testcase classname="backend.tests.test_iteration_166.TestOccasionBoxAPI" name="test_gotcha_day_box_template_exists" time="0.042" /><testcase classname="backend.tests.test_iteration_166.TestPillarResolverAPI" name="test_celebrate_pillar_products" time="0.051" /><testcase classname="backend.tests.test_iteration_166.TestCelebratePageURLParam" name="test_celebrate_page_loads" time="0.038" /></testsuite></testsuites>