<?xml version="1.0" encoding="utf-8"?><testsuites name="pytest tests"><testsuite name="pytest" errors="0" failures="0" skipped="0" tests="15" time="27.084" timestamp="2026-03-15T08:40:02.174563+00:00" hostname="agent-env-cdc1e511-adf3-40bc-bbb4-71de49bcdce7"><testcase classname="backend.tests.test_admin_pricing_bundles_iteration_132.TestBundlesAPI" name="test_get_all_bundles_active_only_false" time="11.032" /><testcase classname="backend.tests.test_admin_pricing_bundles_iteration_132.TestBundlesAPI" name="test_get_bundles_pillar_breakdown" time="0.125" /><testcase classname="backend.tests.test_admin_pricing_bundles_iteration_132.TestBundlesAPI" name="test_get_bundles_default_active_only" time="13.534" /><testcase classname="backend.tests.test_admin_pricing_bundles_iteration_132.TestBundlesAPI" name="test_get_bundle_by_id" time="0.302" /><testcase classname="backend.tests.test_admin_pricing_bundles_iteration_132.TestBundlesAPI" name="test_patch_bundle_pricing" time="0.226" /><testcase classname="backend.tests.test_admin_pricing_bundles_iteration_132.TestBundlesAPI" name="test_patch_bundle_pricing_404" time="0.103" /><testcase classname="backend.tests.test_admin_pricing_bundles_iteration_132.TestBundlesAPI" name="test_bundle_items_are_serializable" time="0.146" /><testcase classname="backend.tests.test_admin_pricing_bundles_iteration_132.TestPricingProductsAPI" name="test_products_total_count" time="0.240" /><testcase classname="backend.tests.test_admin_pricing_bundles_iteration_132.TestPricingProductsAPI" name="test_products_stats_endpoint" time="0.108" /><testcase classname="backend.tests.test_admin_pricing_bundles_iteration_132.TestPricingProductsAPI" name="test_products_returns_list" time="0.130" /><testcase classname="backend.tests.test_admin_pricing_bundles_iteration_132.TestServicesAPI" name="test_services_load" time="0.128" /><testcase classname="backend.tests.test_admin_pricing_bundles_iteration_132.TestServicesAPI" name="test_services_total_count" time="0.135" /><testcase classname="backend.tests.test_admin_pricing_bundles_iteration_132.TestArchitectureAuditDoc" name="test_architecture_audit_accessible" time="0.110" /><testcase classname="backend.tests.test_admin_pricing_bundles_iteration_132.TestArchitectureAuditDoc" name="test_architecture_audit_returns_html" time="0.122" /><testcase classname="backend.tests.test_admin_pricing_bundles_iteration_132.TestBundlesCRUD" name="test_create_and_delete_bundle" time="0.532" /></testsuite></testsuites>