<?xml version="1.0" encoding="utf-8"?><testsuites name="pytest tests"><testsuite name="pytest" errors="0" failures="0" skipped="0" tests="10" time="0.498" timestamp="2026-01-25T03:58:26.208308+00:00" hostname="agent-env-a4aeed0d-7b90-4270-a525-01532b59b640"><testcase classname="backend.tests.test_forms_api.TestTravelAPI" name="test_travel_request_cab" time="0.054" /><testcase classname="backend.tests.test_forms_api.TestTravelAPI" name="test_travel_request_flight" time="0.040" /><testcase classname="backend.tests.test_forms_api.TestAdvisoryAPI" name="test_advisory_request_behaviour" time="0.041" /><testcase classname="backend.tests.test_forms_api.TestAdvisoryAPI" name="test_advisory_request_nutrition" time="0.041" /><testcase classname="backend.tests.test_forms_api.TestStayAPI" name="test_get_stay_properties" time="0.039" /><testcase classname="backend.tests.test_forms_api.TestStayAPI" name="test_stay_booking_request" time="0.076" /><testcase classname="backend.tests.test_forms_api.TestStayAPI" name="test_stay_booking_invalid_property" time="0.036" /><testcase classname="backend.tests.test_forms_api.TestPetSoulScoreAPI" name="test_get_pet_score" time="0.035" /><testcase classname="backend.tests.test_forms_api.TestHealthAPI" name="test_health_check" time="0.036" /><testcase classname="backend.tests.test_forms_api.TestHealthAPI" name="test_db_health" time="0.036" /></testsuite></testsuites>