<?xml version="1.0" encoding="utf-8"?><testsuites name="pytest tests"><testsuite name="pytest" errors="0" failures="1" skipped="0" tests="14" time="5.858" timestamp="2026-01-26T09:33:15.611407+00:00" hostname="agent-env-b075c03d-f8f7-4f85-85c5-643b07963745"><testcase classname="backend.tests.test_iteration_84.TestHealthAndBasics" name="test_api_health" time="0.068" /><testcase classname="backend.tests.test_iteration_84.TestHealthAndBasics" name="test_db_health" time="0.037" /><testcase classname="backend.tests.test_iteration_84.TestUniversalSearch" name="test_search_travel_returns_travel_page" time="0.052" /><testcase classname="backend.tests.test_iteration_84.TestUniversalSearch" name="test_search_what_is_td_returns_about_page" time="0.044" /><testcase classname="backend.tests.test_iteration_84.TestUniversalSearch" name="test_search_event_returns_event_results" time="0.042"><failure message="assert 520 == 200&#10; +  where 520 = &lt;Response [520]&gt;.status_code">backend/tests/test_iteration_84.py:92: in test_search_event_returns_event_results
    assert response.status_code == 200
E   assert 520 == 200
E    +  where 520 = &lt;Response [520]&gt;.status_code</failure></testcase><testcase classname="backend.tests.test_iteration_84.TestProductOptions" name="test_product_has_options" time="0.042" /><testcase classname="backend.tests.test_iteration_84.TestProductOptions" name="test_unified_products_have_options" time="0.198" /><testcase classname="backend.tests.test_iteration_84.TestAIDescriptionEnhancer" name="test_enhance_single_product" time="1.587" /><testcase classname="backend.tests.test_iteration_84.TestSmartRecommendations" name="test_recommendations_by_user_id" time="0.072" /><testcase classname="backend.tests.test_iteration_84.TestSmartRecommendations" name="test_recommendations_by_email" time="0.075" /><testcase classname="backend.tests.test_iteration_84.TestShopifySync" name="test_shopify_sync_endpoint_exists" time="2.881" /><testcase classname="backend.tests.test_iteration_84.TestUserAuthentication" name="test_user_login" time="0.323" /><testcase classname="backend.tests.test_iteration_84.TestUserAuthentication" name="test_get_user_pets" time="0.316" /><testcase classname="backend.tests.test_iteration_84.TestTypeaheadSearch" name="test_typeahead_returns_products" time="0.037" /></testsuite></testsuites>