<?xml version="1.0" encoding="utf-8"?><testsuites name="pytest tests"><testsuite name="pytest" errors="0" failures="0" skipped="0" tests="6" time="2.084" timestamp="2026-03-04T03:06:43.403536+00:00" hostname="agent-env-81585c44-cde6-4b8f-a75a-071df401909f"><testcase classname="tests.test_stay_pillar.TestStayPillarProducts" name="test_products_api_returns_stay_products" time="0.328" /><testcase classname="tests.test_stay_pillar.TestStayPillarProducts" name="test_stay_products_include_expected_categories" time="0.195" /><testcase classname="tests.test_stay_pillar.TestStayPillarProducts" name="test_stay_products_total_count" time="0.117" /><testcase classname="tests.test_stay_pillar.TestStayRequestTicket" name="test_create_stay_request_ticket" time="0.968" /><testcase classname="tests.test_stay_pillar.TestStayRequestTicket" name="test_ticket_without_auth" time="0.281" /><testcase classname="tests.test_stay_pillar.TestStayPillarQuery" name="test_or_query_for_pillar_and_pillars" time="0.127" /></testsuite></testsuites>