<?xml version="1.0" encoding="utf-8"?><testsuites name="pytest tests"><testsuite name="pytest" errors="0" failures="0" skipped="0" tests="9" time="0.800" timestamp="2026-01-29T15:42:06.557388+00:00" hostname="agent-env-ebe3e12d-91e6-4aca-aa57-5109836c5c29"><testcase classname="backend.tests.test_sev1_unified_flow_all_endpoints.TestUnifiedFlowCare" name="test_care_request_returns_unified_ids" time="0.065" /><testcase classname="backend.tests.test_sev1_unified_flow_all_endpoints.TestUnifiedFlowFit" name="test_fit_request_returns_unified_ids" time="0.044" /><testcase classname="backend.tests.test_sev1_unified_flow_all_endpoints.TestUnifiedFlowTravel" name="test_travel_request_returns_unified_ids" time="0.048" /><testcase classname="backend.tests.test_sev1_unified_flow_all_endpoints.TestUnifiedFlowEnjoy" name="test_enjoy_rsvp_returns_unified_ids" time="0.042" /><testcase classname="backend.tests.test_sev1_unified_flow_all_endpoints.TestUnifiedFlowServices" name="test_unified_book_returns_unified_ids" time="0.043" /><testcase classname="backend.tests.test_sev1_unified_flow_all_endpoints.TestUnifiedFlowConcierge" name="test_concierge_request_returns_unified_ids" time="0.043" /><testcase classname="backend.tests.test_sev1_unified_flow_all_endpoints.TestUnifiedFlowDine" name="test_dine_reservation_returns_unified_ids" time="0.371" /><testcase classname="backend.tests.test_sev1_unified_flow_all_endpoints.TestHealthCheck" name="test_api_health" time="0.038" /><testcase classname="backend.tests.test_sev1_unified_flow_all_endpoints.TestDatabaseVerification" name="test_care_request_creates_db_entries" time="0.042" /></testsuite></testsuites>