<?xml version="1.0" encoding="utf-8"?><testsuites name="pytest tests"><testsuite name="pytest" errors="0" failures="0" skipped="0" tests="11" time="2.757" timestamp="2026-01-25T09:52:19.074282+00:00" hostname="agent-env-cf10c009-dc4d-40f0-9008-5c76bc27411d"><testcase classname="tests.test_bug_fixes_iteration64.TestAuthentication" name="test_user_login" time="0.325" /><testcase classname="tests.test_bug_fixes_iteration64.TestPetSoulAnswers" name="test_get_pet_profile" time="0.315" /><testcase classname="tests.test_bug_fixes_iteration64.TestPetSoulAnswers" name="test_patch_soul_answers_endpoint_exists" time="0.322" /><testcase classname="tests.test_bug_fixes_iteration64.TestPetSoulAnswers" name="test_patch_soul_answers_updates_data" time="0.383" /><testcase classname="tests.test_bug_fixes_iteration64.TestPetSoulAnswers" name="test_post_soul_answer_single" time="0.319" /><testcase classname="tests.test_bug_fixes_iteration64.TestPhotoUpload" name="test_photo_upload_endpoint_exists" time="0.310" /><testcase classname="tests.test_bug_fixes_iteration64.TestShopProducts" name="test_products_endpoint" time="0.168" /><testcase classname="tests.test_bug_fixes_iteration64.TestShopProducts" name="test_products_count_for_shop" time="0.160" /><testcase classname="tests.test_bug_fixes_iteration64.TestFarewellAndShopPages" name="test_health_endpoint" time="0.034" /><testcase classname="tests.test_bug_fixes_iteration64.TestFarewellAndShopPages" name="test_pillars_endpoint" time="0.041" /><testcase classname="tests.test_bug_fixes_iteration64.TestPetSoulLinks" name="test_pet_endpoint_works" time="0.318" /></testsuite></testsuites>