<?xml version="1.0" encoding="utf-8"?><testsuites name="pytest tests"><testsuite name="pytest" errors="0" failures="0" skipped="0" tests="15" time="0.703" timestamp="2026-01-20T14:43:57.108665+00:00" hostname="agent-env-7f337255-1807-4b25-959b-a73d7856ceb8"><testcase classname="tests.test_iteration_34.TestPetSoulFitEndpoint" name="test_record_fit_activity_invalid_pet_returns_404" time="0.058" /><testcase classname="tests.test_iteration_34.TestPetSoulFitEndpoint" name="test_record_fit_activity_valid_payload_structure" time="0.036" /><testcase classname="tests.test_iteration_34.TestPetSoulAdvisoryEndpoint" name="test_record_advisory_consult_invalid_pet_returns_404" time="0.038" /><testcase classname="tests.test_iteration_34.TestPetSoulAdvisoryEndpoint" name="test_record_advisory_consult_valid_payload_structure" time="0.041" /><testcase classname="tests.test_iteration_34.TestFitPageEndpoints" name="test_fit_plans_endpoint" time="0.037" /><testcase classname="tests.test_iteration_34.TestFitPageEndpoints" name="test_fit_products_endpoint" time="0.038" /><testcase classname="tests.test_iteration_34.TestFitPageEndpoints" name="test_fit_bundles_endpoint" time="0.033" /><testcase classname="tests.test_iteration_34.TestFitPageEndpoints" name="test_fit_request_endpoint_works" time="0.091" /><testcase classname="tests.test_iteration_34.TestAdvisoryPageEndpoints" name="test_advisory_advisors_endpoint" time="0.035" /><testcase classname="tests.test_iteration_34.TestAdvisoryPageEndpoints" name="test_advisory_products_endpoint" time="0.039" /><testcase classname="tests.test_iteration_34.TestAdvisoryPageEndpoints" name="test_advisory_bundles_endpoint" time="0.040" /><testcase classname="tests.test_iteration_34.TestAdvisoryPageEndpoints" name="test_advisory_request_endpoint_works" time="0.050" /><testcase classname="tests.test_iteration_34.TestMyPetsEndpoint" name="test_my_pets_endpoint_requires_auth" time="0.035" /><testcase classname="tests.test_iteration_34.TestHealthEndpoints" name="test_health_endpoint" time="0.033" /><testcase classname="tests.test_iteration_34.TestHealthEndpoints" name="test_api_health_endpoint" time="0.034" /></testsuite></testsuites>