<?xml version="1.0" encoding="utf-8"?><testsuites name="pytest tests"><testsuite name="pytest" errors="0" failures="0" skipped="0" tests="16" time="1.147" timestamp="2026-02-03T05:38:51.658337+00:00" hostname="agent-env-4b646217-6bb6-414e-a1b0-5936d932eb6b"><testcase classname="backend.tests.test_iteration_197_quote_builder.TestQuoteBuilderAPI" name="test_01_health_check" time="0.066" /><testcase classname="backend.tests.test_iteration_197_quote_builder.TestQuoteBuilderAPI" name="test_02_create_quote_success" time="0.044" /><testcase classname="backend.tests.test_iteration_197_quote_builder.TestQuoteBuilderAPI" name="test_03_get_quote_by_id" time="0.041" /><testcase classname="backend.tests.test_iteration_197_quote_builder.TestQuoteBuilderAPI" name="test_04_get_quotes_for_party_request" time="0.040" /><testcase classname="backend.tests.test_iteration_197_quote_builder.TestQuoteBuilderAPI" name="test_05_update_quote" time="0.128" /><testcase classname="backend.tests.test_iteration_197_quote_builder.TestQuoteBuilderAPI" name="test_06_send_quote" time="0.085" /><testcase classname="backend.tests.test_iteration_197_quote_builder.TestQuoteBuilderAPI" name="test_07_verify_member_notification_created" time="0.043" /><testcase classname="backend.tests.test_iteration_197_quote_builder.TestQuoteBuilderAPI" name="test_08_mark_quote_paid" time="0.094" /><testcase classname="backend.tests.test_iteration_197_quote_builder.TestQuoteBuilderAPI" name="test_09_get_all_quotes_admin" time="0.052" /><testcase classname="backend.tests.test_iteration_197_quote_builder.TestQuoteBuilderAPI" name="test_10_get_all_quotes_filtered_by_status" time="0.049" /><testcase classname="backend.tests.test_iteration_197_quote_builder.TestQuoteBuilderAPI" name="test_11_quote_not_found" time="0.038" /><testcase classname="backend.tests.test_iteration_197_quote_builder.TestQuoteBuilderAPI" name="test_12_create_quote_unauthorized" time="0.045" /><testcase classname="backend.tests.test_iteration_197_quote_builder.TestQuoteBuilderAPI" name="test_13_discount_calculation_accuracy" time="0.168" /><testcase classname="backend.tests.test_iteration_197_quote_builder.TestQuoteBuilderIntegration" name="test_01_party_ticket_has_quote_button_data" time="0.047" /><testcase classname="backend.tests.test_iteration_197_quote_builder.TestQuoteBuilderIntegration" name="test_02_quote_updates_ticket_status" time="0.047" /><testcase classname="backend.tests.test_iteration_197_quote_builder.TestQuoteBuilderIntegration" name="test_03_existing_quote_linked_to_ticket" time="0.085" /></testsuite></testsuites>