<?xml version="1.0" encoding="utf-8"?><testsuites name="pytest tests"><testsuite name="pytest" errors="0" failures="0" skipped="0" tests="15" time="3.370" timestamp="2026-02-14T06:08:52.680774+00:00" hostname="agent-env-96c40da3-88b3-4226-9c64-65ea273e090f"><testcase classname="backend.tests.test_life_timeline.TestLifeTimelineAPI" name="test_get_timeline_returns_200" time="1.669" /><testcase classname="backend.tests.test_life_timeline.TestLifeTimelineAPI" name="test_get_timeline_returns_expected_structure" time="0.105" /><testcase classname="backend.tests.test_life_timeline.TestLifeTimelineAPI" name="test_timeline_includes_birthday_from_dob" time="0.109" /><testcase classname="backend.tests.test_life_timeline.TestLifeTimelineAPI" name="test_timeline_includes_adoption_date" time="0.130" /><testcase classname="backend.tests.test_life_timeline.TestLifeTimelineAPI" name="test_timeline_includes_last_vet_visit" time="0.119" /><testcase classname="backend.tests.test_life_timeline.TestLifeTimelineAPI" name="test_timeline_includes_last_grooming" time="0.112" /><testcase classname="backend.tests.test_life_timeline.TestLifeTimelineAPI" name="test_timeline_categories_are_counted" time="0.119" /><testcase classname="backend.tests.test_life_timeline.TestLifeTimelineAPI" name="test_timeline_is_sorted_by_date" time="0.110" /><testcase classname="backend.tests.test_life_timeline.TestLifeTimelineAPI" name="test_timeline_respects_limit" time="0.109" /><testcase classname="backend.tests.test_life_timeline.TestLifeTimelineAPI" name="test_timeline_invalid_pet_returns_404" time="0.115" /><testcase classname="backend.tests.test_life_timeline.TestLifeTimelineAPI" name="test_add_timeline_event_success" time="0.104" /><testcase classname="backend.tests.test_life_timeline.TestLifeTimelineAPI" name="test_added_event_appears_in_timeline" time="0.110" /><testcase classname="backend.tests.test_life_timeline.TestLifeTimelineAPI" name="test_delete_timeline_event_success" time="0.098" /><testcase classname="backend.tests.test_life_timeline.TestLifeTimelineAPI" name="test_deleted_event_not_in_timeline" time="0.148" /><testcase classname="backend.tests.test_life_timeline.TestLifeTimelineAPI" name="test_delete_nonexistent_event_behavior" time="0.106" /></testsuite></testsuites>