<?xml version="1.0" encoding="utf-8"?><testsuites name="pytest tests"><testsuite name="pytest" errors="0" failures="9" skipped="2" tests="19" time="7.221" timestamp="2026-02-13T05:26:59.271792+00:00" hostname="agent-env-1f5a345f-bf6f-46a1-8677-6541c14755f0"><testcase classname="backend.tests.test_member_logic_card_verification.TestSetup" name="test_api_health" time="4.359" /><testcase classname="backend.tests.test_member_logic_card_verification.TestSetup" name="test_user_login" time="0.615"><failure message="AssertionError: assert 'token' in {'access_token': 'eyJhbGciOiJIUzI1NiIsInR5cCI6IkpXVCJ9.eyJzdWIiOiJkaXBhbGlAY2x1YmNvbmNpZXJnZS5pbiIsInJvbGUiOiJ1c2VyIiwiZXhwIjoxNzcxNTY1MjI0fQ.2bWodzoGQXuSt50G8zqUJtF6m0rvExPjf55Jkdw_wbY', 'message': 'Login successful', 'mira_access': {'allowed': True, 'limit': 3, 'message': None, 'priority': False, ...}, 'token_type': 'bearer', ...}">backend/tests/test_member_logic_card_verification.py:55: in test_user_login
    assert "token" in data
E   AssertionError: assert 'token' in {'access_token': 'eyJhbGciOiJIUzI1NiIsInR5cCI6IkpXVCJ9.eyJzdWIiOiJkaXBhbGlAY2x1YmNvbmNpZXJnZS5pbiIsInJvbGUiOiJ1c2VyIiwiZXhwIjoxNzcxNTY1MjI0fQ.2bWodzoGQXuSt50G8zqUJtF6m0rvExPjf55Jkdw_wbY', 'message': 'Login successful', 'mira_access': {'allowed': True, 'limit': 3, 'message': None, 'priority': False, ...}, 'token_type': 'bearer', ...}</failure></testcase><testcase classname="backend.tests.test_member_logic_card_verification.TestScriptA_EmergencySuppression" name="test_emergency_chocolate_ingestion" time="0.530"><failure message="AssertionError: Chat failed: {&quot;detail&quot;:[{&quot;type&quot;:&quot;missing&quot;,&quot;loc&quot;:[&quot;body&quot;,&quot;message&quot;],&quot;msg&quot;:&quot;Field required&quot;,&quot;input&quot;:{&quot;input&quot;:&quot;my dog ate chocolate&quot;,&quot;pet_context&quot;:{&quot;id&quot;:&quot;demo&quot;,&quot;name&quot;:&quot;Test Dog&quot;},&quot;conversation_history&quot;:[]},&quot;url&quot;:&quot;https://errors.pydantic.dev/2.12/v/missing&quot;}]}&#10;assert 422 == 200&#10; +  where 422 = &lt;Response [422]&gt;.status_code">backend/tests/test_member_logic_card_verification.py:104: in test_emergency_chocolate_ingestion
    assert response.status_code == 200, f"Chat failed: {response.text}"
E   AssertionError: Chat failed: {"detail":[{"type":"missing","loc":["body","message"],"msg":"Field required","input":{"input":"my dog ate chocolate","pet_context":{"id":"demo","name":"Test Dog"},"conversation_history":[]},"url":"https://errors.pydantic.dev/2.12/v/missing"}]}
E   assert 422 == 200
E    +  where 422 = &lt;Response [422]&gt;.status_code</failure></testcase><testcase classname="backend.tests.test_member_logic_card_verification.TestScriptA_EmergencySuppression" name="test_emergency_gagging" time="0.080"><failure message="AssertionError: Chat failed: {&quot;detail&quot;:[{&quot;type&quot;:&quot;missing&quot;,&quot;loc&quot;:[&quot;body&quot;,&quot;message&quot;],&quot;msg&quot;:&quot;Field required&quot;,&quot;input&quot;:{&quot;input&quot;:&quot;my dog is gagging after eating something&quot;,&quot;pet_context&quot;:{&quot;id&quot;:&quot;demo&quot;,&quot;name&quot;:&quot;Test Dog&quot;},&quot;conversation_history&quot;:[]},&quot;url&quot;:&quot;https://errors.pydantic.dev/2.12/v/missing&quot;}]}&#10;assert 422 == 200&#10; +  where 422 = &lt;Response [422]&gt;.status_code">backend/tests/test_member_logic_card_verification.py:149: in test_emergency_gagging
    assert response.status_code == 200, f"Chat failed: {response.text}"
E   AssertionError: Chat failed: {"detail":[{"type":"missing","loc":["body","message"],"msg":"Field required","input":{"input":"my dog is gagging after eating something","pet_context":{"id":"demo","name":"Test Dog"},"conversation_history":[]},"url":"https://errors.pydantic.dev/2.12/v/missing"}]}
E   assert 422 == 200
E    +  where 422 = &lt;Response [422]&gt;.status_code</failure></testcase><testcase classname="backend.tests.test_member_logic_card_verification.TestScriptA_EmergencySuppression" name="test_emergency_choking" time="0.049"><failure message="AssertionError: Chat failed: {&quot;detail&quot;:[{&quot;type&quot;:&quot;missing&quot;,&quot;loc&quot;:[&quot;body&quot;,&quot;message&quot;],&quot;msg&quot;:&quot;Field required&quot;,&quot;input&quot;:{&quot;input&quot;:&quot;my dog is choking and can't breathe&quot;,&quot;pet_context&quot;:{&quot;id&quot;:&quot;demo&quot;,&quot;name&quot;:&quot;Test Dog&quot;},&quot;conversation_history&quot;:[]},&quot;url&quot;:&quot;https://errors.pydantic.dev/2.12/v/missing&quot;}]}&#10;assert 422 == 200&#10; +  where 422 = &lt;Response [422]&gt;.status_code">backend/tests/test_member_logic_card_verification.py:183: in test_emergency_choking
    assert response.status_code == 200, f"Chat failed: {response.text}"
E   AssertionError: Chat failed: {"detail":[{"type":"missing","loc":["body","message"],"msg":"Field required","input":{"input":"my dog is choking and can't breathe","pet_context":{"id":"demo","name":"Test Dog"},"conversation_history":[]},"url":"https://errors.pydantic.dev/2.12/v/missing"}]}
E   assert 422 == 200
E    +  where 422 = &lt;Response [422]&gt;.status_code</failure></testcase><testcase classname="backend.tests.test_member_logic_card_verification.TestScriptA_EmergencySuppression" name="test_emergency_vomiting_blood" time="0.056"><failure message="assert 422 == 200&#10; +  where 422 = &lt;Response [422]&gt;.status_code">backend/tests/test_member_logic_card_verification.py:219: in test_emergency_vomiting_blood
    assert response.status_code == 200
E   assert 422 == 200
E    +  where 422 = &lt;Response [422]&gt;.status_code</failure></testcase><testcase classname="backend.tests.test_member_logic_card_verification.TestScriptB_PawPointsAwarding" name="test_get_paw_points_balance" time="0.414"><failure message="AssertionError: Balance API failed: {&quot;detail&quot;:&quot;Invalid token&quot;}&#10;assert 401 == 200&#10; +  where 401 = &lt;Response [401]&gt;.status_code">backend/tests/test_member_logic_card_verification.py:260: in test_get_paw_points_balance
    assert response.status_code == 200, f"Balance API failed: {response.text}"
E   AssertionError: Balance API failed: {"detail":"Invalid token"}
E   assert 401 == 200
E    +  where 401 = &lt;Response [401]&gt;.status_code</failure></testcase><testcase classname="backend.tests.test_member_logic_card_verification.TestScriptB_PawPointsAwarding" name="test_get_paw_points_history" time="0.062"><failure message="AssertionError: History API failed: {&quot;detail&quot;:&quot;Invalid token&quot;}&#10;assert 401 == 200&#10; +  where 401 = &lt;Response [401]&gt;.status_code">backend/tests/test_member_logic_card_verification.py:279: in test_get_paw_points_history
    assert response.status_code == 200, f"History API failed: {response.text}"
E   AssertionError: History API failed: {"detail":"Invalid token"}
E   assert 401 == 200
E    +  where 401 = &lt;Response [401]&gt;.status_code</failure></testcase><testcase classname="backend.tests.test_member_logic_card_verification.TestScriptB_PawPointsAwarding" name="test_get_reward_catalog" time="0.056"><failure message="AssertionError: Catalog API failed: {&quot;detail&quot;:&quot;Invalid token&quot;}&#10;assert 401 == 200&#10; +  where 401 = &lt;Response [401]&gt;.status_code">backend/tests/test_member_logic_card_verification.py:301: in test_get_reward_catalog
    assert response.status_code == 200, f"Catalog API failed: {response.text}"
E   AssertionError: Catalog API failed: {"detail":"Invalid token"}
E   assert 401 == 200
E    +  where 401 = &lt;Response [401]&gt;.status_code</failure></testcase><testcase classname="backend.tests.test_member_logic_card_verification.TestScriptB_PawPointsAwarding" name="test_get_ways_to_earn" time="0.074" /><testcase classname="backend.tests.test_member_logic_card_verification.TestScriptC_SoulQuestionsAndBadges" name="test_get_soul_questions_bank" time="0.064" /><testcase classname="backend.tests.test_member_logic_card_verification.TestScriptC_SoulQuestionsAndBadges" name="test_get_pet_soul_profile" time="0.446"><skipped type="pytest.skip" message="No pets found for user">/app/backend/tests/test_member_logic_card_verification.py:383: No pets found for user</skipped></testcase><testcase classname="backend.tests.test_member_logic_card_verification.TestScriptC_SoulQuestionsAndBadges" name="test_get_pet_soul_progress" time="0.000"><skipped type="pytest.skip" message="No pets found for user">/app/backend/tests/test_member_logic_card_verification.py:403: No pets found for user</skipped></testcase><testcase classname="backend.tests.test_member_logic_card_verification.TestScriptC_SoulQuestionsAndBadges" name="test_sync_achievements_idempotent" time="0.116"><failure message="AssertionError: Sync failed: {&quot;detail&quot;:&quot;Invalid token&quot;}&#10;assert 401 == 200&#10; +  where 401 = &lt;Response [401]&gt;.status_code">backend/tests/test_member_logic_card_verification.py:431: in test_sync_achievements_idempotent
    assert response1.status_code == 200, f"Sync failed: {response1.text}"
E   AssertionError: Sync failed: {"detail":"Invalid token"}
E   assert 401 == 200
E    +  where 401 = &lt;Response [401]&gt;.status_code</failure></testcase><testcase classname="backend.tests.test_member_logic_card_verification.TestScriptC_SoulQuestionsAndBadges" name="test_badge_thresholds_from_config" time="0.000" /><testcase classname="backend.tests.test_member_logic_card_verification.TestScriptC_SoulQuestionsAndBadges" name="test_points_per_soul_question_from_config" time="0.000" /><testcase classname="backend.tests.test_member_logic_card_verification.TestMemberLogicConfigVerification" name="test_badge_definitions" time="0.000" /><testcase classname="backend.tests.test_member_logic_card_verification.TestMemberLogicConfigVerification" name="test_paw_points_rules" time="0.000" /><testcase classname="backend.tests.test_member_logic_card_verification.TestMemberLogicConfigVerification" name="test_emergency_suppression_rules" time="0.000" /></testsuite></testsuites>