<?xml version="1.0" encoding="utf-8"?><testsuites name="pytest tests"><testsuite name="pytest" errors="0" failures="1" skipped="0" tests="8" time="55.743" timestamp="2026-02-18T05:41:20.835978+00:00" hostname="agent-env-c43e329e-07b0-4aa5-92b0-1addb5d47500"><testcase classname="backend.tests.test_soul_learning_engine_iteration_213.TestSoulLearningEngine" name="test_01_load_pet_soul_returns_medical_conditions_arthritis" time="0.508"><failure message="AssertionError: Expected 'arthritis' in health_conditions, got: &#10;assert 'arthritis' in ''&#10; +  where '' = &lt;built-in method lower of str object at 0xff40af881188&gt;()&#10; +    where &lt;built-in method lower of str object at 0xff40af881188&gt; = ''.lower">backend/tests/test_soul_learning_engine_iteration_213.py:71: in test_01_load_pet_soul_returns_medical_conditions_arthritis
    assert "arthritis" in health_conditions.lower(), \
E   AssertionError: Expected 'arthritis' in health_conditions, got: 
E   assert 'arthritis' in ''
E    +  where '' = &lt;built-in method lower of str object at 0xff40af881188&gt;()
E    +    where &lt;built-in method lower of str object at 0xff40af881188&gt; = ''.lower</failure></testcase><testcase classname="backend.tests.test_soul_learning_engine_iteration_213.TestSoulLearningEngine" name="test_02_mira_chat_returns_memory_trace" time="11.619" /><testcase classname="backend.tests.test_soul_learning_engine_iteration_213.TestSoulLearningEngine" name="test_03_soul_learning_extracts_dislikes" time="8.268" /><testcase classname="backend.tests.test_soul_learning_engine_iteration_213.TestSoulLearningEngine" name="test_04_pet_context_loads_soul_data_from_database" time="9.633" /><testcase classname="backend.tests.test_soul_learning_engine_iteration_213.TestSoulLearningEngine" name="test_05_mira_acknowledges_known_allergies_no_reask" time="3.820" /><testcase classname="backend.tests.test_soul_learning_engine_iteration_213.TestSoulLearningEngine" name="test_06_memory_values_include_health_conditions" time="16.786" /><testcase classname="backend.tests.test_soul_learning_engine_iteration_213.TestSoulLearningEngine" name="test_07_soul_enrichments_already_saved" time="0.511" /><testcase classname="backend.tests.test_soul_learning_engine_iteration_213.TestSoulLearningEngine" name="test_08_not_saved_reason_for_ephemeral" time="4.509" /></testsuite></testsuites>