<?xml version="1.0" encoding="utf-8"?><testsuites name="pytest tests"><testsuite name="pytest" errors="0" failures="0" skipped="0" tests="23" time="3.699" timestamp="2026-01-23T18:30:15.245146+00:00" hostname="agent-env-bfa75557-5c35-4ae4-9035-1bb869a25811"><testcase classname="backend.tests.test_orders_autoship_routes.TestHealthAndBasics" name="test_health_endpoint" time="0.060" /><testcase classname="backend.tests.test_orders_autoship_routes.TestHealthAndBasics" name="test_products_endpoint" time="0.143" /><testcase classname="backend.tests.test_orders_autoship_routes.TestAuthentication" name="test_login_success" time="0.300" /><testcase classname="backend.tests.test_orders_autoship_routes.TestAuthentication" name="test_login_invalid_credentials" time="0.040" /><testcase classname="backend.tests.test_orders_autoship_routes.TestOrdersRoutes" name="test_get_my_orders_authenticated" time="0.318" /><testcase classname="backend.tests.test_orders_autoship_routes.TestOrdersRoutes" name="test_get_my_orders_unauthenticated" time="0.080" /><testcase classname="backend.tests.test_orders_autoship_routes.TestOrdersRoutes" name="test_create_order" time="0.533" /><testcase classname="backend.tests.test_orders_autoship_routes.TestOrdersRoutes" name="test_get_order_by_id" time="0.432" /><testcase classname="backend.tests.test_orders_autoship_routes.TestOrdersRoutes" name="test_get_order_not_found" time="0.039" /><testcase classname="backend.tests.test_orders_autoship_routes.TestAutoshipRoutes" name="test_get_my_subscriptions_authenticated" time="0.319" /><testcase classname="backend.tests.test_orders_autoship_routes.TestAutoshipRoutes" name="test_get_my_subscriptions_unauthenticated" time="0.038" /><testcase classname="backend.tests.test_orders_autoship_routes.TestAutoshipRoutes" name="test_create_autoship_product_not_found" time="0.317" /><testcase classname="backend.tests.test_orders_autoship_routes.TestAutoshipRoutes" name="test_pause_subscription_not_found" time="0.317" /><testcase classname="backend.tests.test_orders_autoship_routes.TestAutoshipRoutes" name="test_resume_subscription_not_found" time="0.316" /><testcase classname="backend.tests.test_orders_autoship_routes.TestAutoshipAdminRoutes" name="test_get_all_subscriptions_admin" time="0.040" /><testcase classname="backend.tests.test_orders_autoship_routes.TestAutoshipAdminRoutes" name="test_get_all_subscriptions_unauthorized" time="0.034" /><testcase classname="backend.tests.test_orders_autoship_routes.TestAutoshipAdminRoutes" name="test_get_autoship_stats_admin" time="0.042" /><testcase classname="backend.tests.test_orders_autoship_routes.TestAutoshipAdminRoutes" name="test_get_autoship_stats_unauthorized" time="0.038" /><testcase classname="backend.tests.test_orders_autoship_routes.TestPreviouslyRefactoredRoutes" name="test_cart_abandoned_carts_admin" time="0.040" /><testcase classname="backend.tests.test_orders_autoship_routes.TestPreviouslyRefactoredRoutes" name="test_loyalty_balance" time="0.040" /><testcase classname="backend.tests.test_orders_autoship_routes.TestPreviouslyRefactoredRoutes" name="test_loyalty_stats_admin" time="0.044" /><testcase classname="backend.tests.test_orders_autoship_routes.TestPreviouslyRefactoredRoutes" name="test_discount_codes_admin" time="0.045" /><testcase classname="backend.tests.test_orders_autoship_routes.TestPreviouslyRefactoredRoutes" name="test_sync_status_admin" time="0.036" /></testsuite></testsuites>