<?xml version="1.0" encoding="utf-8"?><testsuites name="pytest tests"><testsuite name="pytest" errors="0" failures="0" skipped="0" tests="18" time="81.800" timestamp="2026-02-12T06:45:07.382499+00:00" hostname="agent-env-a9ae90e0-f721-4e00-8acd-ab4d344c0c71"><testcase classname="backend.tests.test_celebrate_cake_flow.TestCelebratePillarDetection" name="test_birthday_query_routes_to_celebrate" time="4.906" /><testcase classname="backend.tests.test_celebrate_cake_flow.TestCelebratePillarDetection" name="test_party_query_routes_to_celebrate" time="2.678" /><testcase classname="backend.tests.test_celebrate_cake_flow.TestCelebratePillarDetection" name="test_cake_query_routes_to_celebrate" time="2.598" /><testcase classname="backend.tests.test_celebrate_cake_flow.TestOsContextCelebrateContext" name="test_celebrate_context_generated_for_birthday_query" time="4.921" /><testcase classname="backend.tests.test_celebrate_cake_flow.TestOsContextCelebrateContext" name="test_celebrate_context_includes_chicken_allergy" time="2.488" /><testcase classname="backend.tests.test_celebrate_cake_flow.TestOsContextCelebratePicks" name="test_celebrate_picks_generated_for_cake_query" time="4.199" /><testcase classname="backend.tests.test_celebrate_cake_flow.TestOsContextCelebratePicks" name="test_celebrate_picks_include_cake_options" time="2.181" /><testcase classname="backend.tests.test_celebrate_cake_flow.TestOsContextCelebratePicks" name="test_celebrate_picks_have_concierge_always_flag" time="3.943" /><testcase classname="backend.tests.test_celebrate_cake_flow.TestImmediateCakeOptionsNoPermissionLoop" name="test_suggest_cake_options_shows_immediately" time="5.051" /><testcase classname="backend.tests.test_celebrate_cake_flow.TestImmediateCakeOptionsNoPermissionLoop" name="test_show_cake_options_query" time="5.946" /><testcase classname="backend.tests.test_celebrate_cake_flow.TestNoIndieDigestionClaims" name="test_birthday_cake_response_no_indie_digestion_claims" time="4.592" /><testcase classname="backend.tests.test_celebrate_cake_flow.TestChickenAllergyRespected" name="test_cake_recommendations_mention_chicken_allergy" time="7.749" /><testcase classname="backend.tests.test_celebrate_cake_flow.TestChickenAllergyRespected" name="test_celebrate_picks_note_chicken_allergy" time="2.275" /><testcase classname="backend.tests.test_celebrate_cake_flow.TestBirthdayDetectionTemporalContext" name="test_temporal_context_detects_upcoming_birthday" time="7.913" /><testcase classname="backend.tests.test_celebrate_cake_flow.TestConciergeHandoffAvailable" name="test_concierge_handoff_for_birthday_party" time="4.168" /><testcase classname="backend.tests.test_celebrate_cake_flow.TestConciergeHandoffAvailable" name="test_concierge_handoff_for_cake_order" time="3.160" /><testcase classname="backend.tests.test_celebrate_cake_flow.TestPicksUpdateRefresh" name="test_picks_update_for_celebrate_pillar" time="3.655" /><testcase classname="backend.tests.test_celebrate_cake_flow.TestOutcomeLanguageNotSentToConcierge" name="test_no_sent_to_concierge_language" time="9.281" /></testsuite></testsuites>