<?xml version="1.0" encoding="utf-8"?><testsuites name="pytest tests"><testsuite name="pytest" errors="0" failures="0" skipped="0" tests="15" time="4.274" timestamp="2026-02-15T13:25:04.523214+00:00" hostname="agent-env-b420a970-951b-4bfb-84a1-18d668d2bc26"><testcase classname="backend.tests.test_realtime_concierge.TestConnectionAndStatus" name="test_connection_status_endpoint" time="0.227" /><testcase classname="backend.tests.test_realtime_concierge.TestConnectionAndStatus" name="test_connection_status_with_user_id" time="0.488" /><testcase classname="backend.tests.test_realtime_concierge.TestUnreadCount" name="test_unread_count_endpoint" time="0.453" /><testcase classname="backend.tests.test_realtime_concierge.TestUnreadCount" name="test_unread_count_missing_user_id" time="0.104" /><testcase classname="backend.tests.test_realtime_concierge.TestAdminUsers" name="test_get_users_for_initiation" time="0.117" /><testcase classname="backend.tests.test_realtime_concierge.TestAdminUsers" name="test_get_users_with_search" time="0.119" /><testcase classname="backend.tests.test_realtime_concierge.TestAdminInitiateConversation" name="test_admin_initiate_conversation" time="0.467" /><testcase classname="backend.tests.test_realtime_concierge.TestAdminInitiateConversation" name="test_admin_initiate_missing_fields" time="0.469" /><testcase classname="backend.tests.test_realtime_concierge.TestAdminThreads" name="test_get_admin_threads" time="0.119" /><testcase classname="backend.tests.test_realtime_concierge.TestAdminThreads" name="test_get_admin_threads_filtered_by_status" time="0.135" /><testcase classname="backend.tests.test_realtime_concierge.TestAdminThreadDetail" name="test_get_admin_thread_detail" time="0.205" /><testcase classname="backend.tests.test_realtime_concierge.TestAdminThreadDetail" name="test_get_admin_thread_not_found" time="0.255" /><testcase classname="backend.tests.test_realtime_concierge.TestAdminReply" name="test_send_admin_reply" time="0.227" /><testcase classname="backend.tests.test_realtime_concierge.TestAdminReply" name="test_send_admin_reply_to_nonexistent_thread" time="0.240" /><testcase classname="backend.tests.test_realtime_concierge.TestRealtimeRESTEndpoints" name="test_get_messages_with_status" time="0.557" /></testsuite></testsuites>