<?xml version="1.0" encoding="utf-8"?><testsuites name="pytest tests"><testsuite name="pytest" errors="0" failures="0" skipped="0" tests="11" time="8.750" timestamp="2026-03-15T12:11:35.818953+00:00" hostname="agent-env-5412a473-480e-43ee-ada2-137d7a8752c7"><testcase classname="backend.tests.test_celebrate_soul_nudge.TestQuickQuestionsEndpoint" name="test_quick_questions_mojo_returns_empty_with_94_score" time="7.330" /><testcase classname="backend.tests.test_celebrate_soul_nudge.TestQuickQuestionsEndpoint" name="test_quick_questions_returns_pet_id" time="0.109" /><testcase classname="backend.tests.test_celebrate_soul_nudge.TestQuickQuestionsEndpoint" name="test_quick_questions_returns_total_unanswered" time="0.115" /><testcase classname="backend.tests.test_celebrate_soul_nudge.TestQuickQuestionsEndpoint" name="test_quick_questions_no_auth_still_works" time="0.143" /><testcase classname="backend.tests.test_celebrate_soul_nudge.TestQuickQuestionsEndpoint" name="test_quick_questions_limit_respected" time="0.107" /><testcase classname="backend.tests.test_celebrate_soul_nudge.TestNoneConfirmedAllergyBugFix" name="test_mojo_food_allergies_are_chicken" time="0.224" /><testcase classname="backend.tests.test_celebrate_soul_nudge.TestNoneConfirmedAllergyBugFix" name="test_buddy_has_none_confirmed_in_db" time="0.109" /><testcase classname="backend.tests.test_celebrate_soul_nudge.TestPetSoulProfile" name="test_pet_soul_profile_returns_soul_score" time="0.154" /><testcase classname="backend.tests.test_celebrate_soul_nudge.TestPetSoulProfile" name="test_pet_soul_profile_returns_pet_name" time="0.142" /><testcase classname="backend.tests.test_celebrate_soul_nudge.TestPetSoulProfile" name="test_pet_soul_profile_invalid_pet_returns_404" time="0.113" /><testcase classname="backend.tests.test_celebrate_soul_nudge.TestPetSoulProfile" name="test_pet_soul_profile_mojo_has_correct_score" time="0.097" /></testsuite></testsuites>