<?xml version="1.0" encoding="utf-8"?><testsuites name="pytest tests"><testsuite name="pytest" errors="0" failures="0" skipped="0" tests="13" time="1.439" timestamp="2026-02-02T05:59:32.852120+00:00" hostname="agent-env-c303e919-860f-46fb-b8a3-8f193c0beb5f"><testcase classname="backend.tests.test_iteration_185.TestBuyingBehaviorEndpoints" name="test_purchase_history_endpoint_exists" time="0.070" /><testcase classname="backend.tests.test_iteration_185.TestBuyingBehaviorEndpoints" name="test_frequently_bought_together_endpoint_exists" time="0.073" /><testcase classname="backend.tests.test_iteration_185.TestBuyingBehaviorEndpoints" name="test_repeat_purchase_suggestions_endpoint_exists" time="0.034" /><testcase classname="backend.tests.test_iteration_185.TestBuyingBehaviorEndpoints" name="test_purchase_history_with_limit" time="0.033" /><testcase classname="backend.tests.test_iteration_185.TestBuyingBehaviorEndpoints" name="test_frequently_bought_together_with_limit" time="0.035" /><testcase classname="backend.tests.test_iteration_185.TestBuyingBehaviorEndpoints" name="test_repeat_suggestions_with_limit" time="0.034" /><testcase classname="backend.tests.test_iteration_185.TestAuthAndLogin" name="test_member_login" time="0.307" /><testcase classname="backend.tests.test_iteration_185.TestAuthAndLogin" name="test_get_user_pets" time="0.321" /><testcase classname="backend.tests.test_iteration_185.TestServiceCatalogEndpoints" name="test_service_catalog_list" time="0.036" /><testcase classname="backend.tests.test_iteration_185.TestServiceCatalogEndpoints" name="test_service_price_calculation" time="0.038" /><testcase classname="backend.tests.test_iteration_185.TestMiraQuickBook" name="test_quick_book_endpoint_exists" time="0.321" /><testcase classname="backend.tests.test_iteration_185.TestHealthCheck" name="test_api_health" time="0.034" /><testcase classname="backend.tests.test_iteration_185.TestHealthCheck" name="test_frontend_accessible" time="0.032" /></testsuite></testsuites>