<?xml version="1.0" encoding="utf-8"?><testsuites name="pytest tests"><testsuite name="pytest" errors="0" failures="0" skipped="0" tests="16" time="40.955" timestamp="2026-02-21T07:40:18.072572+00:00" hostname="agent-env-0f7c81ab-bf58-42b6-bd1a-dfb76043ba19"><testcase classname="tests.test_iteration_224_bible_compliance.TestTodayEndpoint" name="test_today_endpoint_exists" time="1.811" /><testcase classname="tests.test_iteration_224_bible_compliance.TestTodayEndpoint" name="test_today_response_structure" time="0.160" /><testcase classname="tests.test_iteration_224_bible_compliance.TestTodayEndpoint" name="test_today_items_have_required_fields" time="0.163" /><testcase classname="tests.test_iteration_224_bible_compliance.TestNotificationsEndpoint" name="test_notifications_endpoint_exists" time="0.457" /><testcase classname="tests.test_iteration_224_bible_compliance.TestNotificationsEndpoint" name="test_notifications_response_structure" time="0.109" /><testcase classname="tests.test_iteration_224_bible_compliance.TestNotificationsEndpoint" name="test_notifications_unread_only_filter" time="0.116" /><testcase classname="tests.test_iteration_224_bible_compliance.TestPlacesLocationFix" name="test_location_query_without_city_asks_user" time="0.524" /><testcase classname="tests.test_iteration_224_bible_compliance.TestPlacesLocationFix" name="test_health_checkup_no_places" time="5.944" /><testcase classname="tests.test_iteration_224_bible_compliance.TestPicksAPI" name="test_picks_in_chat_response" time="6.012" /><testcase classname="tests.test_iteration_224_bible_compliance.TestPicksAPI" name="test_picks_history_endpoint" time="0.132" /><testcase classname="tests.test_iteration_224_bible_compliance.TestTicketsAPI" name="test_active_tickets_endpoint" time="0.453" /><testcase classname="tests.test_iteration_224_bible_compliance.TestTicketsAPI" name="test_my_requests_endpoint" time="0.115" /><testcase classname="tests.test_iteration_224_bible_compliance.TestTicketsAPI" name="test_tickets_list_endpoint" time="0.162" /><testcase classname="tests.test_iteration_224_bible_compliance.TestMiraChat" name="test_chat_basic_response" time="1.982" /><testcase classname="tests.test_iteration_224_bible_compliance.TestMiraChat" name="test_chat_ticket_creation" time="22.170" /><testcase classname="tests.test_iteration_224_bible_compliance.TestPetProfile" name="test_pet_profile_fetch" time="0.550" /></testsuite></testsuites>