<?xml version="1.0" encoding="utf-8"?><testsuites name="pytest tests"><testsuite name="pytest" errors="0" failures="0" skipped="0" tests="9" time="1.840" timestamp="2026-01-22T14:02:30.393037+00:00" hostname="agent-env-1c7a1914-0923-4d7c-ad22-1598e3c50cc0"><testcase classname="tests.test_pet_soul_photo_vaccine.TestHealthCheck" name="test_api_health" time="0.070" /><testcase classname="tests.test_pet_soul_photo_vaccine.TestUserAuth" name="test_user_login" time="0.283" /><testcase classname="tests.test_pet_soul_photo_vaccine.TestPetSoulAnswers" name="test_get_my_pets_with_soul_data" time="0.364" /><testcase classname="tests.test_pet_soul_photo_vaccine.TestPetSoulAnswers" name="test_mojo_has_partial_soul_data" time="0.333" /><testcase classname="tests.test_pet_soul_photo_vaccine.TestVaccineAlerts" name="test_vaccine_alerts_endpoint" time="0.040" /><testcase classname="tests.test_pet_soul_photo_vaccine.TestVaccineAlerts" name="test_pet_vault_vaccines_for_mojo" time="0.047" /><testcase classname="tests.test_pet_soul_photo_vaccine.TestPetPhotoUpload" name="test_photo_upload_endpoint_exists" time="0.319" /><testcase classname="tests.test_pet_soul_photo_vaccine.TestPetPhotoUpload" name="test_photo_upload_rejects_non_image" time="0.325" /><testcase classname="tests.test_pet_soul_photo_vaccine.TestNavbarTravel" name="test_travel_pillar_config" time="0.000" /></testsuite></testsuites>