<?xml version="1.0" encoding="utf-8"?><testsuites name="pytest tests"><testsuite name="pytest" errors="0" failures="0" skipped="0" tests="9" time="41.110" timestamp="2026-02-14T17:05:29.257937+00:00" hostname="agent-env-01c0b524-8c17-40a3-bafc-ca47b3f0757b"><testcase classname="backend.tests.test_mira_os_fixes.TestAPIHealth" name="test_mira_endpoint_accessible" time="2.080" /><testcase classname="backend.tests.test_mira_os_fixes.TestGroomingClarifyingQuestions" name="test_grooming_query_asks_clarifying_question_first" time="6.392" /><testcase classname="backend.tests.test_mira_os_fixes.TestGroomingClarifyingQuestions" name="test_grooming_explicit_near_me_may_search" time="4.351" /><testcase classname="backend.tests.test_mira_os_fixes.TestQuickRepliesInResponse" name="test_grooming_query_returns_quick_replies" time="2.990" /><testcase classname="backend.tests.test_mira_os_fixes.TestLeashQueryNoMealPlanTipCard" name="test_leash_query_no_tip_card" time="4.352" /><testcase classname="backend.tests.test_mira_os_fixes.TestLeashQueryNoMealPlanTipCard" name="test_leash_query_not_meal_plan" time="4.595" /><testcase classname="backend.tests.test_mira_os_fixes.TestLeashQueryNoMealPlanTipCard" name="test_collar_query_no_tip_card" time="4.838" /><testcase classname="backend.tests.test_mira_os_fixes.TestBoardingClarifyingQuestions" name="test_boarding_query_asks_clarifying_question" time="3.507" /><testcase classname="backend.tests.test_mira_os_fixes.TestPetFirstDoctrine" name="test_response_mentions_pet_name" time="6.464" /></testsuite></testsuites>