<?xml version="1.0" encoding="utf-8"?><testsuites name="pytest tests"><testsuite name="pytest" errors="0" failures="0" skipped="0" tests="8" time="34.927" timestamp="2026-02-14T08:36:36.675581+00:00" hostname="agent-env-9e7abadb-90ea-41e4-806c-deaea6c92b4e"><testcase classname="tests.test_picks_auto_refresh.TestPicksAutoRefresh" name="test_chat_returns_picks_in_response" time="5.938" /><testcase classname="tests.test_picks_auto_refresh.TestPicksAutoRefresh" name="test_grooming_query_returns_care_pillar" time="6.248" /><testcase classname="tests.test_picks_auto_refresh.TestPicksAutoRefresh" name="test_birthday_query_returns_celebrate_pillar" time="3.965" /><testcase classname="tests.test_picks_auto_refresh.TestPicksAutoRefresh" name="test_picks_response_structure" time="4.848" /><testcase classname="tests.test_picks_auto_refresh.TestPicksAutoRefresh" name="test_travel_query_returns_travel_pillar" time="3.686" /><testcase classname="tests.test_picks_auto_refresh.TestPicksAutoRefresh" name="test_missing_profile_fields_returned" time="6.846" /><testcase classname="tests.test_picks_auto_refresh.TestPicksEndpointHealth" name="test_api_reachable" time="0.125" /><testcase classname="tests.test_picks_auto_refresh.TestPicksEndpointHealth" name="test_understand_endpoint_accessible" time="3.187" /></testsuite></testsuites>