<?xml version="1.0" encoding="utf-8"?><testsuites name="pytest tests"><testsuite name="pytest" errors="0" failures="1" skipped="0" tests="23" time="3.868" timestamp="2026-01-23T18:29:53.352675+00:00" hostname="agent-env-bfa75557-5c35-4ae4-9035-1bb869a25811"><testcase classname="backend.tests.test_orders_autoship_routes.TestHealthAndBasics" name="test_health_endpoint" time="0.096" /><testcase classname="backend.tests.test_orders_autoship_routes.TestHealthAndBasics" name="test_products_endpoint" time="0.142" /><testcase classname="backend.tests.test_orders_autoship_routes.TestAuthentication" name="test_login_success" time="0.309" /><testcase classname="backend.tests.test_orders_autoship_routes.TestAuthentication" name="test_login_invalid_credentials" time="0.038" /><testcase classname="backend.tests.test_orders_autoship_routes.TestOrdersRoutes" name="test_get_my_orders_authenticated" time="0.320" /><testcase classname="backend.tests.test_orders_autoship_routes.TestOrdersRoutes" name="test_get_my_orders_unauthenticated" time="0.038" /><testcase classname="backend.tests.test_orders_autoship_routes.TestOrdersRoutes" name="test_create_order" time="0.594" /><testcase classname="backend.tests.test_orders_autoship_routes.TestOrdersRoutes" name="test_get_order_by_id" time="0.522" /><testcase classname="backend.tests.test_orders_autoship_routes.TestOrdersRoutes" name="test_get_order_not_found" time="0.038" /><testcase classname="backend.tests.test_orders_autoship_routes.TestAutoshipRoutes" name="test_get_my_subscriptions_authenticated" time="0.315" /><testcase classname="backend.tests.test_orders_autoship_routes.TestAutoshipRoutes" name="test_get_my_subscriptions_unauthenticated" time="0.038" /><testcase classname="backend.tests.test_orders_autoship_routes.TestAutoshipRoutes" name="test_create_autoship_product_not_found" time="0.356" /><testcase classname="backend.tests.test_orders_autoship_routes.TestAutoshipRoutes" name="test_pause_subscription_not_found" time="0.318" /><testcase classname="backend.tests.test_orders_autoship_routes.TestAutoshipRoutes" name="test_resume_subscription_not_found" time="0.317" /><testcase classname="backend.tests.test_orders_autoship_routes.TestAutoshipAdminRoutes" name="test_get_all_subscriptions_admin" time="0.036" /><testcase classname="backend.tests.test_orders_autoship_routes.TestAutoshipAdminRoutes" name="test_get_all_subscriptions_unauthorized" time="0.036" /><testcase classname="backend.tests.test_orders_autoship_routes.TestAutoshipAdminRoutes" name="test_get_autoship_stats_admin" time="0.039" /><testcase classname="backend.tests.test_orders_autoship_routes.TestAutoshipAdminRoutes" name="test_get_autoship_stats_unauthorized" time="0.033" /><testcase classname="backend.tests.test_orders_autoship_routes.TestPreviouslyRefactoredRoutes" name="test_cart_abandoned_carts_admin" time="0.043" /><testcase classname="backend.tests.test_orders_autoship_routes.TestPreviouslyRefactoredRoutes" name="test_loyalty_balance" time="0.032" /><testcase classname="backend.tests.test_orders_autoship_routes.TestPreviouslyRefactoredRoutes" name="test_loyalty_stats_admin" time="0.036"><failure message="AssertionError: assert ('total_members' in {'config': {'multipliers': {'free': 1.0, 'pawsome': 1.5, 'premium': 2.0, 'vip': 3.0}, 'points_per_10_rupees': 1, 'redemption_value': 0.5}, 'potential_liability': 250.0, 'recent_transactions': [{'adjusted_by': 'aditya', 'created_at': '2026-01-14T04:52:34.610207+00:00', 'id': 'lpt-a54408622e89', 'points': 500, ...}], 'top_users': [{'email': 'test@example.com', 'loyalty_points': 500, 'membership_tier': 'free', 'name': 'Test User'}], ...} or 'members' in {'config': {'multipliers': {'free': 1.0, 'pawsome': 1.5, 'premium': 2.0, 'vip': 3.0}, 'points_per_10_rupees': 1, 'redemption_value': 0.5}, 'potential_liability': 250.0, 'recent_transactions': [{'adjusted_by': 'aditya', 'created_at': '2026-01-14T04:52:34.610207+00:00', 'id': 'lpt-a54408622e89', 'points': 500, ...}], 'top_users': [{'email': 'test@example.com', 'loyalty_points': 500, 'membership_tier': 'free', 'name': 'Test User'}], ...})">backend/tests/test_orders_autoship_routes.py:317: in test_loyalty_stats_admin
    assert "total_members" in data or "members" in data
E   AssertionError: assert ('total_members' in {'config': {'multipliers': {'free': 1.0, 'pawsome': 1.5, 'premium': 2.0, 'vip': 3.0}, 'points_per_10_rupees': 1, 'redemption_value': 0.5}, 'potential_liability': 250.0, 'recent_transactions': [{'adjusted_by': 'aditya', 'created_at': '2026-01-14T04:52:34.610207+00:00', 'id': 'lpt-a54408622e89', 'points': 500, ...}], 'top_users': [{'email': 'test@example.com', 'loyalty_points': 500, 'membership_tier': 'free', 'name': 'Test User'}], ...} or 'members' in {'config': {'multipliers': {'free': 1.0, 'pawsome': 1.5, 'premium': 2.0, 'vip': 3.0}, 'points_per_10_rupees': 1, 'redemption_value': 0.5}, 'potential_liability': 250.0, 'recent_transactions': [{'adjusted_by': 'aditya', 'created_at': '2026-01-14T04:52:34.610207+00:00', 'id': 'lpt-a54408622e89', 'points': 500, ...}], 'top_users': [{'email': 'test@example.com', 'loyalty_points': 500, 'membership_tier': 'free', 'name': 'Test User'}], ...})</failure></testcase><testcase classname="backend.tests.test_orders_autoship_routes.TestPreviouslyRefactoredRoutes" name="test_discount_codes_admin" time="0.036" /><testcase classname="backend.tests.test_orders_autoship_routes.TestPreviouslyRefactoredRoutes" name="test_sync_status_admin" time="0.038" /></testsuite></testsuites>