<?xml version="1.0" encoding="utf-8"?><testsuites name="pytest tests"><testsuite name="pytest" errors="0" failures="9" skipped="0" tests="13" time="14.331" timestamp="2026-02-05T09:28:52.849145+00:00" hostname="agent-env-bd05ef9b-17a9-4550-adf7-f7d95c090e0f"><testcase classname="tests.test_mira_breed_products_iteration_228.TestProductStats" name="test_product_stats_endpoint" time="0.074"><failure message="AssertionError: Stats endpoint failed: {&quot;detail&quot;:&quot;Not Found&quot;}&#10;assert 404 == 200&#10; +  where 404 = &lt;Response [404]&gt;.status_code">tests/test_mira_breed_products_iteration_228.py:28: in test_product_stats_endpoint
    assert response.status_code == 200, f"Stats endpoint failed: {response.text}"
E   AssertionError: Stats endpoint failed: {"detail":"Not Found"}
E   assert 404 == 200
E    +  where 404 = &lt;Response [404]&gt;.status_code</failure></testcase><testcase classname="tests.test_mira_breed_products_iteration_228.TestProductStats" name="test_product_stats_total_count" time="0.037"><failure message="assert 404 == 200&#10; +  where 404 = &lt;Response [404]&gt;.status_code">tests/test_mira_breed_products_iteration_228.py:41: in test_product_stats_total_count
    assert response.status_code == 200
E   assert 404 == 200
E    +  where 404 = &lt;Response [404]&gt;.status_code</failure></testcase><testcase classname="tests.test_mira_breed_products_iteration_228.TestBreedSpecificProducts" name="test_labrador_products_exist" time="0.040"><failure message="AssertionError: Products endpoint failed: {&quot;detail&quot;:&quot;Not Found&quot;}&#10;assert 404 == 200&#10; +  where 404 = &lt;Response [404]&gt;.status_code">tests/test_mira_breed_products_iteration_228.py:60: in test_labrador_products_exist
    assert response.status_code == 200, f"Products endpoint failed: {response.text}"
E   AssertionError: Products endpoint failed: {"detail":"Not Found"}
E   assert 404 == 200
E    +  where 404 = &lt;Response [404]&gt;.status_code</failure></testcase><testcase classname="tests.test_mira_breed_products_iteration_228.TestBreedSpecificProducts" name="test_corgi_products_exist" time="0.039"><failure message="AssertionError: Products endpoint failed: {&quot;detail&quot;:&quot;Not Found&quot;}&#10;assert 404 == 200&#10; +  where 404 = &lt;Response [404]&gt;.status_code">tests/test_mira_breed_products_iteration_228.py:79: in test_corgi_products_exist
    assert response.status_code == 200, f"Products endpoint failed: {response.text}"
E   AssertionError: Products endpoint failed: {"detail":"Not Found"}
E   assert 404 == 200
E    +  where 404 = &lt;Response [404]&gt;.status_code</failure></testcase><testcase classname="tests.test_mira_breed_products_iteration_228.TestBreedSpecificProducts" name="test_breed_metadata_structure" time="0.037"><failure message="assert 404 == 200&#10; +  where 404 = &lt;Response [404]&gt;.status_code">tests/test_mira_breed_products_iteration_228.py:96: in test_breed_metadata_structure
    assert response.status_code == 200
E   assert 404 == 200
E    +  where 404 = &lt;Response [404]&gt;.status_code</failure></testcase><testcase classname="tests.test_mira_breed_products_iteration_228.TestMiraChatBreedRecommendations" name="test_mira_labrador_birthday_request" time="4.272" /><testcase classname="tests.test_mira_breed_products_iteration_228.TestMiraChatBreedRecommendations" name="test_mira_corgi_request" time="3.234" /><testcase classname="tests.test_mira_breed_products_iteration_228.TestMiraChatBreedRecommendations" name="test_mira_generic_birthday_request" time="6.255" /><testcase classname="tests.test_mira_breed_products_iteration_228.TestAdminProductBoxUI" name="test_breed_tags_options" time="0.052" /><testcase classname="tests.test_mira_breed_products_iteration_228.TestAdminProductBoxUI" name="test_product_box_products_pagination" time="0.043"><failure message="AssertionError: Products endpoint failed: {&quot;detail&quot;:&quot;Not Found&quot;}&#10;assert 404 == 200&#10; +  where 404 = &lt;Response [404]&gt;.status_code">tests/test_mira_breed_products_iteration_228.py:232: in test_product_box_products_pagination
    assert response.status_code == 200, f"Products endpoint failed: {response.text}"
E   AssertionError: Products endpoint failed: {"detail":"Not Found"}
E   assert 404 == 200
E    +  where 404 = &lt;Response [404]&gt;.status_code</failure></testcase><testcase classname="tests.test_mira_breed_products_iteration_228.TestAdminProductBoxUI" name="test_product_box_search" time="0.040"><failure message="AssertionError: Search failed: {&quot;detail&quot;:&quot;Not Found&quot;}&#10;assert 404 == 200&#10; +  where 404 = &lt;Response [404]&gt;.status_code">tests/test_mira_breed_products_iteration_228.py:250: in test_product_box_search
    assert response.status_code == 200, f"Search failed: {response.text}"
E   AssertionError: Search failed: {"detail":"Not Found"}
E   assert 404 == 200
E    +  where 404 = &lt;Response [404]&gt;.status_code</failure></testcase><testcase classname="tests.test_mira_breed_products_iteration_228.TestProductsMasterCollection" name="test_products_master_text_search" time="0.049"><failure message="assert 404 == 200&#10; +  where 404 = &lt;Response [404]&gt;.status_code">tests/test_mira_breed_products_iteration_228.py:270: in test_products_master_text_search
    assert response.status_code == 200
E   assert 404 == 200
E    +  where 404 = &lt;Response [404]&gt;.status_code</failure></testcase><testcase classname="tests.test_mira_breed_products_iteration_228.TestProductsMasterCollection" name="test_breed_filter_uses_products_master" time="0.037"><failure message="assert 404 == 200&#10; +  where 404 = &lt;Response [404]&gt;.status_code">tests/test_mira_breed_products_iteration_228.py:289: in test_breed_filter_uses_products_master
    assert response.status_code == 200
E   assert 404 == 200
E    +  where 404 = &lt;Response [404]&gt;.status_code</failure></testcase></testsuite></testsuites>