<?xml version="1.0" encoding="utf-8"?><testsuites name="pytest tests"><testsuite name="pytest" errors="0" failures="1" skipped="0" tests="14" time="0.645" timestamp="2026-01-23T14:05:35.466992+00:00" hostname="agent-env-6398a1f9-dccf-4686-8b40-e8934af3b4cc"><testcase classname="backend.tests.test_learn_pillar.TestLearnPrograms" name="test_get_all_programs" time="0.063" /><testcase classname="backend.tests.test_learn_pillar.TestLearnPrograms" name="test_get_featured_programs" time="0.035" /><testcase classname="backend.tests.test_learn_pillar.TestLearnPrograms" name="test_program_has_required_fields" time="0.037"><failure message="AssertionError: Missing field: program_type&#10;assert 'program_type' in {'description': 'Essential commands and manners for your dog - sit, stay, come, heel, and leash walking.', 'duration': '6 weeks', 'id': 'prog_basic_obedience', 'image': 'https://images.unsplash.com/photo-1587300003388-59208cc962cb?w=800', ...}">backend/tests/test_learn_pillar.py:55: in test_program_has_required_fields
    assert field in program, f"Missing field: {field}"
E   AssertionError: Missing field: program_type
E   assert 'program_type' in {'description': 'Essential commands and manners for your dog - sit, stay, come, heel, and leash walking.', 'duration': '6 weeks', 'id': 'prog_basic_obedience', 'image': 'https://images.unsplash.com/photo-1587300003388-59208cc962cb?w=800', ...}</failure></testcase><testcase classname="backend.tests.test_learn_pillar.TestLearnTrainers" name="test_get_trainers" time="0.045" /><testcase classname="backend.tests.test_learn_pillar.TestLearnTrainers" name="test_get_featured_trainers" time="0.040" /><testcase classname="backend.tests.test_learn_pillar.TestLearnTrainers" name="test_trainer_has_required_fields" time="0.036" /><testcase classname="backend.tests.test_learn_pillar.TestLearnProducts" name="test_get_learn_products" time="0.038" /><testcase classname="backend.tests.test_learn_pillar.TestLearnProducts" name="test_products_have_learn_pillar" time="0.041" /><testcase classname="backend.tests.test_learn_pillar.TestLearnProducts" name="test_product_has_required_fields" time="0.041" /><testcase classname="backend.tests.test_learn_pillar.TestLearnBundles" name="test_get_bundles" time="0.038" /><testcase classname="backend.tests.test_learn_pillar.TestLearnBundles" name="test_bundle_has_savings" time="0.041" /><testcase classname="backend.tests.test_learn_pillar.TestNPSTestimonials" name="test_get_testimonials" time="0.038" /><testcase classname="backend.tests.test_learn_pillar.TestNPSTestimonials" name="test_testimonials_with_limit" time="0.039" /><testcase classname="backend.tests.test_learn_pillar.TestNPSStats" name="test_get_nps_stats" time="0.035" /></testsuite></testsuites>