<?xml version="1.0" encoding="utf-8"?><testsuites name="pytest tests"><testsuite name="pytest" errors="0" failures="0" skipped="0" tests="9" time="17.845" timestamp="2026-02-12T04:55:00.149234+00:00" hostname="agent-env-e908e50e-ba14-44c8-9e7d-1bdac931d5be"><testcase classname="backend.tests.test_mira_os_context.TestMiraOSContext" name="test_mira_chat_returns_os_context" time="3.914" /><testcase classname="backend.tests.test_mira_os_context.TestMiraOSContext" name="test_temporal_context_birthday_detection" time="2.912" /><testcase classname="backend.tests.test_mira_os_context.TestMiraOSContext" name="test_safety_gates_chicken_allergy" time="4.808" /><testcase classname="backend.tests.test_mira_os_context.TestMiraOSContext" name="test_memory_recall_for_celebrations" time="2.763" /><testcase classname="backend.tests.test_mira_os_context.TestMiraOSContext" name="test_mira_chat_birthday_planning_os_aware" time="2.530" /><testcase classname="backend.tests.test_mira_os_context.TestAdminPanelMemberDirectory" name="test_admin_login" time="0.043" /><testcase classname="backend.tests.test_mira_os_context.TestAdminPanelMemberDirectory" name="test_member_directory_loads" time="0.211" /><testcase classname="backend.tests.test_mira_os_context.TestAdminPanelMemberDirectory" name="test_member_full_profile" time="0.246" /><testcase classname="backend.tests.test_mira_os_context.TestMojoSpecificData" name="test_mojo_pet_data_fetch" time="0.335" /></testsuite></testsuites>