<?xml version="1.0" encoding="utf-8"?><testsuites name="pytest tests"><testsuite name="pytest" errors="0" failures="0" skipped="0" tests="14" time="2.412" timestamp="2026-01-22T15:16:41.676409+00:00" hostname="agent-env-990dd6e5-69e9-4a20-b4a5-65fbfac41eff"><testcase classname="backend.tests.test_family_dashboard_mira_memory.TestHealthCheck" name="test_api_health" time="0.074" /><testcase classname="backend.tests.test_family_dashboard_mira_memory.TestUserAuth" name="test_user_login" time="0.309" /><testcase classname="backend.tests.test_family_dashboard_mira_memory.TestMiraMemoryStats" name="test_memory_stats_endpoint" time="0.076" /><testcase classname="backend.tests.test_family_dashboard_mira_memory.TestMiraMemoryAdmin" name="test_admin_get_member_memories" time="0.049" /><testcase classname="backend.tests.test_family_dashboard_mira_memory.TestMiraMemoryAdmin" name="test_admin_add_memory" time="0.045" /><testcase classname="backend.tests.test_family_dashboard_mira_memory.TestMiraMemoryInternal" name="test_get_relevant_memories" time="0.048" /><testcase classname="backend.tests.test_family_dashboard_mira_memory.TestHouseholdEndpoint" name="test_household_endpoint" time="0.047" /><testcase classname="backend.tests.test_family_dashboard_mira_memory.TestMyPetsEndpoint" name="test_my_pets_endpoint" time="0.372" /><testcase classname="backend.tests.test_family_dashboard_mira_memory.TestPetVaultVaccines" name="test_get_pet_vaccines" time="0.432" /><testcase classname="backend.tests.test_family_dashboard_mira_memory.TestCommunicationsReminders" name="test_vaccine_alerts_endpoint" time="0.048" /><testcase classname="backend.tests.test_family_dashboard_mira_memory.TestCommunicationsReminders" name="test_birthday_reminders_endpoint" time="0.041" /><testcase classname="backend.tests.test_family_dashboard_mira_memory.TestCelebrationsUpcoming" name="test_my_upcoming_celebrations" time="0.341" /><testcase classname="backend.tests.test_family_dashboard_mira_memory.TestMiraMemoryUserEndpoints" name="test_get_my_memories" time="0.355" /><testcase classname="backend.tests.test_family_dashboard_mira_memory.TestCleanup" name="test_cleanup_test_memories" time="0.103" /></testsuite></testsuites>