<?xml version="1.0" encoding="utf-8"?><testsuites name="pytest tests"><testsuite name="pytest" errors="0" failures="0" skipped="0" tests="14" time="0.966" timestamp="2026-02-12T10:31:06.056803+00:00" hostname="agent-env-758351c9-9e3d-4fea-8561-c2de710eddd6"><testcase classname="backend.tests.test_mira_p0_intelligence_versioned.TestIntelligenceScore" name="test_get_intelligence_score" time="0.083" /><testcase classname="backend.tests.test_mira_p0_intelligence_versioned.TestIntelligenceScore" name="test_get_intelligence_score_nonexistent_pet" time="0.040" /><testcase classname="backend.tests.test_mira_p0_intelligence_versioned.TestIntelligenceScore" name="test_intelligence_breakdown" time="0.048" /><testcase classname="backend.tests.test_mira_p0_intelligence_versioned.TestIntelligenceScore" name="test_intelligence_breakdown_nonexistent_pet" time="0.039" /><testcase classname="backend.tests.test_mira_p0_intelligence_versioned.TestVersionedStorageTrait" name="test_store_trait_new" time="0.044" /><testcase classname="backend.tests.test_mira_p0_intelligence_versioned.TestVersionedStorageTrait" name="test_store_trait_confidence_evolution" time="0.116" /><testcase classname="backend.tests.test_mira_p0_intelligence_versioned.TestVersionedStorageAllTraits" name="test_get_all_traits" time="0.055" /><testcase classname="backend.tests.test_mira_p0_intelligence_versioned.TestVersionedStorageAllTraits" name="test_get_all_traits_with_min_confidence" time="0.076" /><testcase classname="backend.tests.test_mira_p0_intelligence_versioned.TestBehavioralShifts" name="test_get_behavioral_shifts" time="0.038" /><testcase classname="backend.tests.test_mira_p0_intelligence_versioned.TestBehavioralShifts" name="test_behavioral_shifts_nonexistent_pet" time="0.040" /><testcase classname="backend.tests.test_mira_p0_intelligence_versioned.TestVersionedMigration" name="test_migrate_pet_data" time="0.123" /><testcase classname="backend.tests.test_mira_p0_intelligence_versioned.TestVersionedMigration" name="test_migrate_nonexistent_pet" time="0.045" /><testcase classname="backend.tests.test_mira_p0_intelligence_versioned.TestEdgeCasesAndValidation" name="test_store_trait_missing_params" time="0.039" /><testcase classname="backend.tests.test_mira_p0_intelligence_versioned.TestEdgeCasesAndValidation" name="test_confidence_bounds" time="0.074" /></testsuite></testsuites>