<?xml version="1.0" encoding="utf-8"?><testsuites name="pytest tests"><testsuite name="pytest" errors="0" failures="1" skipped="0" tests="23" time="6.195" timestamp="2026-01-23T17:42:14.817438+00:00" hostname="agent-env-bfa75557-5c35-4ae4-9035-1bb869a25811"><testcase classname="tests.test_shopify_sync_routes.TestShopifySyncRoutes" name="test_sync_status_requires_auth" time="0.100" /><testcase classname="tests.test_shopify_sync_routes.TestShopifySyncRoutes" name="test_sync_status_with_auth" time="0.048" /><testcase classname="tests.test_shopify_sync_routes.TestShopifySyncRoutes" name="test_untitled_products_requires_auth" time="0.049" /><testcase classname="tests.test_shopify_sync_routes.TestShopifySyncRoutes" name="test_untitled_products_with_auth" time="0.039" /><testcase classname="tests.test_shopify_sync_routes.TestShopifySyncRoutes" name="test_sync_products_requires_auth" time="0.038" /><testcase classname="tests.test_shopify_sync_routes.TestShopifySyncRoutes" name="test_sync_products_with_auth" time="3.194" /><testcase classname="tests.test_shopify_sync_routes.TestShopifySyncRoutes" name="test_cleanup_mock_products_requires_auth" time="0.039" /><testcase classname="tests.test_shopify_sync_routes.TestShopifySyncRoutes" name="test_cleanup_mock_products_with_auth" time="0.042" /><testcase classname="tests.test_shopify_sync_routes.TestShopifySyncRoutes" name="test_cron_sync_invalid_secret" time="0.034" /><testcase classname="tests.test_shopify_sync_routes.TestShopifySyncRoutes" name="test_cron_sync_valid_secret" time="1.585" /><testcase classname="tests.test_shopify_sync_routes.TestExistingCartRoutes" name="test_abandoned_carts_requires_auth" time="0.052" /><testcase classname="tests.test_shopify_sync_routes.TestExistingCartRoutes" name="test_abandoned_carts_with_auth" time="0.046" /><testcase classname="tests.test_shopify_sync_routes.TestExistingLoyaltyRoutes" name="test_loyalty_balance_public" time="0.033" /><testcase classname="tests.test_shopify_sync_routes.TestExistingLoyaltyRoutes" name="test_loyalty_balance_unknown_user" time="0.042" /><testcase classname="tests.test_shopify_sync_routes.TestExistingLoyaltyRoutes" name="test_loyalty_stats_requires_auth" time="0.037" /><testcase classname="tests.test_shopify_sync_routes.TestExistingLoyaltyRoutes" name="test_loyalty_stats_with_auth" time="0.038" /><testcase classname="tests.test_shopify_sync_routes.TestExistingDiscountRoutes" name="test_discount_codes_requires_auth" time="0.033" /><testcase classname="tests.test_shopify_sync_routes.TestExistingDiscountRoutes" name="test_discount_codes_with_auth" time="0.043" /><testcase classname="tests.test_shopify_sync_routes.TestPublicEndpoints" name="test_faqs_public" time="0.036"><failure message="AssertionError: FAQs should return a list&#10;assert False&#10; +  where False = isinstance({'categories': ['Adopt', 'Advisory', 'Care', 'Celebrate', 'Concierge® &amp; Mira AI', 'Dine', ...], 'faqs': [{'answer': &quot;Our Concierge® is your dedicated pet lifestyle assistant. Powered by Mira AI, it provides personalized recommendations, coordinates bookings across all our services, and remembers your pet's preferences through our Pet Soul™ technology for a truly tailored experience.&quot;, 'category': 'Concierge® &amp; Mira AI', 'created_at': '2026-01-23T17:29:31.301986+00:00', 'icon': '✨', ...}, {'answer': &quot;Mira AI is your 24/7 Super Concierge®! She can book pet-friendly restaurants, arrange travel, schedule grooming appointments, recommend products based on your pet's profile, and even remind you of important dates like birthdays and vaccination due dates.&quot;, 'category': 'Concierge® &amp; Mira AI', 'created_at': '2026-01-23T17:29:31.301986+00:00', 'icon': '✨', ...}, {'answer': &quot;Pet Soul™ is our intelligent pet profile system that remembers everything about your furry friend — dietary preferences, allergies, favorite treats, health records, vet information, and more. The longer you're with us, the better we know your pet!&quot;, 'category': 'Concierge® &amp; Mira AI', 'created_at': '2026-01-23T17:29:31.301986+00:00', 'icon': '✨', ...}, {'answer': &quot;Yes! Mira AI is available 24 hours a day, 7 days a week. For urgent matters outside business hours, she'll create a priority ticket for our human team to address first thing.&quot;, 'category': 'Concierge® &amp; Mira AI', 'created_at': '2026-01-23T17:29:31.301986+00:00', 'icon': '✨', ...}, {'answer': 'Members enjoy exclusive discounts (up to 15%), priority booking, access to VIP events, free delivery on orders above ₹499, personalized Pet Soul™ profiles, 24/7 Mira AI Concierge® support, and early access to new products.', 'category': 'Membership &amp; Club', 'created_at': '2026-01-23T17:29:31.301986+00:00', 'icon': '#x1F451', ...}, {'answer': 'We offer: Free (basic access), Monthly ₹99 (full Mira access, 5% rewards), Annual ₹999 (priority support, 10% rewards), and Family ₹1,499/year (multiple pets, 15% rewards).', 'category': 'Membership &amp; Club', 'created_at': '2026-01-23T17:29:31.301986+00:00', 'icon': '#x1F451', ...}, ...]}, list)">tests/test_shopify_sync_routes.py:254: in test_faqs_public
    assert isinstance(data, list), "FAQs should return a list"
E   AssertionError: FAQs should return a list
E   assert False
E    +  where False = isinstance({'categories': ['Adopt', 'Advisory', 'Care', 'Celebrate', 'Concierge® &amp; Mira AI', 'Dine', ...], 'faqs': [{'answer': "Our Concierge® is your dedicated pet lifestyle assistant. Powered by Mira AI, it provides personalized recommendations, coordinates bookings across all our services, and remembers your pet's preferences through our Pet Soul™ technology for a truly tailored experience.", 'category': 'Concierge® &amp; Mira AI', 'created_at': '2026-01-23T17:29:31.301986+00:00', 'icon': '✨', ...}, {'answer': "Mira AI is your 24/7 Super Concierge®! She can book pet-friendly restaurants, arrange travel, schedule grooming appointments, recommend products based on your pet's profile, and even remind you of important dates like birthdays and vaccination due dates.", 'category': 'Concierge® &amp; Mira AI', 'created_at': '2026-01-23T17:29:31.301986+00:00', 'icon': '✨', ...}, {'answer': "Pet Soul™ is our intelligent pet profile system that remembers everything about your furry friend — dietary preferences, allergies, favorite treats, health records, vet information, and more. The longer you're with us, the better we know your pet!", 'category': 'Concierge® &amp; Mira AI', 'created_at': '2026-01-23T17:29:31.301986+00:00', 'icon': '✨', ...}, {'answer': "Yes! Mira AI is available 24 hours a day, 7 days a week. For urgent matters outside business hours, she'll create a priority ticket for our human team to address first thing.", 'category': 'Concierge® &amp; Mira AI', 'created_at': '2026-01-23T17:29:31.301986+00:00', 'icon': '✨', ...}, {'answer': 'Members enjoy exclusive discounts (up to 15%), priority booking, access to VIP events, free delivery on orders above ₹499, personalized Pet Soul™ profiles, 24/7 Mira AI Concierge® support, and early access to new products.', 'category': 'Membership &amp; Club', 'created_at': '2026-01-23T17:29:31.301986+00:00', 'icon': '#x1F451', ...}, {'answer': 'We offer: Free (basic access), Monthly ₹99 (full Mira access, 5% rewards), Annual ₹999 (priority support, 10% rewards), and Family ₹1,499/year (multiple pets, 15% rewards).', 'category': 'Membership &amp; Club', 'created_at': '2026-01-23T17:29:31.301986+00:00', 'icon': '#x1F451', ...}, ...]}, list)</failure></testcase><testcase classname="tests.test_shopify_sync_routes.TestPublicEndpoints" name="test_health_endpoint" time="0.033" /><testcase classname="tests.test_shopify_sync_routes.TestPublicEndpoints" name="test_products_public" time="0.148" /><testcase classname="tests.test_shopify_sync_routes.TestAdminAuthenticationConsistency" name="test_wrong_credentials_rejected" time="0.192" /><testcase classname="tests.test_shopify_sync_routes.TestAdminAuthenticationConsistency" name="test_correct_credentials_accepted" time="0.199" /></testsuite></testsuites>