<?xml version="1.0" encoding="utf-8"?><testsuites name="pytest tests"><testsuite name="pytest" errors="0" failures="0" skipped="0" tests="13" time="4.125" timestamp="2026-02-03T06:28:58.036081+00:00" hostname="agent-env-4b646217-6bb6-414e-a1b0-5936d932eb6b"><testcase classname="tests.test_iteration_199_bug_fixes.TestSiteStatusReport" name="test_site_status_endpoint_returns_200" time="0.101" /><testcase classname="tests.test_iteration_199_bug_fixes.TestSiteStatusReport" name="test_site_status_returns_live_data" time="0.050" /><testcase classname="tests.test_iteration_199_bug_fixes.TestSiteStatusReport" name="test_site_status_features_structure" time="0.052" /><testcase classname="tests.test_iteration_199_bug_fixes.TestSiteStatusReport" name="test_site_status_pillars_structure" time="0.052" /><testcase classname="tests.test_iteration_199_bug_fixes.TestTicketMerge" name="test_ticket_merge_endpoint_exists" time="1.239" /><testcase classname="tests.test_iteration_199_bug_fixes.TestTicketMerge" name="test_ticket_merge_correct_payload_keys" time="1.118" /><testcase classname="tests.test_iteration_199_bug_fixes.TestTicketMerge" name="test_ticket_merge_with_real_tickets" time="1.180" /><testcase classname="tests.test_iteration_199_bug_fixes.TestBlockedTicketsFilter" name="test_tickets_endpoint_supports_blocked_status" time="0.039" /><testcase classname="tests.test_iteration_199_bug_fixes.TestBlockedTicketsFilter" name="test_site_status_includes_blocked_count" time="0.053" /><testcase classname="tests.test_iteration_199_bug_fixes.TestQuoteBuilderStillWorks" name="test_quotes_admin_list_endpoint" time="0.043" /><testcase classname="tests.test_iteration_199_bug_fixes.TestQuoteBuilderStillWorks" name="test_quotes_member_endpoint" time="0.043" /><testcase classname="tests.test_iteration_199_bug_fixes.TestQuoteBuilderStillWorks" name="test_create_quote_endpoint" time="0.041" /><testcase classname="tests.test_iteration_199_bug_fixes.TestHealthCheck" name="test_api_health" time="0.037" /></testsuite></testsuites>