<?xml version="1.0" encoding="utf-8"?><testsuites name="pytest tests"><testsuite name="pytest" errors="0" failures="0" skipped="0" tests="17" time="2.849" timestamp="2026-03-22T15:24:03.317200+00:00" hostname="agent-env-a786877b-646b-42e8-b1c0-dd813d9257d8"><testcase classname="backend.tests.test_custom_orders_iteration189.TestCustomOrderAPI" name="test_create_custom_order" time="0.148" /><testcase classname="backend.tests.test_custom_orders_iteration189.TestCustomOrderAPI" name="test_list_custom_orders" time="0.764" /><testcase classname="backend.tests.test_custom_orders_iteration189.TestCustomOrderAPI" name="test_list_custom_orders_with_email_filter" time="0.115" /><testcase classname="backend.tests.test_custom_orders_iteration189.TestCustomOrderAPI" name="test_get_single_custom_order" time="0.117" /><testcase classname="backend.tests.test_custom_orders_iteration189.TestCustomOrderAPI" name="test_get_nonexistent_order" time="0.103" /><testcase classname="backend.tests.test_custom_orders_iteration189.TestCustomOrderAPI" name="test_update_order_status" time="0.285" /><testcase classname="backend.tests.test_custom_orders_iteration189.TestCustomOrderAPI" name="test_update_status_missing_status" time="0.114" /><testcase classname="backend.tests.test_custom_orders_iteration189.TestPhotoUploadAPI" name="test_upload_photo_no_file" time="0.115" /><testcase classname="backend.tests.test_custom_orders_iteration189.TestPhotoUploadAPI" name="test_upload_photo_invalid_type" time="0.102" /><testcase classname="backend.tests.test_custom_orders_iteration189.TestBreedProductsAPI" name="test_breed_products_by_breed_and_pillar" time="0.118" /><testcase classname="backend.tests.test_custom_orders_iteration189.TestBreedProductsAPI" name="test_breed_products_indie_celebrate" time="0.116" /><testcase classname="backend.tests.test_custom_orders_iteration189.TestBreedProductsAPI" name="test_breed_products_with_mockup_filter" time="0.107" /><testcase classname="backend.tests.test_custom_orders_iteration189.TestAdminBreedProductsAPI" name="test_admin_breed_products_pillar_filter" time="0.109" /><testcase classname="backend.tests.test_custom_orders_iteration189.TestAdminBreedProductsAPI" name="test_admin_breed_products_all" time="0.114" /><testcase classname="backend.tests.test_custom_orders_iteration189.TestMockupStatusAPI" name="test_mockup_gen_status" time="0.110" /><testcase classname="backend.tests.test_custom_orders_iteration189.TestMockupStatusAPI" name="test_pillar_assign_status" time="0.106" /><testcase classname="backend.tests.test_custom_orders_iteration189.TestMockupStatusAPI" name="test_mockup_stats" time="0.129" /></testsuite></testsuites>