<?xml version="1.0" encoding="utf-8"?><testsuites name="pytest tests"><testsuite name="pytest" errors="0" failures="0" skipped="0" tests="12" time="5.297" timestamp="2026-01-20T14:32:49.931991+00:00" hostname="agent-env-7f337255-1807-4b25-959b-a73d7856ceb8"><testcase classname="tests.test_iteration_33.TestPetSoulPillarEndpoints" name="test_record_dine_reservation_invalid_pet_returns_404" time="0.061" /><testcase classname="tests.test_iteration_33.TestPetSoulPillarEndpoints" name="test_record_fit_activity_invalid_pet_returns_404" time="0.034" /><testcase classname="tests.test_iteration_33.TestPetSoulPillarEndpoints" name="test_record_advisory_consult_invalid_pet_returns_404" time="0.037" /><testcase classname="tests.test_iteration_33.TestAbandonedCartEmail" name="test_abandoned_cart_send_reminders_endpoint_exists" time="0.035" /><testcase classname="tests.test_iteration_33.TestAbandonedCartEmail" name="test_abandoned_cart_send_reminders_with_auth" time="4.784" /><testcase classname="tests.test_iteration_33.TestAbandonedCartEmail" name="test_get_abandoned_carts_endpoint" time="0.044" /><testcase classname="tests.test_iteration_33.TestDinePageEndpoints" name="test_dine_restaurants_endpoint" time="0.045" /><testcase classname="tests.test_iteration_33.TestDinePageEndpoints" name="test_dine_reservations_endpoint" time="0.062" /><testcase classname="tests.test_iteration_33.TestPetsEndpoint" name="test_pets_endpoint_exists" time="0.031" /><testcase classname="tests.test_iteration_33.TestPetsEndpoint" name="test_pets_endpoint_with_email_filter" time="0.034" /><testcase classname="tests.test_iteration_33.TestHealthEndpoints" name="test_health_endpoint" time="0.036" /><testcase classname="tests.test_iteration_33.TestHealthEndpoints" name="test_api_health_endpoint" time="0.034" /></testsuite></testsuites>