<?xml version="1.0" encoding="utf-8"?><testsuites name="pytest tests"><testsuite name="pytest" errors="0" failures="0" skipped="0" tests="16" time="12.501" timestamp="2026-02-13T17:19:10.627494+00:00" hostname="agent-env-bb7b5389-5b1a-4136-b172-3120a9bd318b"><testcase classname="backend.tests.test_two_way_memory_soul_sync.TestTwoWaySyncAuth" name="test_login_successful" time="0.544" /><testcase classname="backend.tests.test_two_way_memory_soul_sync.TestTwoWaySoulSync" name="test_get_member_pets" time="0.520" /><testcase classname="backend.tests.test_two_way_memory_soul_sync.TestTwoWaySoulSync" name="test_get_pet_soul_profile" time="0.150" /><testcase classname="backend.tests.test_two_way_memory_soul_sync.TestTwoWaySoulSync" name="test_get_initial_soul_score" time="0.163" /><testcase classname="backend.tests.test_two_way_memory_soul_sync.TestTwoWaySoulSync" name="test_chat_message_with_allergy_data" time="2.343" /><testcase classname="backend.tests.test_two_way_memory_soul_sync.TestTwoWaySoulSync" name="test_chat_message_with_behavior_data" time="2.334" /><testcase classname="backend.tests.test_two_way_memory_soul_sync.TestTwoWaySoulSync" name="test_verify_soul_data_updated" time="2.182" /><testcase classname="backend.tests.test_two_way_memory_soul_sync.TestSoulScoreRecalculation" name="test_bulk_answers_api" time="0.533" /><testcase classname="backend.tests.test_two_way_memory_soul_sync.TestSoulScoreRecalculation" name="test_sync_achievements_api" time="0.148" /><testcase classname="backend.tests.test_two_way_memory_soul_sync.TestSoulScoreRecalculation" name="test_paw_points_balance" time="0.159" /><testcase classname="backend.tests.test_two_way_memory_soul_sync.TestDashboardSoulScores" name="test_all_pets_have_scores" time="0.606" /><testcase classname="backend.tests.test_two_way_memory_soul_sync.TestDashboardSoulScores" name="test_lola_soul_score" time="0.127" /><testcase classname="backend.tests.test_two_way_memory_soul_sync.TestDashboardSoulScores" name="test_mystique_soul_score" time="0.296" /><testcase classname="backend.tests.test_two_way_memory_soul_sync.TestMojoProfileModal" name="test_get_pet_full_profile" time="0.550" /><testcase classname="backend.tests.test_two_way_memory_soul_sync.TestWeatherCard" name="test_weather_api" time="0.913" /><testcase classname="backend.tests.test_two_way_memory_soul_sync.TestProactiveAlerts" name="test_alerts_api" time="0.837" /></testsuite></testsuites>