<?xml version="1.0" encoding="utf-8"?><testsuites name="pytest tests"><testsuite name="pytest" errors="0" failures="0" skipped="0" tests="15" time="4.683" timestamp="2026-01-28T08:52:31.665890+00:00" hostname="agent-env-ff2202ee-15d4-429d-bbd2-60d1d03a9fdc"><testcase classname="backend.tests.test_iteration_102_member_rewards.TestHealthAndAuth" name="test_api_health" time="0.075" /><testcase classname="backend.tests.test_iteration_102_member_rewards.TestHealthAndAuth" name="test_member_login" time="0.318" /><testcase classname="backend.tests.test_iteration_102_member_rewards.TestNPSEndpoints" name="test_nps_check_endpoint" time="0.319" /><testcase classname="backend.tests.test_iteration_102_member_rewards.TestNPSEndpoints" name="test_nps_submit_promoter" time="0.319" /><testcase classname="backend.tests.test_iteration_102_member_rewards.TestNPSEndpoints" name="test_nps_submit_passive" time="0.349" /><testcase classname="backend.tests.test_iteration_102_member_rewards.TestNPSEndpoints" name="test_nps_submit_detractor" time="0.326" /><testcase classname="backend.tests.test_iteration_102_member_rewards.TestNPSEndpoints" name="test_nps_submit_invalid_score" time="0.325" /><testcase classname="backend.tests.test_iteration_102_member_rewards.TestNPSEndpoints" name="test_nps_stats_endpoint" time="0.316" /><testcase classname="backend.tests.test_iteration_102_member_rewards.TestSocialShareEndpoints" name="test_social_share_claim_submit" time="0.323" /><testcase classname="backend.tests.test_iteration_102_member_rewards.TestSocialShareEndpoints" name="test_social_share_claims_list" time="0.312" /><testcase classname="backend.tests.test_iteration_102_member_rewards.TestSocialShareEndpoints" name="test_social_share_claims_filter_by_status" time="0.328" /><testcase classname="backend.tests.test_iteration_102_member_rewards.TestLoyaltyEndpoints" name="test_loyalty_transactions" time="0.324" /><testcase classname="backend.tests.test_iteration_102_member_rewards.TestLoyaltyEndpoints" name="test_loyalty_expiring_points" time="0.362" /><testcase classname="backend.tests.test_iteration_102_member_rewards.TestMemberUserData" name="test_member_has_loyalty_points" time="0.280" /><testcase classname="backend.tests.test_iteration_102_member_rewards.TestMemberUserData" name="test_member_has_pets_with_breed" time="0.329" /></testsuite></testsuites>