<?xml version="1.0" encoding="utf-8"?><testsuites name="pytest tests"><testsuite name="pytest" errors="0" failures="0" skipped="0" tests="10" time="75.259" timestamp="2026-02-12T14:14:12.974854+00:00" hostname="agent-env-bc284ed8-4fab-4d6a-97ff-e42c5f864b06"><testcase classname="backend.tests.test_pillar_detection_100_accuracy.TestPillarDetection100Accuracy" name="test_case_1_trainer_returns_learn" time="26.942" /><testcase classname="backend.tests.test_pillar_detection_100_accuracy.TestPillarDetection100Accuracy" name="test_case_2_haircut_returns_care" time="6.033" /><testcase classname="backend.tests.test_pillar_detection_100_accuracy.TestPillarDetection100Accuracy" name="test_case_3_photo_shoot_returns_celebrate" time="4.175" /><testcase classname="backend.tests.test_pillar_detection_100_accuracy.TestPillarDetection100Accuracy" name="test_case_4_food_signs_returns_care" time="6.147" /><testcase classname="backend.tests.test_pillar_detection_100_accuracy.TestPillarDetection100Accuracy" name="test_case_5_sleep_returns_stay" time="5.404" /><testcase classname="backend.tests.test_pillar_detection_100_accuracy.TestPillarDetection100Accuracy" name="test_case_6_flying_returns_travel" time="3.884" /><testcase classname="backend.tests.test_pillar_detection_100_accuracy.TestPillarDetection100Accuracy" name="test_case_7_barks_returns_learn" time="5.136" /><testcase classname="backend.tests.test_pillar_detection_100_accuracy.TestPillarDetection100Accuracy" name="test_case_8_walks_returns_fit" time="5.838" /><testcase classname="backend.tests.test_pillar_detection_100_accuracy.TestPillarDetection100Accuracy" name="test_case_9_boarding_returns_stay" time="5.015" /><testcase classname="backend.tests.test_pillar_detection_100_accuracy.TestPillarDetection100Accuracy" name="test_case_10_daycare_returns_stay" time="6.602" /></testsuite></testsuites>