<?xml version="1.0" encoding="utf-8"?><testsuites name="pytest tests"><testsuite name="pytest" errors="0" failures="0" skipped="0" tests="10" time="10.156" timestamp="2026-02-13T12:19:10.262989+00:00" hostname="agent-env-ba10629e-c08f-48e9-9d21-b5689de4876a"><testcase classname="backend.tests.test_service_handoff_flow.TestServiceHandoffFlow" name="test_arrange_table_returns_service_confirmation" time="0.643" /><testcase classname="backend.tests.test_service_handoff_flow.TestServiceHandoffFlow" name="test_book_grooming_returns_service_confirmation" time="0.549" /><testcase classname="backend.tests.test_service_handoff_flow.TestServiceHandoffFlow" name="test_nutrition_consult_returns_service_confirmation" time="0.501" /><testcase classname="backend.tests.test_service_handoff_flow.TestServiceHandoffFlow" name="test_book_vet_returns_service_confirmation" time="0.518" /><testcase classname="backend.tests.test_service_handoff_flow.TestServiceHandoffFlow" name="test_service_confirmation_has_complete_structure" time="0.419" /><testcase classname="backend.tests.test_service_handoff_flow.TestServiceHandoffFlow" name="test_service_handoff_response_contains_ticket_reference" time="0.486" /><testcase classname="backend.tests.test_service_handoff_flow.TestServiceHandoffFlow" name="test_service_handoff_intent_is_correct" time="0.505" /><testcase classname="backend.tests.test_service_handoff_flow.TestServiceTicketDatabase" name="test_ticket_saved_to_database" time="0.677" /><testcase classname="backend.tests.test_service_handoff_flow.TestNonServiceMessages" name="test_general_question_no_service_confirmation" time="3.265" /><testcase classname="backend.tests.test_service_handoff_flow.TestNonServiceMessages" name="test_greeting_no_service_confirmation" time="2.496" /></testsuite></testsuites>