<?xml version="1.0" encoding="utf-8"?><testsuites name="pytest tests"><testsuite name="pytest" errors="0" failures="0" skipped="0" tests="11" time="10.792" timestamp="2026-01-31T12:30:20.581763+00:00" hostname="agent-env-e9438a7b-946b-438d-b9f1-348d967a259a"><testcase classname="backend.tests.test_iteration_146_service_type_bug.TestServiceTypeBugFix" name="test_api_health" time="0.365" /><testcase classname="backend.tests.test_iteration_146_service_type_bug.TestServiceTypeBugFix" name="test_quick_book_returns_service_type_grooming" time="0.046" /><testcase classname="backend.tests.test_iteration_146_service_type_bug.TestServiceTypeBugFix" name="test_quick_book_returns_service_type_vet" time="0.048" /><testcase classname="backend.tests.test_iteration_146_service_type_bug.TestServiceTypeBugFix" name="test_quick_book_returns_service_type_boarding" time="0.045" /><testcase classname="backend.tests.test_iteration_146_service_type_bug.TestConciergeActionDetection" name="test_grooming_message_returns_care_appointment" time="1.989" /><testcase classname="backend.tests.test_iteration_146_service_type_bug.TestConciergeActionDetection" name="test_room_message_does_not_match_grooming" time="2.223" /><testcase classname="backend.tests.test_iteration_146_service_type_bug.TestConciergeActionDetection" name="test_hotel_booking_message" time="1.927" /><testcase classname="backend.tests.test_iteration_146_service_type_bug.TestChatAPIServiceType" name="test_grooming_chat_service_type" time="1.844" /><testcase classname="backend.tests.test_iteration_146_service_type_bug.TestChatAPIServiceType" name="test_vet_chat_service_type" time="2.186" /><testcase classname="backend.tests.test_iteration_146_service_type_bug.TestTicketCreationServiceType" name="test_grooming_ticket_has_correct_service_type" time="0.043" /><testcase classname="backend.tests.test_iteration_146_service_type_bug.TestWordBoundaryRegex" name="test_word_boundary_grooming_vs_room" time="0.000" /></testsuite></testsuites>