<?xml version="1.0" encoding="utf-8"?><testsuites name="pytest tests"><testsuite name="pytest" errors="0" failures="2" skipped="0" tests="20" time="11.706" timestamp="2026-01-26T07:33:40.308648+00:00" hostname="agent-env-b075c03d-f8f7-4f85-85c5-643b07963745"><testcase classname="backend.tests.test_comprehensive.TestHealth" name="test_health_endpoint" time="0.068" /><testcase classname="backend.tests.test_comprehensive.TestAuthentication" name="test_admin_login_success" time="0.039" /><testcase classname="backend.tests.test_comprehensive.TestAuthentication" name="test_admin_login_invalid_credentials" time="0.037" /><testcase classname="backend.tests.test_comprehensive.TestAuthentication" name="test_member_login_success" time="0.302" /><testcase classname="backend.tests.test_comprehensive.TestAuthentication" name="test_member_login_invalid_credentials" time="0.039" /><testcase classname="backend.tests.test_comprehensive.TestMiraAI" name="test_mira_chat_birthday_cake_request" time="3.401" /><testcase classname="backend.tests.test_comprehensive.TestMiraAI" name="test_mira_chat_simple_product_request" time="3.185" /><testcase classname="backend.tests.test_comprehensive.TestServiceDeskAI" name="test_ai_draft_reply" time="3.205" /><testcase classname="backend.tests.test_comprehensive.TestServiceDeskAI" name="test_ai_summary" time="0.117" /><testcase classname="backend.tests.test_comprehensive.TestProductSearch" name="test_search_shih_tzu_cake" time="0.042" /><testcase classname="backend.tests.test_comprehensive.TestProductSearch" name="test_search_boxer" time="0.042" /><testcase classname="backend.tests.test_comprehensive.TestProductSearch" name="test_search_puppy_treats" time="0.042" /><testcase classname="backend.tests.test_comprehensive.TestProducts" name="test_get_products" time="0.196" /><testcase classname="backend.tests.test_comprehensive.TestSmartRecommendations" name="test_smart_recommendations" time="0.076" /><testcase classname="backend.tests.test_comprehensive.TestAdopt" name="test_get_adopt_pets" time="0.037" /><testcase classname="backend.tests.test_comprehensive.TestAdopt" name="test_get_adopt_shelters" time="0.035" /><testcase classname="backend.tests.test_comprehensive.TestAdopt" name="test_get_adopt_events" time="0.037" /><testcase classname="backend.tests.test_comprehensive.TestTickets" name="test_get_tickets" time="0.032" /><testcase classname="backend.tests.test_comprehensive.TestCart" name="test_add_to_cart" time="0.316"><failure message="assert 404 in [200, 201]&#10; +  where 404 = &lt;Response [404]&gt;.status_code">backend/tests/test_comprehensive.py:353: in test_add_to_cart
    assert response.status_code in [200, 201]
E   assert 404 in [200, 201]
E    +  where 404 = &lt;Response [404]&gt;.status_code</failure></testcase><testcase classname="backend.tests.test_comprehensive.TestCart" name="test_get_cart" time="0.360"><failure message="assert 404 == 200&#10; +  where 404 = &lt;Response [404]&gt;.status_code">backend/tests/test_comprehensive.py:362: in test_get_cart
    assert response.status_code == 200
E   assert 404 == 200
E    +  where 404 = &lt;Response [404]&gt;.status_code</failure></testcase></testsuite></testsuites>