<?xml version="1.0" encoding="utf-8"?><testsuites name="pytest tests"><testsuite name="pytest" errors="0" failures="2" skipped="0" tests="16" time="54.656" timestamp="2026-02-21T07:39:09.973142+00:00" hostname="agent-env-0f7c81ab-bf58-42b6-bd1a-dfb76043ba19"><testcase classname="tests.test_iteration_224_bible_compliance.TestTodayEndpoint" name="test_today_endpoint_exists" time="0.744" /><testcase classname="tests.test_iteration_224_bible_compliance.TestTodayEndpoint" name="test_today_response_structure" time="0.145" /><testcase classname="tests.test_iteration_224_bible_compliance.TestTodayEndpoint" name="test_today_items_have_required_fields" time="0.150" /><testcase classname="tests.test_iteration_224_bible_compliance.TestNotificationsEndpoint" name="test_notifications_endpoint_exists" time="0.495" /><testcase classname="tests.test_iteration_224_bible_compliance.TestNotificationsEndpoint" name="test_notifications_response_structure" time="0.146" /><testcase classname="tests.test_iteration_224_bible_compliance.TestNotificationsEndpoint" name="test_notifications_unread_only_filter" time="0.125" /><testcase classname="tests.test_iteration_224_bible_compliance.TestPlacesLocationFix" name="test_location_query_without_city_asks_user" time="0.604"><failure message="TypeError: unsupported operand type(s) for +: 'NoneType' and 'list'">tests/test_iteration_224_bible_compliance.py:193: in test_location_query_without_city_asks_user
    all_places = nearby_places + places_results
                 ^^^^^^^^^^^^^^^^^^^^^^^^^^^^^^
E   TypeError: unsupported operand type(s) for +: 'NoneType' and 'list'</failure></testcase><testcase classname="tests.test_iteration_224_bible_compliance.TestPlacesLocationFix" name="test_health_checkup_no_places" time="5.356"><failure message="TypeError: object of type 'NoneType' has no len()">tests/test_iteration_224_bible_compliance.py:229: in test_health_checkup_no_places
    total_places = len(nearby_places) + len(places_results)
                   ^^^^^^^^^^^^^^^^^^
E   TypeError: object of type 'NoneType' has no len()</failure></testcase><testcase classname="tests.test_iteration_224_bible_compliance.TestPicksAPI" name="test_picks_in_chat_response" time="6.735" /><testcase classname="tests.test_iteration_224_bible_compliance.TestPicksAPI" name="test_picks_history_endpoint" time="0.159" /><testcase classname="tests.test_iteration_224_bible_compliance.TestTicketsAPI" name="test_active_tickets_endpoint" time="0.491" /><testcase classname="tests.test_iteration_224_bible_compliance.TestTicketsAPI" name="test_my_requests_endpoint" time="0.117" /><testcase classname="tests.test_iteration_224_bible_compliance.TestTicketsAPI" name="test_tickets_list_endpoint" time="0.201" /><testcase classname="tests.test_iteration_224_bible_compliance.TestMiraChat" name="test_chat_basic_response" time="2.415" /><testcase classname="tests.test_iteration_224_bible_compliance.TestMiraChat" name="test_chat_ticket_creation" time="36.036" /><testcase classname="tests.test_iteration_224_bible_compliance.TestPetProfile" name="test_pet_profile_fetch" time="0.580" /></testsuite></testsuites>