<?xml version="1.0" encoding="utf-8"?><testsuites name="pytest tests"><testsuite name="pytest" errors="0" failures="0" skipped="0" tests="19" time="2.410" timestamp="2026-02-05T17:19:50.332765+00:00" hostname="agent-env-eed8548e-b667-4770-a0af-5f6d2c7d2eff"><testcase classname="backend.tests.test_iteration_239_cart_services_pets.TestHealthCheck" name="test_api_health" time="0.080" /><testcase classname="backend.tests.test_iteration_239_cart_services_pets.TestAuthentication" name="test_login_success" time="0.317" /><testcase classname="backend.tests.test_iteration_239_cart_services_pets.TestAuthentication" name="test_login_invalid_credentials" time="0.042" /><testcase classname="backend.tests.test_iteration_239_cart_services_pets.TestAuthentication" name="test_get_current_user" time="0.329" /><testcase classname="backend.tests.test_iteration_239_cart_services_pets.TestPetPersonalization" name="test_my_pets_without_auth" time="0.037" /><testcase classname="backend.tests.test_iteration_239_cart_services_pets.TestPetPersonalization" name="test_my_pets_with_auth" time="0.320" /><testcase classname="backend.tests.test_iteration_239_cart_services_pets.TestCartAPI" name="test_get_cart_without_session" time="0.051" /><testcase classname="backend.tests.test_iteration_239_cart_services_pets.TestCartAPI" name="test_get_cart_with_session" time="0.083" /><testcase classname="backend.tests.test_iteration_239_cart_services_pets.TestCartAPI" name="test_add_to_cart" time="0.048" /><testcase classname="backend.tests.test_iteration_239_cart_services_pets.TestCartAPI" name="test_add_multiple_items_to_cart" time="0.080" /><testcase classname="backend.tests.test_iteration_239_cart_services_pets.TestCartAPI" name="test_remove_item_from_cart" time="0.083" /><testcase classname="backend.tests.test_iteration_239_cart_services_pets.TestCartAPI" name="test_clear_cart" time="0.116" /><testcase classname="backend.tests.test_iteration_239_cart_services_pets.TestCartAPI" name="test_cart_not_found_on_remove" time="0.043" /><testcase classname="backend.tests.test_iteration_239_cart_services_pets.TestServiceWhispers" name="test_list_services_has_whispers" time="0.044" /><testcase classname="backend.tests.test_iteration_239_cart_services_pets.TestServiceWhispers" name="test_service_detail_has_whisper" time="0.083" /><testcase classname="backend.tests.test_iteration_239_cart_services_pets.TestServiceWhispers" name="test_service_detail_not_found" time="0.037" /><testcase classname="backend.tests.test_iteration_239_cart_services_pets.TestServiceWhispers" name="test_services_filter_by_pillar" time="0.036" /><testcase classname="backend.tests.test_iteration_239_cart_services_pets.TestServiceStats" name="test_service_stats" time="0.087" /><testcase classname="backend.tests.test_iteration_239_cart_services_pets.TestIntegrationFlow" name="test_authenticated_cart_flow" time="0.397" /></testsuite></testsuites>