<?xml version="1.0" encoding="utf-8"?><testsuites name="pytest tests"><testsuite name="pytest" errors="0" failures="0" skipped="0" tests="13" time="2.096" timestamp="2026-02-05T11:03:00.023198+00:00" hostname="agent-env-3354259c-7427-4227-8f78-7f4416465e6b"><testcase classname="backend.tests.test_14_pillars_service_flow_iteration_229.TestHealthCheck" name="test_api_health" time="0.052" /><testcase classname="backend.tests.test_14_pillars_service_flow_iteration_229.TestUnifiedServiceFlow" name="test_service_request_creates_unified_flow" time="0.035" /><testcase classname="backend.tests.test_14_pillars_service_flow_iteration_229.TestUnifiedServiceFlow" name="test_service_request_all_pillars" time="0.570" /><testcase classname="backend.tests.test_14_pillars_service_flow_iteration_229.TestAdminNotifications" name="test_admin_notifications_list" time="0.040" /><testcase classname="backend.tests.test_14_pillars_service_flow_iteration_229.TestProductBox" name="test_product_box_stats" time="0.051" /><testcase classname="backend.tests.test_14_pillars_service_flow_iteration_229.TestProductBox" name="test_product_box_pillar_filters" time="0.613" /><testcase classname="backend.tests.test_14_pillars_service_flow_iteration_229.TestServiceBox" name="test_service_box_stats" time="0.035" /><testcase classname="backend.tests.test_14_pillars_service_flow_iteration_229.TestServiceBox" name="test_service_box_pillar_filters" time="0.464" /><testcase classname="backend.tests.test_14_pillars_service_flow_iteration_229.TestUnifiedInbox" name="test_unified_inbox_endpoint" time="0.036" /><testcase classname="backend.tests.test_14_pillars_service_flow_iteration_229.TestMemberNotifications" name="test_member_notifications_endpoint" time="0.032" /><testcase classname="backend.tests.test_14_pillars_service_flow_iteration_229.TestPillarRequests" name="test_pillar_requests_list" time="0.038" /><testcase classname="backend.tests.test_14_pillars_service_flow_iteration_229.TestServiceDeskTickets" name="test_service_desk_tickets_list" time="0.036" /><testcase classname="backend.tests.test_14_pillars_service_flow_iteration_229.TestChannelIntakes" name="test_channel_intake_flow" time="0.033" /></testsuite></testsuites>