<?xml version="1.0" encoding="utf-8"?><testsuites name="pytest tests"><testsuite name="pytest" errors="0" failures="0" skipped="0" tests="10" time="7.503" timestamp="2026-01-27T07:02:10.981983+00:00" hostname="agent-env-7f170d6f-6d9c-4446-9131-d5f0e9316493"><testcase classname="backend.tests.test_iteration_94.TestCelebrateProducts" name="test_get_all_products" time="0.271" /><testcase classname="backend.tests.test_iteration_94.TestCelebrateProducts" name="test_celebrate_admin_products" time="0.045" /><testcase classname="backend.tests.test_iteration_94.TestCelebrateProducts" name="test_create_product_with_new_fields" time="0.138" /><testcase classname="backend.tests.test_iteration_94.TestCelebrateProducts" name="test_update_product_with_new_fields" time="0.211" /><testcase classname="backend.tests.test_iteration_94.TestCelebrateProducts" name="test_product_with_shopify_options" time="0.311" /><testcase classname="backend.tests.test_iteration_94.TestMiraMemories" name="test_mira_memory_unauthenticated" time="0.044" /><testcase classname="backend.tests.test_iteration_94.TestMiraMemories" name="test_mira_memory_authenticated" time="0.350" /><testcase classname="backend.tests.test_iteration_94.TestMiraMemories" name="test_mira_memory_grouped_by_type" time="0.329" /><testcase classname="backend.tests.test_iteration_94.TestMiraAIChat" name="test_mira_chat_about_cakes" time="5.662" /><testcase classname="backend.tests.test_iteration_94.TestCelebrateStats" name="test_celebrate_stats" time="0.071" /></testsuite></testsuites>