<?xml version="1.0" encoding="utf-8"?><testsuites name="pytest tests"><testsuite name="pytest" errors="0" failures="0" skipped="0" tests="11" time="32.600" timestamp="2026-01-31T17:16:19.122044+00:00" hostname="agent-env-8a187dbe-e9be-448e-82a5-3efa29e4c95c"><testcase classname="backend.tests.test_iteration_152_pillar_resolver_kit_assembly.TestPillarResolverRules" name="test_api_health" time="0.065" /><testcase classname="backend.tests.test_iteration_152_pillar_resolver_kit_assembly.TestPillarResolverRules" name="test_travel_pillar_excludes_cakes" time="0.047" /><testcase classname="backend.tests.test_iteration_152_pillar_resolver_kit_assembly.TestPillarResolverRules" name="test_celebrate_pillar_includes_cakes" time="0.327" /><testcase classname="backend.tests.test_iteration_152_pillar_resolver_kit_assembly.TestPillarResolverRules" name="test_care_pillar_products" time="0.069" /><testcase classname="backend.tests.test_iteration_152_pillar_resolver_kit_assembly.TestMiraKitAssemblyTravelPillar" name="test_travel_kit_request_excludes_cakes_and_food" time="7.568" /><testcase classname="backend.tests.test_iteration_152_pillar_resolver_kit_assembly.TestMiraKitAssemblyTravelPillar" name="test_travel_kit_includes_appropriate_items" time="1.346" /><testcase classname="backend.tests.test_iteration_152_pillar_resolver_kit_assembly.TestMiraKitAssemblyCelebratePillar" name="test_celebrate_kit_includes_cakes" time="7.876" /><testcase classname="backend.tests.test_iteration_152_pillar_resolver_kit_assembly.TestMiraKitAssemblyCareKit" name="test_care_kit_includes_grooming_products" time="7.054" /><testcase classname="backend.tests.test_iteration_152_pillar_resolver_kit_assembly.TestKitAssemblyConversationFlow" name="test_kit_assembly_flow_stages" time="7.809" /><testcase classname="backend.tests.test_iteration_152_pillar_resolver_kit_assembly.TestPillarResolverExclusionRulesDirectly" name="test_pillar_resolver_travel_rules" time="0.058" /><testcase classname="backend.tests.test_iteration_152_pillar_resolver_kit_assembly.TestPillarResolverExclusionRulesDirectly" name="test_pillar_resolver_celebrate_rules" time="0.318" /></testsuite></testsuites>