<?xml version="1.0" encoding="utf-8"?><testsuites name="pytest tests"><testsuite name="pytest" errors="0" failures="19" skipped="0" tests="19" time="0.974" timestamp="2026-02-12T05:30:43.452255+00:00" hostname="agent-env-a9ae90e0-f721-4e00-8acd-ab4d344c0c71"><testcase classname="backend.tests.test_dine_pillar_os_awareness.TestDinePillarDetection" name="test_meal_plan_query_detects_dine_pillar" time="0.080"><failure message="AssertionError: API returned 422: {&quot;detail&quot;:[{&quot;type&quot;:&quot;missing&quot;,&quot;loc&quot;:[&quot;body&quot;,&quot;message&quot;],&quot;msg&quot;:&quot;Field required&quot;,&quot;input&quot;:{&quot;input&quot;:&quot;Create a meal plan for my dog&quot;,&quot;pet_id&quot;:&quot;pet-99a708f1722a&quot;,&quot;session_id&quot;:&quot;test-dine-meal-plan&quot;},&quot;url&quot;:&quot;https://errors.pydantic.dev/2.12/v/missing&quot;}]}&#10;assert 422 == 200&#10; +  where 422 = &lt;Response [422]&gt;.status_code">backend/tests/test_dine_pillar_os_awareness.py:35: in test_meal_plan_query_detects_dine_pillar
    assert response.status_code == 200, f"API returned {response.status_code}: {response.text}"
E   AssertionError: API returned 422: {"detail":[{"type":"missing","loc":["body","message"],"msg":"Field required","input":{"input":"Create a meal plan for my dog","pet_id":"pet-99a708f1722a","session_id":"test-dine-meal-plan"},"url":"https://errors.pydantic.dev/2.12/v/missing"}]}
E   assert 422 == 200
E    +  where 422 = &lt;Response [422]&gt;.status_code</failure></testcase><testcase classname="backend.tests.test_dine_pillar_os_awareness.TestDinePillarDetection" name="test_kibble_or_wet_food_query_detects_dine_pillar" time="0.036"><failure message="AssertionError: API returned 422: {&quot;detail&quot;:[{&quot;type&quot;:&quot;missing&quot;,&quot;loc&quot;:[&quot;body&quot;,&quot;message&quot;],&quot;msg&quot;:&quot;Field required&quot;,&quot;input&quot;:{&quot;input&quot;:&quot;Should I feed my dog kibble or wet food?&quot;,&quot;pet_id&quot;:&quot;pet-99a708f1722a&quot;,&quot;session_id&quot;:&quot;test-dine-kibble&quot;},&quot;url&quot;:&quot;https://errors.pydantic.dev/2.12/v/missing&quot;}]}&#10;assert 422 == 200&#10; +  where 422 = &lt;Response [422]&gt;.status_code">backend/tests/test_dine_pillar_os_awareness.py:57: in test_kibble_or_wet_food_query_detects_dine_pillar
    assert response.status_code == 200, f"API returned {response.status_code}: {response.text}"
E   AssertionError: API returned 422: {"detail":[{"type":"missing","loc":["body","message"],"msg":"Field required","input":{"input":"Should I feed my dog kibble or wet food?","pet_id":"pet-99a708f1722a","session_id":"test-dine-kibble"},"url":"https://errors.pydantic.dev/2.12/v/missing"}]}
E   assert 422 == 200
E    +  where 422 = &lt;Response [422]&gt;.status_code</failure></testcase><testcase classname="backend.tests.test_dine_pillar_os_awareness.TestDinePillarDetection" name="test_how_much_to_feed_query_detects_dine_pillar" time="0.037"><failure message="AssertionError: API returned 422: {&quot;detail&quot;:[{&quot;type&quot;:&quot;missing&quot;,&quot;loc&quot;:[&quot;body&quot;,&quot;message&quot;],&quot;msg&quot;:&quot;Field required&quot;,&quot;input&quot;:{&quot;input&quot;:&quot;How much should I feed my dog daily?&quot;,&quot;pet_id&quot;:&quot;pet-99a708f1722a&quot;,&quot;session_id&quot;:&quot;test-dine-portions&quot;},&quot;url&quot;:&quot;https://errors.pydantic.dev/2.12/v/missing&quot;}]}&#10;assert 422 == 200&#10; +  where 422 = &lt;Response [422]&gt;.status_code">backend/tests/test_dine_pillar_os_awareness.py:73: in test_how_much_to_feed_query_detects_dine_pillar
    assert response.status_code == 200, f"API returned {response.status_code}: {response.text}"
E   AssertionError: API returned 422: {"detail":[{"type":"missing","loc":["body","message"],"msg":"Field required","input":{"input":"How much should I feed my dog daily?","pet_id":"pet-99a708f1722a","session_id":"test-dine-portions"},"url":"https://errors.pydantic.dev/2.12/v/missing"}]}
E   assert 422 == 200
E    +  where 422 = &lt;Response [422]&gt;.status_code</failure></testcase><testcase classname="backend.tests.test_dine_pillar_os_awareness.TestDinePillarDetection" name="test_nutrition_query_stays_in_dine_pillar" time="0.034"><failure message="AssertionError: API returned 422: {&quot;detail&quot;:[{&quot;type&quot;:&quot;missing&quot;,&quot;loc&quot;:[&quot;body&quot;,&quot;message&quot;],&quot;msg&quot;:&quot;Field required&quot;,&quot;input&quot;:{&quot;input&quot;:&quot;What nutrition plan would work best for my dog?&quot;,&quot;pet_id&quot;:&quot;pet-99a708f1722a&quot;,&quot;session_id&quot;:&quot;test-dine-nutrition&quot;},&quot;url&quot;:&quot;https://errors.pydantic.dev/2.12/v/missing&quot;}]}&#10;assert 422 == 200&#10; +  where 422 = &lt;Response [422]&gt;.status_code">backend/tests/test_dine_pillar_os_awareness.py:98: in test_nutrition_query_stays_in_dine_pillar
    assert response.status_code == 200, f"API returned {response.status_code}: {response.text}"
E   AssertionError: API returned 422: {"detail":[{"type":"missing","loc":["body","message"],"msg":"Field required","input":{"input":"What nutrition plan would work best for my dog?","pet_id":"pet-99a708f1722a","session_id":"test-dine-nutrition"},"url":"https://errors.pydantic.dev/2.12/v/missing"}]}
E   assert 422 == 200
E    +  where 422 = &lt;Response [422]&gt;.status_code</failure></testcase><testcase classname="backend.tests.test_dine_pillar_os_awareness.TestDinePillarDetection" name="test_diet_transition_query_detects_dine_pillar" time="0.033"><failure message="AssertionError: API returned 422: {&quot;detail&quot;:[{&quot;type&quot;:&quot;missing&quot;,&quot;loc&quot;:[&quot;body&quot;,&quot;message&quot;],&quot;msg&quot;:&quot;Field required&quot;,&quot;input&quot;:{&quot;input&quot;:&quot;I want to switch my dog to a new food brand&quot;,&quot;pet_id&quot;:&quot;pet-99a708f1722a&quot;,&quot;session_id&quot;:&quot;test-dine-transition&quot;},&quot;url&quot;:&quot;https://errors.pydantic.dev/2.12/v/missing&quot;}]}&#10;assert 422 == 200&#10; +  where 422 = &lt;Response [422]&gt;.status_code">backend/tests/test_dine_pillar_os_awareness.py:115: in test_diet_transition_query_detects_dine_pillar
    assert response.status_code == 200, f"API returned {response.status_code}: {response.text}"
E   AssertionError: API returned 422: {"detail":[{"type":"missing","loc":["body","message"],"msg":"Field required","input":{"input":"I want to switch my dog to a new food brand","pet_id":"pet-99a708f1722a","session_id":"test-dine-transition"},"url":"https://errors.pydantic.dev/2.12/v/missing"}]}
E   assert 422 == 200
E    +  where 422 = &lt;Response [422]&gt;.status_code</failure></testcase><testcase classname="backend.tests.test_dine_pillar_os_awareness.TestDineContextGeneration" name="test_dine_context_includes_allergies" time="0.033"><failure message="AssertionError: API returned 422: {&quot;detail&quot;:[{&quot;type&quot;:&quot;missing&quot;,&quot;loc&quot;:[&quot;body&quot;,&quot;message&quot;],&quot;msg&quot;:&quot;Field required&quot;,&quot;input&quot;:{&quot;input&quot;:&quot;What food is best for my dog?&quot;,&quot;pet_id&quot;:&quot;pet-99a708f1722a&quot;,&quot;session_id&quot;:&quot;test-dine-allergies&quot;},&quot;url&quot;:&quot;https://errors.pydantic.dev/2.12/v/missing&quot;}]}&#10;assert 422 == 200&#10; +  where 422 = &lt;Response [422]&gt;.status_code">backend/tests/test_dine_pillar_os_awareness.py:143: in test_dine_context_includes_allergies
    assert response.status_code == 200, f"API returned {response.status_code}: {response.text}"
E   AssertionError: API returned 422: {"detail":[{"type":"missing","loc":["body","message"],"msg":"Field required","input":{"input":"What food is best for my dog?","pet_id":"pet-99a708f1722a","session_id":"test-dine-allergies"},"url":"https://errors.pydantic.dev/2.12/v/missing"}]}
E   assert 422 == 200
E    +  where 422 = &lt;Response [422]&gt;.status_code</failure></testcase><testcase classname="backend.tests.test_dine_pillar_os_awareness.TestDineContextGeneration" name="test_dine_context_structure" time="0.036"><failure message="AssertionError: API returned 422: {&quot;detail&quot;:[{&quot;type&quot;:&quot;missing&quot;,&quot;loc&quot;:[&quot;body&quot;,&quot;message&quot;],&quot;msg&quot;:&quot;Field required&quot;,&quot;input&quot;:{&quot;input&quot;:&quot;Create an everyday meal routine for my dog&quot;,&quot;pet_id&quot;:&quot;pet-99a708f1722a&quot;,&quot;session_id&quot;:&quot;test-dine-structure&quot;},&quot;url&quot;:&quot;https://errors.pydantic.dev/2.12/v/missing&quot;}]}&#10;assert 422 == 200&#10; +  where 422 = &lt;Response [422]&gt;.status_code">backend/tests/test_dine_pillar_os_awareness.py:169: in test_dine_context_structure
    assert response.status_code == 200, f"API returned {response.status_code}: {response.text}"
E   AssertionError: API returned 422: {"detail":[{"type":"missing","loc":["body","message"],"msg":"Field required","input":{"input":"Create an everyday meal routine for my dog","pet_id":"pet-99a708f1722a","session_id":"test-dine-structure"},"url":"https://errors.pydantic.dev/2.12/v/missing"}]}
E   assert 422 == 200
E    +  where 422 = &lt;Response [422]&gt;.status_code</failure></testcase><testcase classname="backend.tests.test_dine_pillar_os_awareness.TestDinePicks" name="test_dine_picks_generated_for_meal_query" time="0.034"><failure message="AssertionError: API returned 422: {&quot;detail&quot;:[{&quot;type&quot;:&quot;missing&quot;,&quot;loc&quot;:[&quot;body&quot;,&quot;message&quot;],&quot;msg&quot;:&quot;Field required&quot;,&quot;input&quot;:{&quot;input&quot;:&quot;Help me plan my dog's daily meals&quot;,&quot;pet_id&quot;:&quot;pet-99a708f1722a&quot;,&quot;session_id&quot;:&quot;test-dine-picks&quot;},&quot;url&quot;:&quot;https://errors.pydantic.dev/2.12/v/missing&quot;}]}&#10;assert 422 == 200&#10; +  where 422 = &lt;Response [422]&gt;.status_code">backend/tests/test_dine_pillar_os_awareness.py:199: in test_dine_picks_generated_for_meal_query
    assert response.status_code == 200, f"API returned {response.status_code}: {response.text}"
E   AssertionError: API returned 422: {"detail":[{"type":"missing","loc":["body","message"],"msg":"Field required","input":{"input":"Help me plan my dog's daily meals","pet_id":"pet-99a708f1722a","session_id":"test-dine-picks"},"url":"https://errors.pydantic.dev/2.12/v/missing"}]}
E   assert 422 == 200
E    +  where 422 = &lt;Response [422]&gt;.status_code</failure></testcase><testcase classname="backend.tests.test_dine_pillar_os_awareness.TestDinePicks" name="test_treat_query_includes_treat_strategy_pick" time="0.077"><failure message="AssertionError: API returned 422: {&quot;detail&quot;:[{&quot;type&quot;:&quot;missing&quot;,&quot;loc&quot;:[&quot;body&quot;,&quot;message&quot;],&quot;msg&quot;:&quot;Field required&quot;,&quot;input&quot;:{&quot;input&quot;:&quot;How should I manage treats for training?&quot;,&quot;pet_id&quot;:&quot;pet-99a708f1722a&quot;,&quot;session_id&quot;:&quot;test-dine-treats&quot;},&quot;url&quot;:&quot;https://errors.pydantic.dev/2.12/v/missing&quot;}]}&#10;assert 422 == 200&#10; +  where 422 = &lt;Response [422]&gt;.status_code">backend/tests/test_dine_pillar_os_awareness.py:228: in test_treat_query_includes_treat_strategy_pick
    assert response.status_code == 200, f"API returned {response.status_code}: {response.text}"
E   AssertionError: API returned 422: {"detail":[{"type":"missing","loc":["body","message"],"msg":"Field required","input":{"input":"How should I manage treats for training?","pet_id":"pet-99a708f1722a","session_id":"test-dine-treats"},"url":"https://errors.pydantic.dev/2.12/v/missing"}]}
E   assert 422 == 200
E    +  where 422 = &lt;Response [422]&gt;.status_code</failure></testcase><testcase classname="backend.tests.test_dine_pillar_os_awareness.TestDinePicks" name="test_allergy_includes_nutrition_consult_pick" time="0.036"><failure message="AssertionError: API returned 422: {&quot;detail&quot;:[{&quot;type&quot;:&quot;missing&quot;,&quot;loc&quot;:[&quot;body&quot;,&quot;message&quot;],&quot;msg&quot;:&quot;Field required&quot;,&quot;input&quot;:{&quot;input&quot;:&quot;What food options work for my dog with allergies?&quot;,&quot;pet_id&quot;:&quot;pet-99a708f1722a&quot;,&quot;session_id&quot;:&quot;test-dine-allergy-consult&quot;},&quot;url&quot;:&quot;https://errors.pydantic.dev/2.12/v/missing&quot;}]}&#10;assert 422 == 200&#10; +  where 422 = &lt;Response [422]&gt;.status_code">backend/tests/test_dine_pillar_os_awareness.py:249: in test_allergy_includes_nutrition_consult_pick
    assert response.status_code == 200, f"API returned {response.status_code}: {response.text}"
E   AssertionError: API returned 422: {"detail":[{"type":"missing","loc":["body","message"],"msg":"Field required","input":{"input":"What food options work for my dog with allergies?","pet_id":"pet-99a708f1722a","session_id":"test-dine-allergy-consult"},"url":"https://errors.pydantic.dev/2.12/v/missing"}]}
E   assert 422 == 200
E    +  where 422 = &lt;Response [422]&gt;.status_code</failure></testcase><testcase classname="backend.tests.test_dine_pillar_os_awareness.TestSafetyGates" name="test_safety_gates_include_allergies" time="0.034"><failure message="AssertionError: API returned 422: {&quot;detail&quot;:[{&quot;type&quot;:&quot;missing&quot;,&quot;loc&quot;:[&quot;body&quot;,&quot;message&quot;],&quot;msg&quot;:&quot;Field required&quot;,&quot;input&quot;:{&quot;input&quot;:&quot;What should I feed my dog?&quot;,&quot;pet_id&quot;:&quot;pet-99a708f1722a&quot;,&quot;session_id&quot;:&quot;test-safety-gates&quot;},&quot;url&quot;:&quot;https://errors.pydantic.dev/2.12/v/missing&quot;}]}&#10;assert 422 == 200&#10; +  where 422 = &lt;Response [422]&gt;.status_code">backend/tests/test_dine_pillar_os_awareness.py:274: in test_safety_gates_include_allergies
    assert response.status_code == 200, f"API returned {response.status_code}: {response.text}"
E   AssertionError: API returned 422: {"detail":[{"type":"missing","loc":["body","message"],"msg":"Field required","input":{"input":"What should I feed my dog?","pet_id":"pet-99a708f1722a","session_id":"test-safety-gates"},"url":"https://errors.pydantic.dev/2.12/v/missing"}]}
E   assert 422 == 200
E    +  where 422 = &lt;Response [422]&gt;.status_code</failure></testcase><testcase classname="backend.tests.test_dine_pillar_os_awareness.TestTemporalContext" name="test_temporal_context_detects_birthday" time="0.039"><failure message="AssertionError: API returned 422: {&quot;detail&quot;:[{&quot;type&quot;:&quot;missing&quot;,&quot;loc&quot;:[&quot;body&quot;,&quot;message&quot;],&quot;msg&quot;:&quot;Field required&quot;,&quot;input&quot;:{&quot;input&quot;:&quot;Tell me about my dog&quot;,&quot;pet_id&quot;:&quot;pet-99a708f1722a&quot;,&quot;session_id&quot;:&quot;test-temporal-birthday&quot;},&quot;url&quot;:&quot;https://errors.pydantic.dev/2.12/v/missing&quot;}]}&#10;assert 422 == 200&#10; +  where 422 = &lt;Response [422]&gt;.status_code">backend/tests/test_dine_pillar_os_awareness.py:311: in test_temporal_context_detects_birthday
    assert response.status_code == 200, f"API returned {response.status_code}: {response.text}"
E   AssertionError: API returned 422: {"detail":[{"type":"missing","loc":["body","message"],"msg":"Field required","input":{"input":"Tell me about my dog","pet_id":"pet-99a708f1722a","session_id":"test-temporal-birthday"},"url":"https://errors.pydantic.dev/2.12/v/missing"}]}
E   assert 422 == 200
E    +  where 422 = &lt;Response [422]&gt;.status_code</failure></testcase><testcase classname="backend.tests.test_dine_pillar_os_awareness.TestNonDineQueriesRouteCorrectly" name="test_birthday_query_routes_to_celebrate" time="0.042"><failure message="AssertionError: API returned 422: {&quot;detail&quot;:[{&quot;type&quot;:&quot;missing&quot;,&quot;loc&quot;:[&quot;body&quot;,&quot;message&quot;],&quot;msg&quot;:&quot;Field required&quot;,&quot;input&quot;:{&quot;input&quot;:&quot;I want to plan a birthday party for my dog&quot;,&quot;pet_id&quot;:&quot;pet-99a708f1722a&quot;,&quot;session_id&quot;:&quot;test-celebrate-birthday&quot;},&quot;url&quot;:&quot;https://errors.pydantic.dev/2.12/v/missing&quot;}]}&#10;assert 422 == 200&#10; +  where 422 = &lt;Response [422]&gt;.status_code">backend/tests/test_dine_pillar_os_awareness.py:340: in test_birthday_query_routes_to_celebrate
    assert response.status_code == 200, f"API returned {response.status_code}: {response.text}"
E   AssertionError: API returned 422: {"detail":[{"type":"missing","loc":["body","message"],"msg":"Field required","input":{"input":"I want to plan a birthday party for my dog","pet_id":"pet-99a708f1722a","session_id":"test-celebrate-birthday"},"url":"https://errors.pydantic.dev/2.12/v/missing"}]}
E   assert 422 == 200
E    +  where 422 = &lt;Response [422]&gt;.status_code</failure></testcase><testcase classname="backend.tests.test_dine_pillar_os_awareness.TestNonDineQueriesRouteCorrectly" name="test_grooming_query_routes_to_care" time="0.033"><failure message="AssertionError: API returned 422: {&quot;detail&quot;:[{&quot;type&quot;:&quot;missing&quot;,&quot;loc&quot;:[&quot;body&quot;,&quot;message&quot;],&quot;msg&quot;:&quot;Field required&quot;,&quot;input&quot;:{&quot;input&quot;:&quot;My dog needs grooming and a haircut&quot;,&quot;pet_id&quot;:&quot;pet-99a708f1722a&quot;,&quot;session_id&quot;:&quot;test-care-grooming&quot;},&quot;url&quot;:&quot;https://errors.pydantic.dev/2.12/v/missing&quot;}]}&#10;assert 422 == 200&#10; +  where 422 = &lt;Response [422]&gt;.status_code">backend/tests/test_dine_pillar_os_awareness.py:356: in test_grooming_query_routes_to_care
    assert response.status_code == 200, f"API returned {response.status_code}: {response.text}"
E   AssertionError: API returned 422: {"detail":[{"type":"missing","loc":["body","message"],"msg":"Field required","input":{"input":"My dog needs grooming and a haircut","pet_id":"pet-99a708f1722a","session_id":"test-care-grooming"},"url":"https://errors.pydantic.dev/2.12/v/missing"}]}
E   assert 422 == 200
E    +  where 422 = &lt;Response [422]&gt;.status_code</failure></testcase><testcase classname="backend.tests.test_dine_pillar_os_awareness.TestNonDineQueriesRouteCorrectly" name="test_travel_query_routes_to_travel" time="0.040"><failure message="AssertionError: API returned 422: {&quot;detail&quot;:[{&quot;type&quot;:&quot;missing&quot;,&quot;loc&quot;:[&quot;body&quot;,&quot;message&quot;],&quot;msg&quot;:&quot;Field required&quot;,&quot;input&quot;:{&quot;input&quot;:&quot;I'm planning a road trip with my dog&quot;,&quot;pet_id&quot;:&quot;pet-99a708f1722a&quot;,&quot;session_id&quot;:&quot;test-travel&quot;},&quot;url&quot;:&quot;https://errors.pydantic.dev/2.12/v/missing&quot;}]}&#10;assert 422 == 200&#10; +  where 422 = &lt;Response [422]&gt;.status_code">backend/tests/test_dine_pillar_os_awareness.py:372: in test_travel_query_routes_to_travel
    assert response.status_code == 200, f"API returned {response.status_code}: {response.text}"
E   AssertionError: API returned 422: {"detail":[{"type":"missing","loc":["body","message"],"msg":"Field required","input":{"input":"I'm planning a road trip with my dog","pet_id":"pet-99a708f1722a","session_id":"test-travel"},"url":"https://errors.pydantic.dev/2.12/v/missing"}]}
E   assert 422 == 200
E    +  where 422 = &lt;Response [422]&gt;.status_code</failure></testcase><testcase classname="backend.tests.test_dine_pillar_os_awareness.TestNonDineQueriesRouteCorrectly" name="test_fitness_query_routes_to_fit" time="0.035"><failure message="AssertionError: API returned 422: {&quot;detail&quot;:[{&quot;type&quot;:&quot;missing&quot;,&quot;loc&quot;:[&quot;body&quot;,&quot;message&quot;],&quot;msg&quot;:&quot;Field required&quot;,&quot;input&quot;:{&quot;input&quot;:&quot;My dog needs more exercise and is overweight&quot;,&quot;pet_id&quot;:&quot;pet-99a708f1722a&quot;,&quot;session_id&quot;:&quot;test-fit-exercise&quot;},&quot;url&quot;:&quot;https://errors.pydantic.dev/2.12/v/missing&quot;}]}&#10;assert 422 == 200&#10; +  where 422 = &lt;Response [422]&gt;.status_code">backend/tests/test_dine_pillar_os_awareness.py:388: in test_fitness_query_routes_to_fit
    assert response.status_code == 200, f"API returned {response.status_code}: {response.text}"
E   AssertionError: API returned 422: {"detail":[{"type":"missing","loc":["body","message"],"msg":"Field required","input":{"input":"My dog needs more exercise and is overweight","pet_id":"pet-99a708f1722a","session_id":"test-fit-exercise"},"url":"https://errors.pydantic.dev/2.12/v/missing"}]}
E   assert 422 == 200
E    +  where 422 = &lt;Response [422]&gt;.status_code</failure></testcase><testcase classname="backend.tests.test_dine_pillar_os_awareness.TestDineVsFitPillarSeparation" name="test_food_query_routes_to_dine_not_fit" time="0.038"><failure message="AssertionError: API returned 422: {&quot;detail&quot;:[{&quot;type&quot;:&quot;missing&quot;,&quot;loc&quot;:[&quot;body&quot;,&quot;message&quot;],&quot;msg&quot;:&quot;Field required&quot;,&quot;input&quot;:{&quot;input&quot;:&quot;What's the best diet for my dog?&quot;,&quot;pet_id&quot;:&quot;pet-99a708f1722a&quot;,&quot;session_id&quot;:&quot;test-dine-vs-fit-food&quot;},&quot;url&quot;:&quot;https://errors.pydantic.dev/2.12/v/missing&quot;}]}&#10;assert 422 == 200&#10; +  where 422 = &lt;Response [422]&gt;.status_code">backend/tests/test_dine_pillar_os_awareness.py:409: in test_food_query_routes_to_dine_not_fit
    assert response.status_code == 200, f"API returned {response.status_code}: {response.text}"
E   AssertionError: API returned 422: {"detail":[{"type":"missing","loc":["body","message"],"msg":"Field required","input":{"input":"What's the best diet for my dog?","pet_id":"pet-99a708f1722a","session_id":"test-dine-vs-fit-food"},"url":"https://errors.pydantic.dev/2.12/v/missing"}]}
E   assert 422 == 200
E    +  where 422 = &lt;Response [422]&gt;.status_code</failure></testcase><testcase classname="backend.tests.test_dine_pillar_os_awareness.TestDineVsFitPillarSeparation" name="test_weight_loss_exercise_routes_to_fit" time="0.037"><failure message="AssertionError: API returned 422: {&quot;detail&quot;:[{&quot;type&quot;:&quot;missing&quot;,&quot;loc&quot;:[&quot;body&quot;,&quot;message&quot;],&quot;msg&quot;:&quot;Field required&quot;,&quot;input&quot;:{&quot;input&quot;:&quot;My dog is obese and needs a workout routine&quot;,&quot;pet_id&quot;:&quot;pet-99a708f1722a&quot;,&quot;session_id&quot;:&quot;test-fit-weight-loss&quot;},&quot;url&quot;:&quot;https://errors.pydantic.dev/2.12/v/missing&quot;}]}&#10;assert 422 == 200&#10; +  where 422 = &lt;Response [422]&gt;.status_code">backend/tests/test_dine_pillar_os_awareness.py:425: in test_weight_loss_exercise_routes_to_fit
    assert response.status_code == 200, f"API returned {response.status_code}: {response.text}"
E   AssertionError: API returned 422: {"detail":[{"type":"missing","loc":["body","message"],"msg":"Field required","input":{"input":"My dog is obese and needs a workout routine","pet_id":"pet-99a708f1722a","session_id":"test-fit-weight-loss"},"url":"https://errors.pydantic.dev/2.12/v/missing"}]}
E   assert 422 == 200
E    +  where 422 = &lt;Response [422]&gt;.status_code</failure></testcase><testcase classname="backend.tests.test_dine_pillar_os_awareness.TestPicksUpdate" name="test_picks_update_triggers_for_dine_pillar" time="0.034"><failure message="AssertionError: API returned 422: {&quot;detail&quot;:[{&quot;type&quot;:&quot;missing&quot;,&quot;loc&quot;:[&quot;body&quot;,&quot;message&quot;],&quot;msg&quot;:&quot;Field required&quot;,&quot;input&quot;:{&quot;input&quot;:&quot;Help me with my dog's feeding schedule&quot;,&quot;pet_id&quot;:&quot;pet-99a708f1722a&quot;,&quot;session_id&quot;:&quot;test-picks-update&quot;},&quot;url&quot;:&quot;https://errors.pydantic.dev/2.12/v/missing&quot;}]}&#10;assert 422 == 200&#10; +  where 422 = &lt;Response [422]&gt;.status_code">backend/tests/test_dine_pillar_os_awareness.py:445: in test_picks_update_triggers_for_dine_pillar
    assert response.status_code == 200, f"API returned {response.status_code}: {response.text}"
E   AssertionError: API returned 422: {"detail":[{"type":"missing","loc":["body","message"],"msg":"Field required","input":{"input":"Help me with my dog's feeding schedule","pet_id":"pet-99a708f1722a","session_id":"test-picks-update"},"url":"https://errors.pydantic.dev/2.12/v/missing"}]}
E   assert 422 == 200
E    +  where 422 = &lt;Response [422]&gt;.status_code</failure></testcase></testsuite></testsuites>