<?xml version="1.0" encoding="utf-8"?><testsuites name="pytest tests"><testsuite name="pytest" errors="0" failures="0" skipped="0" tests="9" time="1.312" timestamp="2026-02-02T03:14:53.752588+00:00" hostname="agent-env-c85a364b-d32d-45eb-8285-97c44563849a"><testcase classname="backend.tests.test_p0_p1_bugs.TestServiceRequests" name="test_login_returns_correct_user_name" time="0.336" /><testcase classname="backend.tests.test_p0_p1_bugs.TestServiceRequests" name="test_service_request_with_correct_customer_name" time="0.329" /><testcase classname="backend.tests.test_p0_p1_bugs.TestPetSelector" name="test_fetch_user_pets" time="0.320" /><testcase classname="backend.tests.test_p0_p1_bugs.TestPillarPages" name="test_celebrate_page_products" time="0.050" /><testcase classname="backend.tests.test_p0_p1_bugs.TestPillarPages" name="test_learn_page_products" time="0.053" /><testcase classname="backend.tests.test_p0_p1_bugs.TestPillarPages" name="test_fit_page_products" time="0.039" /><testcase classname="backend.tests.test_p0_p1_bugs.TestPillarPages" name="test_travel_page_products" time="0.037" /><testcase classname="backend.tests.test_p0_p1_bugs.TestPillarPages" name="test_farewell_page_products" time="0.039" /><testcase classname="backend.tests.test_p0_p1_bugs.TestServiceCatalog" name="test_celebrate_services" time="0.038" /></testsuite></testsuites>