<?xml version="1.0" encoding="utf-8"?><testsuites name="pytest tests"><testsuite name="pytest" errors="0" failures="0" skipped="0" tests="12" time="0.631" timestamp="2026-01-29T14:01:47.008842+00:00" hostname="agent-env-b9d24dfc-ff4d-4761-8d4c-8b2f16394dc3"><testcase classname="backend.tests.test_sev1_unified_flow.TestTravelUnifiedFlow" name="test_travel_request_creates_notification" time="0.113" /><testcase classname="backend.tests.test_sev1_unified_flow.TestTravelUnifiedFlow" name="test_travel_request_creates_service_desk_ticket" time="0.057" /><testcase classname="backend.tests.test_sev1_unified_flow.TestTravelUnifiedFlow" name="test_travel_request_creates_channel_intake" time="0.047" /><testcase classname="backend.tests.test_sev1_unified_flow.TestTravelUnifiedFlow" name="test_travel_cross_reference_ids_match" time="0.000" /><testcase classname="backend.tests.test_sev1_unified_flow.TestFitUnifiedFlow" name="test_fit_request_creates_notification" time="0.085" /><testcase classname="backend.tests.test_sev1_unified_flow.TestFitUnifiedFlow" name="test_fit_request_creates_service_desk_ticket" time="0.043" /><testcase classname="backend.tests.test_sev1_unified_flow.TestFitUnifiedFlow" name="test_fit_request_creates_channel_intake" time="0.041" /><testcase classname="backend.tests.test_sev1_unified_flow.TestFitUnifiedFlow" name="test_fit_cross_reference_ids_match" time="0.000" /><testcase classname="backend.tests.test_sev1_unified_flow.TestNotificationReadField" name="test_notifications_have_read_field" time="0.043" /><testcase classname="backend.tests.test_sev1_unified_flow.TestHealthEndpoints" name="test_api_health" time="0.041" /><testcase classname="backend.tests.test_sev1_unified_flow.TestHealthEndpoints" name="test_travel_types_endpoint" time="0.039" /><testcase classname="backend.tests.test_sev1_unified_flow.TestHealthEndpoints" name="test_fit_request_endpoint" time="0.041" /></testsuite></testsuites>