<?xml version="1.0" encoding="utf-8"?><testsuites name="pytest tests"><testsuite name="pytest" errors="0" failures="0" skipped="0" tests="13" time="184.621" timestamp="2026-02-10T05:18:46.474778+00:00" hostname="agent-env-8de75de3-029d-40ca-8676-535c865417bf"><testcase classname="backend.tests.test_conversation_flows_vault.TestConversationFlowsVault" name="test_pet_cafe_query_returns_nearby_places" time="13.657" /><testcase classname="backend.tests.test_conversation_flows_vault.TestConversationFlowsVault" name="test_pet_cafe_variant_queries" time="33.142" /><testcase classname="backend.tests.test_conversation_flows_vault.TestConversationFlowsVault" name="test_birthday_cake_returns_products" time="6.975" /><testcase classname="backend.tests.test_conversation_flows_vault.TestConversationFlowsVault" name="test_celebration_queries_return_products" time="19.878" /><testcase classname="backend.tests.test_conversation_flows_vault.TestConversationFlowsVault" name="test_meal_plan_returns_tip_card" time="6.303" /><testcase classname="backend.tests.test_conversation_flows_vault.TestConversationFlowsVault" name="test_advisory_queries_no_products" time="33.318" /><testcase classname="backend.tests.test_conversation_flows_vault.TestConversationFlowsVault" name="test_dog_walker_routes_to_concierge" time="8.290" /><testcase classname="backend.tests.test_conversation_flows_vault.TestConversationFlowsVault" name="test_service_queries_route_concierge" time="25.187" /><testcase classname="backend.tests.test_conversation_flows_vault.TestConversationFlowsVault" name="test_picks_indicator_counts_all_types" time="4.541" /><testcase classname="backend.tests.test_conversation_flows_vault.TestConversationFlowsVault" name="test_vault_manager_places_detection" time="5.056" /><testcase classname="backend.tests.test_conversation_flows_vault.TestBackendNearbyPlacesIntegration" name="test_nearby_places_structure_for_restaurant" time="13.508" /><testcase classname="backend.tests.test_conversation_flows_vault.TestBackendNearbyPlacesIntegration" name="test_nearby_places_structure_for_vet" time="7.560" /><testcase classname="backend.tests.test_conversation_flows_vault.TestMiraPicksStateUpdate" name="test_places_data_available_for_frontend" time="7.131" /></testsuite></testsuites>