<?xml version="1.0" encoding="utf-8"?><testsuites name="pytest tests"><testsuite name="pytest" errors="0" failures="0" skipped="0" tests="13" time="0.983" timestamp="2026-02-12T03:09:27.965687+00:00" hostname="agent-env-0c4eeb85-cd80-4a3b-b31d-a1dc309fe79c"><testcase classname="backend.tests.test_soul_score_iteration_143.TestQuickQuestionsEndpoint" name="test_quick_questions_returns_max_3_by_default" time="0.337" /><testcase classname="backend.tests.test_soul_score_iteration_143.TestQuickQuestionsEndpoint" name="test_quick_questions_with_limit_parameter" time="0.039" /><testcase classname="backend.tests.test_soul_score_iteration_143.TestQuickQuestionsEndpoint" name="test_quick_questions_from_different_folders" time="0.038" /><testcase classname="backend.tests.test_soul_score_iteration_143.TestQuickQuestionsEndpoint" name="test_quick_questions_pet_not_found" time="0.036" /><testcase classname="backend.tests.test_soul_score_iteration_143.TestWhatMiraKnowsEndpoint" name="test_what_mira_knows_returns_data" time="0.041" /><testcase classname="backend.tests.test_soul_score_iteration_143.TestWhatMiraKnowsEndpoint" name="test_what_mira_knows_soul_knowledge_format" time="0.037" /><testcase classname="backend.tests.test_soul_score_iteration_143.TestWhatMiraKnowsEndpoint" name="test_what_mira_knows_requires_auth" time="0.038" /><testcase classname="backend.tests.test_soul_score_iteration_143.TestWhatMiraKnowsEndpoint" name="test_what_mira_knows_pet_not_found" time="0.042" /><testcase classname="backend.tests.test_soul_score_iteration_143.TestSoulScoreConsistency" name="test_soul_score_from_pet_profile" time="0.038" /><testcase classname="backend.tests.test_soul_score_iteration_143.TestSoulScoreConsistency" name="test_soul_score_from_mira_knows" time="0.044" /><testcase classname="backend.tests.test_soul_score_iteration_143.TestSoulScoreConsistency" name="test_soul_score_from_my_pets" time="0.049" /><testcase classname="backend.tests.test_soul_score_iteration_143.TestSoulScoreConsistency" name="test_soul_score_consistency_all_sources" time="0.133" /><testcase classname="backend.tests.test_soul_score_iteration_143.TestMiraPersonalizationStats" name="test_personalization_stats_endpoint" time="0.043" /></testsuite></testsuites>