<?xml version="1.0" encoding="utf-8"?><testsuites name="pytest tests"><testsuite name="pytest" errors="0" failures="0" skipped="0" tests="11" time="0.609" timestamp="2026-01-20T04:16:14.072577+00:00" hostname="agent-env-025b8116-be0e-496e-91e2-88b69897640f"><testcase classname="tests.test_advisory_pillar.TestAdvisoryPublicEndpoints" name="test_advisory_types" time="0.092" /><testcase classname="tests.test_advisory_pillar.TestAdvisoryPublicEndpoints" name="test_advisory_config" time="0.044" /><testcase classname="tests.test_advisory_pillar.TestAdvisoryPublicEndpoints" name="test_advisory_products" time="0.040" /><testcase classname="tests.test_advisory_pillar.TestAdvisoryPublicEndpoints" name="test_advisory_bundles" time="0.036" /><testcase classname="tests.test_advisory_pillar.TestAdvisoryPublicEndpoints" name="test_advisory_advisors" time="0.038" /><testcase classname="tests.test_advisory_pillar.TestAdvisoryPublicEndpoints" name="test_advisory_featured_advisors" time="0.031" /><testcase classname="tests.test_advisory_pillar.TestAdvisoryAdminEndpoints" name="test_advisory_admin_stats" time="0.049" /><testcase classname="tests.test_advisory_pillar.TestAdvisoryAdminEndpoints" name="test_advisory_admin_settings" time="0.039" /><testcase classname="tests.test_advisory_pillar.TestAdvisoryAdminEndpoints" name="test_advisory_admin_partners" time="0.036" /><testcase classname="tests.test_advisory_pillar.TestAdvisoryAdminEndpoints" name="test_advisory_requests_list" time="0.033" /><testcase classname="tests.test_advisory_pillar.TestAdvisorySeedData" name="test_seed_data_exists" time="0.106" /></testsuite></testsuites>