<?xml version="1.0" encoding="utf-8"?><testsuites name="pytest tests"><testsuite name="pytest" errors="0" failures="1" skipped="0" tests="17" time="2.065" timestamp="2026-02-07T07:35:01.256543+00:00" hostname="agent-env-2d5cb22b-459f-49b9-b9ee-de20ecc643ec"><testcase classname="tests.test_mira_session_persistence.TestSessionCreate" name="test_create_session_basic" time="0.089" /><testcase classname="tests.test_mira_session_persistence.TestSessionCreate" name="test_create_session_with_pet_context" time="0.084" /><testcase classname="tests.test_mira_session_persistence.TestSessionRetrieval" name="test_get_session_by_id" time="0.083"><failure message="AssertionError: Expected 200, got 404: {&quot;detail&quot;:&quot;Session not found&quot;}&#10;assert 404 == 200&#10; +  where 404 = &lt;Response [404]&gt;.status_code">tests/test_mira_session_persistence.py:94: in test_get_session_by_id
    assert response.status_code == 200, f"Expected 200, got {response.status_code}: {response.text}"
E   AssertionError: Expected 200, got 404: {"detail":"Session not found"}
E   assert 404 == 200
E    +  where 404 = &lt;Response [404]&gt;.status_code</failure></testcase><testcase classname="tests.test_mira_session_persistence.TestSessionRetrieval" name="test_get_session_not_found" time="0.041" /><testcase classname="tests.test_mira_session_persistence.TestSessionRetrieval" name="test_get_session_messages" time="0.080" /><testcase classname="tests.test_mira_session_persistence.TestAddMessage" name="test_add_user_message" time="0.152" /><testcase classname="tests.test_mira_session_persistence.TestAddMessage" name="test_add_assistant_message" time="0.120" /><testcase classname="tests.test_mira_session_persistence.TestMultiSessionManagement" name="test_list_sessions_by_member" time="0.151" /><testcase classname="tests.test_mira_session_persistence.TestMultiSessionManagement" name="test_list_sessions_empty_member" time="0.079" /><testcase classname="tests.test_mira_session_persistence.TestMultiSessionManagement" name="test_list_sessions_pagination" time="0.317" /><testcase classname="tests.test_mira_session_persistence.TestMultiPetSupport" name="test_switch_pet_new_session" time="0.037" /><testcase classname="tests.test_mira_session_persistence.TestMultiPetSupport" name="test_switch_pet_existing_session" time="0.118" /><testcase classname="tests.test_mira_session_persistence.TestMultiPetSupport" name="test_switch_pet_includes_messages" time="0.118" /><testcase classname="tests.test_mira_session_persistence.TestSessionContext" name="test_get_session_context" time="0.154" /><testcase classname="tests.test_mira_session_persistence.TestSessionClose" name="test_close_session" time="0.117" /><testcase classname="tests.test_mira_session_persistence.TestListByPet" name="test_list_sessions_by_pet" time="0.138" /><testcase classname="tests.test_mira_session_persistence.TestListByPet" name="test_get_latest_session_by_pet" time="0.075" /></testsuite></testsuites>