<?xml version="1.0" encoding="utf-8"?><testsuites name="pytest tests"><testsuite name="pytest" errors="0" failures="0" skipped="0" tests="15" time="7.498" timestamp="2026-03-15T09:29:22.506686+00:00" hostname="agent-env-cdc1e511-adf3-40bc-bbb4-71de49bcdce7"><testcase classname="backend.tests.test_celebrate_servicebox_iteration_134.TestCelebrateAdminProducts" name="test_products_total_is_1499" time="4.147" /><testcase classname="backend.tests.test_celebrate_servicebox_iteration_134.TestCelebrateAdminProducts" name="test_products_pagination_50_per_page" time="0.170" /><testcase classname="backend.tests.test_celebrate_servicebox_iteration_134.TestCelebrateAdminProducts" name="test_products_have_shopify_badge_source" time="0.136" /><testcase classname="backend.tests.test_celebrate_servicebox_iteration_134.TestCelebrateAdminProducts" name="test_products_page_2_exists" time="0.289" /><testcase classname="backend.tests.test_celebrate_servicebox_iteration_134.TestCelebrateAdminProducts" name="test_category_filter_all" time="0.169" /><testcase classname="backend.tests.test_celebrate_servicebox_iteration_134.TestCelebrateAdminProducts" name="test_search_filter" time="0.173" /><testcase classname="backend.tests.test_celebrate_servicebox_iteration_134.TestServiceBoxServices" name="test_care_pillar_has_76_plus_services" time="0.171" /><testcase classname="backend.tests.test_celebrate_servicebox_iteration_134.TestServiceBoxServices" name="test_shop_pillar_has_zero_active_services" time="0.103" /><testcase classname="backend.tests.test_celebrate_servicebox_iteration_134.TestServiceBoxServices" name="test_all_13_non_shop_pillars_have_services" time="1.394" /><testcase classname="backend.tests.test_celebrate_servicebox_iteration_134.TestServiceBoxServices" name="test_service_stats_endpoint" time="0.102" /><testcase classname="backend.tests.test_celebrate_servicebox_iteration_134.TestServiceBoxServices" name="test_services_list_includes_pillars_metadata" time="0.107" /><testcase classname="backend.tests.test_celebrate_servicebox_iteration_134.TestServiceBoxServices" name="test_advisory_pillar_has_many_services" time="0.108" /><testcase classname="backend.tests.test_celebrate_servicebox_iteration_134.TestBundlePricing" name="test_patch_bundle_pricing_returns_200" time="0.096" /><testcase classname="backend.tests.test_celebrate_servicebox_iteration_134.TestBundlePricing" name="test_patch_bundle_pricing_updates_data" time="0.140" /><testcase classname="backend.tests.test_celebrate_servicebox_iteration_134.TestCelebrateDashboardStats" name="test_celebrate_stats_endpoint" time="0.104" /></testsuite></testsuites>