<?xml version="1.0" encoding="utf-8"?><testsuites name="pytest tests"><testsuite name="pytest" errors="0" failures="0" skipped="0" tests="9" time="180.562" timestamp="2026-01-26T17:29:53.475570+00:00" hostname="agent-env-b8fb95dc-5d06-4ce4-a7fa-12297de44f66"><testcase classname="backend.tests.test_iteration_87.TestEmailWebhook" name="test_email_webhook_creates_new_ticket" time="0.077" /><testcase classname="backend.tests.test_iteration_87.TestEmailWebhook" name="test_email_webhook_appends_to_existing_ticket" time="0.551" /><testcase classname="backend.tests.test_iteration_87.TestEmailWebhook" name="test_email_webhook_required_fields" time="0.032" /><testcase classname="backend.tests.test_iteration_87.TestAIProductDescriptionEnhancement" name="test_enhance_descriptions_endpoint_exists" time="0.038" /><testcase classname="backend.tests.test_iteration_87.TestAIProductDescriptionEnhancement" name="test_enhance_descriptions_with_auth" time="179.371" /><testcase classname="backend.tests.test_iteration_87.TestFitnessProducts" name="test_fitness_products_count" time="0.077" /><testcase classname="backend.tests.test_iteration_87.TestFitnessProducts" name="test_seed_extra_fitness_products" time="0.037" /><testcase classname="backend.tests.test_iteration_87.TestDashboardPillars" name="test_ticket_categories_include_all_pillars" time="0.039" /><testcase classname="backend.tests.test_iteration_87.TestAddressValidation" name="test_member_registration_requires_address" time="0.283" /></testsuite></testsuites>