<?xml version="1.0" encoding="utf-8"?><testsuites name="pytest tests"><testsuite name="pytest" errors="0" failures="1" skipped="0" tests="10" time="79.829" timestamp="2026-02-12T19:59:59.747613+00:00" hostname="agent-env-ba191759-5242-40cb-8528-8af8a48c1c0f"><testcase classname="tests.test_soul_first_integration.TestSoulFirstIntegration" name="test_auth_works" time="0.594"><failure message="AssertionError: No token in response&#10;assert 'token' in {'access_token': 'eyJhbGciOiJIUzI1NiIsInR5cCI6IkpXVCJ9.eyJzdWIiOiJkaXBhbGlAY2x1YmNvbmNpZXJnZS5pbiIsInJvbGUiOiJ1c2VyIiwiZXhwIjoxNzcxNTMxMjAwfQ.5xq-MzrkZAbgU6FKQB-SdOn7Tz77LzRf53vjIqq3nSk', 'message': 'Login successful', 'mira_access': {'allowed': True, 'limit': 3, 'message': None, 'priority': False, ...}, 'token_type': 'bearer', ...}">tests/test_soul_first_integration.py:57: in test_auth_works
    assert "token" in data, "No token in response"
E   AssertionError: No token in response
E   assert 'token' in {'access_token': 'eyJhbGciOiJIUzI1NiIsInR5cCI6IkpXVCJ9.eyJzdWIiOiJkaXBhbGlAY2x1YmNvbmNpZXJnZS5pbiIsInJvbGUiOiJ1c2VyIiwiZXhwIjoxNzcxNTMxMjAwfQ.5xq-MzrkZAbgU6FKQB-SdOn7Tz77LzRf53vjIqq3nSk', 'message': 'Login successful', 'mira_access': {'allowed': True, 'limit': 3, 'message': None, 'priority': False, ...}, 'token_type': 'bearer', ...}</failure></testcase><testcase classname="tests.test_soul_first_integration.TestSoulFirstIntegration" name="test_get_pet_profile_for_mystique" time="0.527" /><testcase classname="tests.test_soul_first_integration.TestSoulFirstIntegration" name="test_mira_grooming_query_uses_soul_data" time="15.099" /><testcase classname="tests.test_soul_first_integration.TestSoulFirstIntegration" name="test_mira_generates_fallback_questions_when_soul_sparse" time="2.657" /><testcase classname="tests.test_soul_first_integration.TestSoulFirstIntegration" name="test_soul_data_extraction_from_user_response" time="10.752" /><testcase classname="tests.test_soul_first_integration.TestSoulFirstIntegration" name="test_soul_first_prompt_injection_for_grooming" time="14.418" /><testcase classname="tests.test_soul_first_integration.TestSoulFirstIntegration" name="test_no_breed_assumptions_for_shih_tzu_heat_sensitivity" time="4.700" /><testcase classname="tests.test_soul_first_integration.TestSoulDataWriteBack" name="test_coat_type_extraction_and_persistence" time="6.354" /><testcase classname="tests.test_soul_first_integration.TestSoulDataWriteBack" name="test_anxiety_trigger_extraction_and_persistence" time="3.945" /><testcase classname="tests.test_soul_first_integration.TestSoulFirstResponseStrategy" name="test_soul_first_strategy_with_rich_profile" time="20.677" /></testsuite></testsuites>