<?xml version="1.0" encoding="utf-8"?><testsuites name="pytest tests"><testsuite name="pytest" errors="0" failures="0" skipped="0" tests="13" time="0.754" timestamp="2026-01-17T14:28:09.760041+00:00" hostname="agent-env-cf5fea37-5b5a-4333-bace-33bbc47a9147"><testcase classname="tests.test_stay_bundles_socials.TestStayBundlesAPI" name="test_get_bundles_returns_data" time="0.113" /><testcase classname="tests.test_stay_bundles_socials.TestStayBundlesAPI" name="test_bundles_have_required_fields" time="0.044" /><testcase classname="tests.test_stay_bundles_socials.TestStayBundlesAPI" name="test_bundles_filter_by_category" time="0.044" /><testcase classname="tests.test_stay_bundles_socials.TestStayBundlesAPI" name="test_bundles_filter_by_featured" time="0.044" /><testcase classname="tests.test_stay_bundles_socials.TestStaySocialsAPI" name="test_get_socials_returns_data" time="0.040" /><testcase classname="tests.test_stay_bundles_socials.TestStaySocialsAPI" name="test_socials_have_required_fields" time="0.042" /><testcase classname="tests.test_stay_bundles_socials.TestStaySocialsAPI" name="test_socials_have_property_info" time="0.045" /><testcase classname="tests.test_stay_bundles_socials.TestStayPropertiesAPI" name="test_get_properties_returns_data" time="0.051" /><testcase classname="tests.test_stay_bundles_socials.TestStayPropertiesAPI" name="test_properties_have_paw_rating" time="0.047" /><testcase classname="tests.test_stay_bundles_socials.TestStayPropertiesAPI" name="test_properties_filter_by_city" time="0.054" /><testcase classname="tests.test_stay_bundles_socials.TestReviewsAPI" name="test_submit_review_success" time="0.083" /><testcase classname="tests.test_stay_bundles_socials.TestReviewsAPI" name="test_submit_review_missing_fields" time="0.040" /><testcase classname="tests.test_stay_bundles_socials.TestHealthEndpoints" name="test_health_check" time="0.035" /></testsuite></testsuites>