<?xml version="1.0" encoding="utf-8"?><testsuites name="pytest tests"><testsuite name="pytest" errors="0" failures="2" skipped="0" tests="11" time="0.593" timestamp="2026-01-20T13:30:21.496781+00:00" hostname="agent-env-7f337255-1807-4b25-959b-a73d7856ceb8"><testcase classname="tests.test_iteration_32.TestCollectionsAPI" name="test_collections_endpoint_returns_data" time="0.105" /><testcase classname="tests.test_iteration_32.TestCollectionsAPI" name="test_collections_have_product_count" time="0.039" /><testcase classname="tests.test_iteration_32.TestCollectionsAPI" name="test_cakes_collection_has_products" time="0.037" /><testcase classname="tests.test_iteration_32.TestDineAPI" name="test_dine_restaurants_endpoint" time="0.041" /><testcase classname="tests.test_iteration_32.TestDineAPI" name="test_dine_restaurants_have_required_fields" time="0.043" /><testcase classname="tests.test_iteration_32.TestDineAPI" name="test_dine_bundles_endpoint" time="0.035" /><testcase classname="tests.test_iteration_32.TestDineAPI" name="test_dine_products_endpoint" time="0.034" /><testcase classname="tests.test_iteration_32.TestDineAPI" name="test_dine_products_have_required_fields" time="0.038" /><testcase classname="tests.test_iteration_32.TestAdminLogin" name="test_admin_login_endpoint" time="0.035"><failure message="AssertionError: assert 'token' in {'message': 'Login successful', 'success': True}">tests/test_iteration_32.py:129: in test_admin_login_endpoint
    assert "token" in data
E   AssertionError: assert 'token' in {'message': 'Login successful', 'success': True}</failure></testcase><testcase classname="tests.test_iteration_32.TestAdminLogin" name="test_admin_login_invalid_credentials" time="0.036" /><testcase classname="tests.test_iteration_32.TestServiceDeskTickets" name="test_get_tickets" time="0.072"><failure message="assert 404 == 200&#10; +  where 404 = &lt;Response [404]&gt;.status_code">tests/test_iteration_32.py:161: in test_get_tickets
    assert response.status_code == 200
E   assert 404 == 200
E    +  where 404 = &lt;Response [404]&gt;.status_code</failure></testcase></testsuite></testsuites>