<?xml version="1.0" encoding="utf-8"?><testsuites name="pytest tests"><testsuite name="pytest" errors="0" failures="0" skipped="0" tests="11" time="3.096" timestamp="2026-02-02T06:40:27.187748+00:00" hostname="agent-env-c303e919-860f-46fb-b8a3-8f193c0beb5f"><testcase classname="backend.tests.test_admin_quick_tools.TestAdminQuickTools" name="test_health_check" time="0.067" /><testcase classname="backend.tests.test_admin_quick_tools.TestAdminQuickTools" name="test_run_intelligence_endpoint" time="1.505" /><testcase classname="backend.tests.test_admin_quick_tools.TestAdminQuickTools" name="test_seed_all_endpoint" time="0.104" /><testcase classname="backend.tests.test_admin_quick_tools.TestAdminQuickTools" name="test_unified_products_csv_download" time="0.344" /><testcase classname="backend.tests.test_admin_quick_tools.TestAdminQuickTools" name="test_services_csv_download" time="0.039" /><testcase classname="backend.tests.test_admin_quick_tools.TestAdminQuickTools" name="test_run_intelligence_without_auth_fails" time="0.033" /><testcase classname="backend.tests.test_admin_quick_tools.TestAdminQuickTools" name="test_seed_all_without_auth_works" time="0.102" /><testcase classname="backend.tests.test_admin_quick_tools.TestAdminQuickTools" name="test_csv_download_without_auth_fails" time="0.032" /><testcase classname="backend.tests.test_admin_quick_tools.TestProductTagsEnhancement" name="test_unified_products_have_pillar_tags" time="0.252" /><testcase classname="backend.tests.test_admin_quick_tools.TestProductTagsEnhancement" name="test_unified_products_have_size_tags" time="0.232" /><testcase classname="backend.tests.test_admin_quick_tools.TestProductTagsEnhancement" name="test_unified_products_have_breed_tags" time="0.321" /></testsuite></testsuites>