<?xml version="1.0" encoding="utf-8"?><testsuites name="pytest tests"><testsuite name="pytest" errors="0" failures="2" skipped="0" tests="12" time="1.395" timestamp="2026-01-28T09:43:33.548017+00:00" hostname="agent-env-7618b580-8361-4a6a-b1ea-7bfc7a129699"><testcase classname="backend.tests.test_checkout_apis.TestCheckoutConfig" name="test_get_checkout_config" time="0.069" /><testcase classname="backend.tests.test_checkout_apis.TestGSTCalculation" name="test_calculate_total_same_state_karnataka" time="0.042" /><testcase classname="backend.tests.test_checkout_apis.TestGSTCalculation" name="test_calculate_total_different_state_maharashtra" time="0.036" /><testcase classname="backend.tests.test_checkout_apis.TestGSTCalculation" name="test_calculate_total_with_discount" time="0.041" /><testcase classname="backend.tests.test_checkout_apis.TestGSTCalculation" name="test_calculate_total_with_shipping" time="0.041" /><testcase classname="backend.tests.test_checkout_apis.TestOrderCreation" name="test_create_order_razorpay_not_configured" time="0.833"><failure message="AssertionError: Expected 200 or 500, got 520&#10;assert 520 in [200, 500]&#10; +  where 520 = &lt;Response [520]&gt;.status_code">backend/tests/test_checkout_apis.py:291: in test_create_order_razorpay_not_configured
    assert response.status_code in [200, 500], f"Expected 200 or 500, got {response.status_code}"
E   AssertionError: Expected 200 or 500, got 520
E   assert 520 in [200, 500]
E    +  where 520 = &lt;Response [520]&gt;.status_code</failure></testcase><testcase classname="backend.tests.test_checkout_apis.TestInvoiceEndpoints" name="test_get_invoice_data_not_found" time="0.040" /><testcase classname="backend.tests.test_checkout_apis.TestInvoiceEndpoints" name="test_get_invoice_pdf_not_found" time="0.036" /><testcase classname="backend.tests.test_checkout_apis.TestInvoiceEndpoints" name="test_get_order_details_not_found" time="0.042" /><testcase classname="backend.tests.test_checkout_apis.TestDiscountValidation" name="test_validate_discount_missing_code" time="0.044" /><testcase classname="backend.tests.test_checkout_apis.TestDiscountValidation" name="test_validate_discount_invalid_code" time="0.037" /><testcase classname="backend.tests.test_checkout_apis.TestPaymentVerification" name="test_verify_payment_razorpay_not_configured" time="0.035"><failure message="AssertionError: Expected 400 or 500, got 520&#10;assert 520 in [400, 500]&#10; +  where 520 = &lt;Response [520]&gt;.status_code">backend/tests/test_checkout_apis.py:416: in test_verify_payment_razorpay_not_configured
    assert response.status_code in [400, 500], f"Expected 400 or 500, got {response.status_code}"
E   AssertionError: Expected 400 or 500, got 520
E   assert 520 in [400, 500]
E    +  where 520 = &lt;Response [520]&gt;.status_code</failure></testcase></testsuite></testsuites>