<?xml version="1.0" encoding="utf-8"?><testsuites name="pytest tests"><testsuite name="pytest" errors="0" failures="0" skipped="0" tests="7" time="1.822" timestamp="2026-02-18T19:54:34.912429+00:00" hostname="agent-env-4cd773ef-3640-4934-98fd-240a1ed867be"><testcase classname="tests.test_ticket_reply_endpoint.TestTicketReplyEndpoint" name="test_reply_endpoint_success" time="0.381" /><testcase classname="tests.test_ticket_reply_endpoint.TestTicketReplyEndpoint" name="test_reply_with_existing_ticket" time="0.158" /><testcase classname="tests.test_ticket_reply_endpoint.TestTicketReplyEndpoint" name="test_reply_missing_text" time="0.237" /><testcase classname="tests.test_ticket_reply_endpoint.TestReplyDataPersistence" name="test_reply_writes_to_service_desk_tickets" time="0.271" /><testcase classname="tests.test_ticket_reply_endpoint.TestAdminNotificationCreation" name="test_admin_notification_created_on_reply" time="0.472" /><testcase classname="tests.test_ticket_reply_endpoint.TestEndpointIntegration" name="test_find_existing_ticket_for_reply" time="0.110" /><testcase classname="tests.test_ticket_reply_endpoint.TestEndpointIntegration" name="test_reply_reopens_resolved_ticket" time="0.113" /></testsuite></testsuites>