<?xml version="1.0" encoding="utf-8"?><testsuites name="pytest tests"><testsuite name="pytest" errors="0" failures="0" skipped="0" tests="11" time="43.335" timestamp="2026-02-07T00:44:03.297081+00:00" hostname="agent-env-f2dddbe3-ad73-4edd-bcbb-b6e7c9bfc363"><testcase classname="backend.tests.test_mira_demo_iteration.TestMiraOSUnderstandWithProducts" name="test_endpoint_accessible" time="5.593" /><testcase classname="backend.tests.test_mira_demo_iteration.TestMiraOSUnderstandWithProducts" name="test_concierge_response_rich_birthday_plan" time="11.180" /><testcase classname="backend.tests.test_mira_demo_iteration.TestMiraOSUnderstandWithProducts" name="test_response_has_products_suggestions" time="6.203" /><testcase classname="backend.tests.test_mira_demo_iteration.TestMiraOSUnderstandWithProducts" name="test_intent_classification" time="19.593" /><testcase classname="backend.tests.test_mira_demo_iteration.TestMiraFeedback" name="test_submit_positive_feedback" time="0.059" /><testcase classname="backend.tests.test_mira_demo_iteration.TestMiraFeedback" name="test_submit_negative_feedback" time="0.046" /><testcase classname="backend.tests.test_mira_demo_iteration.TestMiraRemember" name="test_remember_requires_auth" time="0.043" /><testcase classname="backend.tests.test_mira_demo_iteration.TestMiraRemember" name="test_remember_with_auth" time="0.387" /><testcase classname="backend.tests.test_mira_demo_iteration.TestMiraRemember" name="test_get_pet_memories" time="0.081" /><testcase classname="backend.tests.test_mira_demo_iteration.TestHealthEndpoints" name="test_api_health" time="0.039" /><testcase classname="backend.tests.test_mira_demo_iteration.TestHealthEndpoints" name="test_db_health" time="0.039" /></testsuite></testsuites>