<?xml version="1.0" encoding="utf-8"?><testsuites name="pytest tests"><testsuite name="pytest" errors="0" failures="0" skipped="0" tests="18" time="12.162" timestamp="2026-04-12T03:49:01.864722+00:00" hostname="agent-env-deb3d7ab-fbf9-47f5-9e4a-27e4ef0c08c6"><testcase classname="backend.tests.test_rainbow_bridge_263.TestRainbowBridgeWall" name="test_wall_returns_200" time="8.747" /><testcase classname="backend.tests.test_rainbow_bridge_263.TestRainbowBridgeWall" name="test_wall_has_memorials_key" time="0.712" /><testcase classname="backend.tests.test_rainbow_bridge_263.TestRainbowBridgeWall" name="test_wall_contains_mystique" time="0.155" /><testcase classname="backend.tests.test_rainbow_bridge_263.TestRainbowBridgeWall" name="test_wall_only_shows_active" time="0.152" /><testcase classname="backend.tests.test_rainbow_bridge_263.TestSubmitMemorial" name="test_submit_requires_auth" time="0.151" /><testcase classname="backend.tests.test_rainbow_bridge_263.TestSubmitMemorial" name="test_submit_requires_pet_name" time="0.524" /><testcase classname="backend.tests.test_rainbow_bridge_263.TestSubmitMemorial" name="test_submit_success" time="0.125" /><testcase classname="backend.tests.test_rainbow_bridge_263.TestSubmitMemorial" name="test_submit_stores_as_pending" time="0.119" /><testcase classname="backend.tests.test_rainbow_bridge_263.TestAdminPendingMemorials" name="test_pending_requires_admin_auth" time="0.127" /><testcase classname="backend.tests.test_rainbow_bridge_263.TestAdminPendingMemorials" name="test_pending_with_admin_auth" time="0.151" /><testcase classname="backend.tests.test_rainbow_bridge_263.TestAdminPendingMemorials" name="test_pending_response_structure" time="0.183" /><testcase classname="backend.tests.test_rainbow_bridge_263.TestAdminPendingMemorials" name="test_pending_memorials_are_pending" time="0.137" /><testcase classname="backend.tests.test_rainbow_bridge_263.TestAdminApproveMemorial" name="test_approve_requires_admin" time="0.125" /><testcase classname="backend.tests.test_rainbow_bridge_263.TestAdminApproveMemorial" name="test_approve_nonexistent_returns_404" time="0.127" /><testcase classname="backend.tests.test_rainbow_bridge_263.TestAdminApproveMemorial" name="test_approve_submitted_memorial" time="0.139" /><testcase classname="backend.tests.test_rainbow_bridge_263.TestAdminApproveMemorial" name="test_approved_memorial_appears_on_wall" time="0.127" /><testcase classname="backend.tests.test_rainbow_bridge_263.TestAdminApproveMemorial" name="test_approved_not_in_pending_list" time="0.126" /><testcase classname="backend.tests.test_rainbow_bridge_263.TestCleanup" name="test_cleanup_test_memorial" time="0.138" /></testsuite></testsuites>