<?xml version="1.0" encoding="utf-8"?><testsuites name="pytest tests"><testsuite name="pytest" errors="0" failures="0" skipped="0" tests="15" time="25.214" timestamp="2026-03-17T03:42:10.489606+00:00" hostname="agent-env-caaec29a-82d3-43f5-80f4-9906e237823f"><testcase classname="backend.tests.test_service_fixes.TestCelebrateImages" name="test_celebrate_services_have_images" time="8.474" /><testcase classname="backend.tests.test_service_fixes.TestCelebrateImages" name="test_some_celebrate_services_have_cloudinary_images" time="13.852" /><testcase classname="backend.tests.test_service_fixes.TestCelebrateImages" name="test_celebrate_services_api_response_structure" time="0.278" /><testcase classname="backend.tests.test_service_fixes.TestInactiveServicesFilter" name="test_is_active_true_filter_returns_only_active" time="0.150" /><testcase classname="backend.tests.test_service_fixes.TestInactiveServicesFilter" name="test_is_active_false_filter_returns_inactive" time="0.111" /><testcase classname="backend.tests.test_service_fixes.TestInactiveServicesFilter" name="test_no_filter_returns_both_active_and_inactive" time="0.160" /><testcase classname="backend.tests.test_service_fixes.TestHardDelete" name="test_delete_removes_service_permanently" time="0.543" /><testcase classname="backend.tests.test_service_fixes.TestHardDelete" name="test_delete_nonexistent_service_returns_404" time="0.146" /><testcase classname="backend.tests.test_service_fixes.TestHardDelete" name="test_deleted_service_not_in_list" time="0.371" /><testcase classname="backend.tests.test_service_fixes.TestWronglyClassifiedProducts" name="test_snuffle_mat_not_in_services" time="0.152" /><testcase classname="backend.tests.test_service_fixes.TestWronglyClassifiedProducts" name="test_airtight_food_container_not_in_services" time="0.175" /><testcase classname="backend.tests.test_service_fixes.TestWronglyClassifiedProducts" name="test_oatmeal_shampoo_not_in_services" time="0.277" /><testcase classname="backend.tests.test_service_fixes.TestServiceStats" name="test_stats_endpoint" time="0.120" /><testcase classname="backend.tests.test_service_fixes.TestServiceActiveFilterInFrontend" name="test_services_page_query_active_only" time="0.179" /><testcase classname="backend.tests.test_service_fixes.TestServiceActiveFilterInFrontend" name="test_celebrate_page_services_query" time="0.135" /></testsuite></testsuites>