<?xml version="1.0" encoding="utf-8"?><testsuites name="pytest tests"><testsuite name="pytest" errors="0" failures="0" skipped="1" tests="20" time="5.982" timestamp="2026-04-11T03:01:09.744933+00:00" hostname="agent-env-deb3d7ab-fbf9-47f5-9e4a-27e4ef0c08c6"><testcase classname="backend.tests.test_soul_profile_fixes_iter100.TestSoulScoreSync" name="test_soul_profile_endpoint_returns_200" time="2.498" /><testcase classname="backend.tests.test_soul_profile_fixes_iter100.TestSoulScoreSync" name="test_soul_profile_contains_required_fields" time="0.197" /><testcase classname="backend.tests.test_soul_profile_fixes_iter100.TestSoulScoreSync" name="test_soul_score_is_non_zero_for_pet_with_answers" time="0.155" /><testcase classname="backend.tests.test_soul_profile_fixes_iter100.TestSoulScoreSync" name="test_soul_profile_contains_soul_answers" time="0.154" /><testcase classname="backend.tests.test_soul_profile_fixes_iter100.TestSoulScoreSync" name="test_soul_profile_404_for_nonexistent_pet" time="0.146" /><testcase classname="backend.tests.test_soul_profile_fixes_iter100.TestSoulScoreSync" name="test_soul_score_tier_present_for_mojo" time="0.159" /><testcase classname="backend.tests.test_soul_profile_fixes_iter100.TestSoulScoreSync" name="test_soul_profile_answered_count_for_mojo" time="0.182" /><testcase classname="backend.tests.test_soul_profile_fixes_iter100.TestPillarSoulModalFilter" name="test_mojo_soul_answers_exist" time="0.139" /><testcase classname="backend.tests.test_soul_profile_fixes_iter100.TestPillarSoulModalFilter" name="test_soul_answers_contain_expected_fields" time="0.150" /><testcase classname="backend.tests.test_soul_profile_fixes_iter100.TestPillarSoulModalFilter" name="test_get_pet_api_has_doggy_soul_answers" time="0.542" /><testcase classname="backend.tests.test_soul_profile_fixes_iter100.TestInferArchetype" name="test_infer_archetype_returns_200" time="0.129" /><testcase classname="backend.tests.test_soul_profile_fixes_iter100.TestInferArchetype" name="test_infer_archetype_returns_archetype_field" time="0.105" /><testcase classname="backend.tests.test_soul_profile_fixes_iter100.TestInferArchetype" name="test_infer_archetype_returns_archetype_label" time="0.147" /><testcase classname="backend.tests.test_soul_profile_fixes_iter100.TestInferArchetype" name="test_infer_archetype_mojo_is_wild_explorer" time="0.140" /><testcase classname="backend.tests.test_soul_profile_fixes_iter100.TestInferArchetype" name="test_infer_archetype_returns_pet_info" time="0.161" /><testcase classname="backend.tests.test_soul_profile_fixes_iter100.TestInferArchetype" name="test_infer_archetype_returns_reason" time="0.128" /><testcase classname="backend.tests.test_soul_profile_fixes_iter100.TestInferArchetype" name="test_infer_archetype_no_auth_also_works" time="0.156" /><testcase classname="backend.tests.test_soul_profile_fixes_iter100.TestInferArchetype" name="test_infer_archetype_404_for_unknown_pet" time="0.105" /><testcase classname="backend.tests.test_soul_profile_fixes_iter100.TestInferArchetype" name="test_infer_archetype_persists_to_db" time="0.317" /><testcase classname="backend.tests.test_soul_profile_fixes_iter100.TestInferArchetype" name="test_infer_archetype_default_for_pet_without_answers" time="0.167"><skipped type="pytest.skip" message="No pet without soul answers found for this test">/app/backend/tests/test_soul_profile_fixes_iter100.py:267: No pet without soul answers found for this test</skipped></testcase></testsuite></testsuites>